2020-05-15 16:33:57.417 +08:00 [identitys_api] [Information] SkyApm.InstrumentStartup : Initializing ...
2020-05-15 16:33:57.483 +08:00 [identitys_api] [Information] SkyApm.Service.RegisterService : Loaded instrument service [SkyApm.Service.RegisterService].
2020-05-15 16:33:57.484 +08:00 [identitys_api] [Information] SkyApm.Service.PingService : Loaded instrument service [SkyApm.Service.PingService].
2020-05-15 16:33:57.484 +08:00 [identitys_api] [Information] SkyApm.Service.ServiceDiscoveryV5Service : Loaded instrument service [SkyApm.Service.ServiceDiscoveryV5Service].
2020-05-15 16:33:57.484 +08:00 [identitys_api] [Information] SkyApm.Service.SegmentReportService : Loaded instrument service [SkyApm.Service.SegmentReportService].
2020-05-15 16:33:57.485 +08:00 [identitys_api] [Information] SkyApm.Service.CLRStatsService : Loaded instrument service [SkyApm.Service.CLRStatsService].
2020-05-15 16:33:57.485 +08:00 [identitys_api] [Information] SkyApm.Sampling.SimpleCountSamplingInterceptor : Loaded instrument service [SkyApm.Sampling.SimpleCountSamplingInterceptor].
2020-05-15 16:33:57.485 +08:00 [identitys_api] [Information] SkyApm.Transport.Grpc.V6.ConnectService : Loaded instrument service [SkyApm.Transport.Grpc.V6.ConnectService].
2020-05-15 16:33:57.734 +08:00 [identitys_api] [Information] SkyApm.Diagnostics.TracingDiagnosticProcessorObserver : Loaded diagnostic listener [HttpHandlerDiagnosticListener].
2020-05-15 16:33:57.735 +08:00 [identitys_api] [Information] SkyApm.Diagnostics.TracingDiagnosticProcessorObserver : Loaded diagnostic listener [Microsoft.AspNetCore].
2020-05-15 16:33:57.735 +08:00 [identitys_api] [Information] SkyApm.InstrumentStartup : Started SkyAPM .NET Core Agent.
2020-05-15 16:33:57.875 +08:00 [identitys_api] [Information] SkyApm.Transport.Grpc.ConnectionManager : Connected server[localhost:11800].
2020-05-15 16:33:58.818 +08:00 [identitys_api] [Information] SkyApm.Service.RegisterService : Registered Service[Id=5].
2020-05-15 16:33:59.360 +08:00 [identitys_api] [Information] SkyApm.Service.RegisterService : Registered ServiceInstance[Id=8].
2020-05-15 16:34:03.521 +08:00 [identitys_api] [Information] SkyApm.Transport.Grpc.V6.SegmentReporter : Report 1 trace segment. cost: 00:00:00.0306012s
2020-05-15 16:34:06.493 +08:00 [identitys_api] [Information] SkyApm.Transport.Grpc.V6.SegmentReporter : Report 1 trace segment. cost: 00:00:00.0024564s
2020-05-15 16:34:09.494 +08:00 [identitys_api] [Information] SkyApm.Transport.Grpc.V6.SegmentReporter : Report 2 trace segment. cost: 00:00:00.0035007s
2020-05-15 16:34:15.494 +08:00 [identitys_api] [Information] SkyApm.Transport.Grpc.V6.SegmentReporter : Report 2 trace segment. cost: 00:00:00.0040967s
2020-05-15 16:34:18.493 +08:00 [identitys_api] [Information] SkyApm.Transport.Grpc.V6.SegmentReporter : Report 1 trace segment. cost: 00:00:00.0019495s
2020-05-15 16:34:21.493 +08:00 [identitys_api] [Information] SkyApm.Transport.Grpc.V6.SegmentReporter : Report 1 trace segment. cost: 00:00:00.0021780s
2020-05-15 16:34:24.494 +08:00 [identitys_api] [Information] SkyApm.Transport.Grpc.V6.SegmentReporter : Report 2 trace segment. cost: 00:00:00.0030645s
2020-05-15 16:34:27.518 +08:00 [identitys_api] [Information] SkyApm.Service.PingService : Ping server @2020/5/15 8:34:27 +00:00
2020-05-15 16:34:27.520 +08:00 [identitys_api] [Information] SkyApm.Service.CLRStatsService : Report CLR Stats. CPU UsagePercent 0 GenCollectCount 0 0 0 10M ThreadPool 32764 32767 1000 1000
2020-05-15 16:34:30.492 +08:00 [identitys_api] [Information] SkyApm.Transport.Grpc.V6.SegmentReporter : Report 2 trace segment. cost: 00:00:00.0024145s
2020-05-15 16:34:33.496 +08:00 [identitys_api] [Information] SkyApm.Transport.Grpc.V6.SegmentReporter : Report 1 trace segment. cost: 00:00:00.0019933s
2020-05-15 16:34:36.492 +08:00 [identitys_api] [Information] SkyApm.Transport.Grpc.V6.SegmentReporter : Report 1 trace segment. cost: 00:00:00.0019373s
2020-05-15 16:34:39.493 +08:00 [identitys_api] [Information] SkyApm.Transport.Grpc.V6.SegmentReporter : Report 2 trace segment. cost: 00:00:00.0024993s
2020-05-15 16:34:45.494 +08:00 [identitys_api] [Information] SkyApm.Transport.Grpc.V6.SegmentReporter : Report 2 trace segment. cost: 00:00:00.0021099s
2020-05-15 16:34:48.495 +08:00 [identitys_api] [Information] SkyApm.Transport.Grpc.V6.SegmentReporter : Report 1 trace segment. cost: 00:00:00.0027058s
2020-05-15 16:34:51.498 +08:00 [identitys_api] [Information] SkyApm.Transport.Grpc.V6.SegmentReporter : Report 1 trace segment. cost: 00:00:00.0054544s
2020-05-15 16:34:54.489 +08:00 [identitys_api] [Information] SkyApm.Transport.Grpc.V6.SegmentReporter : Report 2 trace segment. cost: 00:00:00.0021991s
2020-05-15 16:34:57.499 +08:00 [identitys_api] [Information] SkyApm.Service.CLRStatsService : Report CLR Stats. CPU UsagePercent 0 GenCollectCount 0 0 0 11M ThreadPool 32759 32767 1000 1000
2020-05-15 16:35:00.496 +08:00 [identitys_api] [Information] SkyApm.Transport.Grpc.V6.SegmentReporter : Report 2 trace segment. cost: 00:00:00.0029142s
2020-05-15 16:35:03.498 +08:00 [identitys_api] [Information] SkyApm.Transport.Grpc.V6.SegmentReporter : Report 1 trace segment. cost: 00:00:00.0018888s
2020-05-15 16:35:06.496 +08:00 [identitys_api] [Information] SkyApm.Transport.Grpc.V6.SegmentReporter : Report 1 trace segment. cost: 00:00:00.0015481s
2020-05-15 16:35:09.494 +08:00 [identitys_api] [Information] SkyApm.Transport.Grpc.V6.SegmentReporter : Report 2 trace segment. cost: 00:00:00.0018983s
2020-05-15 16:35:15.492 +08:00 [identitys_api] [Information] SkyApm.Transport.Grpc.V6.SegmentReporter : Report 2 trace segment. cost: 00:00:00.0028040s
2020-05-15 16:35:18.497 +08:00 [identitys_api] [Information] SkyApm.Transport.Grpc.V6.SegmentReporter : Report 1 trace segment. cost: 00:00:00.0022042s
2020-05-15 16:35:21.496 +08:00 [identitys_api] [Information] SkyApm.Transport.Grpc.V6.SegmentReporter : Report 1 trace segment. cost: 00:00:00.0020228s
2020-05-15 16:35:24.500 +08:00 [identitys_api] [Information] SkyApm.Transport.Grpc.V6.SegmentReporter : Report 2 trace segment. cost: 00:00:00.0050253s
2020-05-15 16:35:27.497 +08:00 [identitys_api] [Information] SkyApm.Service.PingService : Ping server @2020/5/15 8:35:27 +00:00
2020-05-15 16:35:27.497 +08:00 [identitys_api] [Information] SkyApm.Service.CLRStatsService : Report CLR Stats. CPU UsagePercent 0 GenCollectCount 0 0 0 12M ThreadPool 32758 32767 1000 1000
2020-05-15 16:35:30.501 +08:00 [identitys_api] [Information] SkyApm.Transport.Grpc.V6.SegmentReporter : Report 2 trace segment. cost: 00:00:00.0093666s
2020-05-15 16:35:33.494 +08:00 [identitys_api] [Information] SkyApm.Transport.Grpc.V6.SegmentReporter : Report 1 trace segment. cost: 00:00:00.0018828s
2020-05-15 16:35:36.492 +08:00 [identitys_api] [Information] SkyApm.Transport.Grpc.V6.SegmentReporter : Report 1 trace segment. cost: 00:00:00.0014537s
2020-05-15 16:35:39.497 +08:00 [identitys_api] [Information] SkyApm.Transport.Grpc.V6.SegmentReporter : Report 2 trace segment. cost: 00:00:00.0044302s
2020-05-15 16:35:45.492 +08:00 [identitys_api] [Information] SkyApm.Transport.Grpc.V6.SegmentReporter : Report 2 trace segment. cost: 00:00:00.0018332s
2020-05-15 16:35:48.496 +08:00 [identitys_api] [Information] SkyApm.Transport.Grpc.V6.SegmentReporter : Report 1 trace segment. cost: 00:00:00.0024690s
2020-05-15 16:35:51.492 +08:00 [identitys_api] [Information] SkyApm.Transport.Grpc.V6.SegmentReporter : Report 1 trace segment. cost: 00:00:00.0017884s
2020-05-15 16:35:54.494 +08:00 [identitys_api] [Information] SkyApm.Transport.Grpc.V6.SegmentReporter : Report 2 trace segment. cost: 00:00:00.0023014s
2020-05-15 16:35:57.498 +08:00 [identitys_api] [Information] SkyApm.Service.CLRStatsService : Report CLR Stats. CPU UsagePercent 0 GenCollectCount 0 0 0 13M ThreadPool 32756 32767 1000 1000
2020-05-15 16:36:00.499 +08:00 [identitys_api] [Information] SkyApm.Transport.Grpc.V6.SegmentReporter : Report 2 trace segment. cost: 00:00:00.0050761s
2020-05-15 16:36:03.494 +08:00 [identitys_api] [Information] SkyApm.Transport.Grpc.V6.SegmentReporter : Report 1 trace segment. cost: 00:00:00.0014872s
2020-05-15 16:36:06.486 +08:00 [identitys_api] [Information] SkyApm.Transport.Grpc.V6.SegmentReporter : Report 1 trace segment. cost: 00:00:00.0013894s
2020-05-15 16:36:09.488 +08:00 [identitys_api] [Information] SkyApm.Transport.Grpc.V6.SegmentReporter : Report 2 trace segment. cost: 00:00:00.0019801s
2020-05-15 16:36:15.493 +08:00 [identitys_api] [Information] SkyApm.Transport.Grpc.V6.SegmentReporter : Report 2 trace segment. cost: 00:00:00.0021156s
2020-05-15 16:36:18.492 +08:00 [identitys_api] [Information] SkyApm.Transport.Grpc.V6.SegmentReporter : Report 1 trace segment. cost: 00:00:00.0017563s
2020-05-15 16:36:21.494 +08:00 [identitys_api] [Information] SkyApm.Transport.Grpc.V6.SegmentReporter : Report 1 trace segment. cost: 00:00:00.0023546s
2020-05-15 16:36:24.532 +08:00 [identitys_api] [Information] SkyApm.Transport.Grpc.V6.SegmentReporter : Report 2 trace segment. cost: 00:00:00.0326875s
2020-05-15 16:36:27.498 +08:00 [identitys_api] [Information] SkyApm.Service.CLRStatsService : Report CLR Stats. CPU UsagePercent 0 GenCollectCount 0 0 0 15M ThreadPool 32761 32767 1000 1000
2020-05-15 16:36:27.499 +08:00 [identitys_api] [Information] SkyApm.Service.PingService : Ping server @2020/5/15 8:36:27 +00:00
2020-05-15 16:36:30.495 +08:00 [identitys_api] [Information] SkyApm.Transport.Grpc.V6.SegmentReporter : Report 2 trace segment. cost: 00:00:00.0021629s
2020-05-15 16:36:33.495 +08:00 [identitys_api] [Information] SkyApm.Transport.Grpc.V6.SegmentReporter : Report 1 trace segment. cost: 00:00:00.0015608s
2020-05-15 16:36:36.492 +08:00 [identitys_api] [Information] SkyApm.Transport.Grpc.V6.SegmentReporter : Report 1 trace segment. cost: 00:00:00.0013267s
2020-05-15 16:36:39.515 +08:00 [identitys_api] [Information] SkyApm.Transport.Grpc.V6.SegmentReporter : Report 2 trace segment. cost: 00:00:00.0136621s
2020-05-15 16:36:45.496 +08:00 [identitys_api] [Information] SkyApm.Transport.Grpc.V6.SegmentReporter : Report 2 trace segment. cost: 00:00:00.0015808s
2020-05-15 16:36:48.495 +08:00 [identitys_api] [Information] SkyApm.Transport.Grpc.V6.SegmentReporter : Report 1 trace segment. cost: 00:00:00.0013458s
2020-05-15 16:36:51.495 +08:00 [identitys_api] [Information] SkyApm.Transport.Grpc.V6.SegmentReporter : Report 1 trace segment. cost: 00:00:00.0024596s
2020-05-15 16:36:54.493 +08:00 [identitys_api] [Information] SkyApm.Transport.Grpc.V6.SegmentReporter : Report 1 trace segment. cost: 00:00:00.0027387s
2020-05-15 16:36:57.495 +08:00 [identitys_api] [Information] SkyApm.Service.CLRStatsService : Report CLR Stats. CPU UsagePercent 0 GenCollectCount 0 0 0 16M ThreadPool 32761 32767 1000 1000
2020-05-15 16:36:57.495 +08:00 [identitys_api] [Information] SkyApm.Transport.Grpc.V6.SegmentReporter : Report 1 trace segment. cost: 00:00:00.0018274s
2020-05-15 16:37:00.495 +08:00 [identitys_api] [Information] SkyApm.Transport.Grpc.V6.SegmentReporter : Report 2 trace segment. cost: 00:00:00.0028693s
2020-05-15 16:37:03.488 +08:00 [identitys_api] [Information] SkyApm.Transport.Grpc.V6.SegmentReporter : Report 1 trace segment. cost: 00:00:00.0013769s
2020-05-15 16:37:06.494 +08:00 [identitys_api] [Information] SkyApm.Transport.Grpc.V6.SegmentReporter : Report 1 trace segment. cost: 00:00:00.0021344s
2020-05-15 16:37:09.518 +08:00 [identitys_api] [Information] SkyApm.Transport.Grpc.V6.SegmentReporter : Report 1 trace segment. cost: 00:00:00.0231322s
2020-05-15 16:37:12.492 +08:00 [identitys_api] [Information] SkyApm.Transport.Grpc.V6.SegmentReporter : Report 1 trace segment. cost: 00:00:00.0011448s
2020-05-15 16:37:15.498 +08:00 [identitys_api] [Information] SkyApm.Transport.Grpc.V6.SegmentReporter : Report 2 trace segment. cost: 00:00:00.0016773s
2020-05-15 16:37:18.495 +08:00 [identitys_api] [Information] SkyApm.Transport.Grpc.V6.SegmentReporter : Report 1 trace segment. cost: 00:00:00.0020036s
2020-05-15 16:37:21.491 +08:00 [identitys_api] [Information] SkyApm.Transport.Grpc.V6.SegmentReporter : Report 1 trace segment. cost: 00:00:00.0018471s
2020-05-15 16:37:24.520 +08:00 [identitys_api] [Information] SkyApm.Transport.Grpc.V6.SegmentReporter : Report 1 trace segment. cost: 00:00:00.0217029s
2020-05-15 16:37:27.497 +08:00 [identitys_api] [Information] SkyApm.Service.CLRStatsService : Report CLR Stats. CPU UsagePercent 0 GenCollectCount 0 0 0 17M ThreadPool 32761 32767 1000 1000
2020-05-15 16:37:27.497 +08:00 [identitys_api] [Information] SkyApm.Service.PingService : Ping server @2020/5/15 8:37:27 +00:00
2020-05-15 16:37:27.498 +08:00 [identitys_api] [Information] SkyApm.Transport.Grpc.V6.SegmentReporter : Report 1 trace segment. cost: 00:00:00.0034487s
2020-05-15 16:37:30.496 +08:00 [identitys_api] [Information] SkyApm.Transport.Grpc.V6.SegmentReporter : Report 2 trace segment. cost: 00:00:00.0021103s
2020-05-15 16:37:33.494 +08:00 [identitys_api] [Information] SkyApm.Transport.Grpc.V6.SegmentReporter : Report 1 trace segment. cost: 00:00:00.0017968s
2020-05-15 16:37:36.492 +08:00 [identitys_api] [Information] SkyApm.Transport.Grpc.V6.SegmentReporter : Report 1 trace segment. cost: 00:00:00.0013349s
2020-05-15 16:37:39.518 +08:00 [identitys_api] [Information] SkyApm.Transport.Grpc.V6.SegmentReporter : Report 1 trace segment. cost: 00:00:00.0201033s
2020-05-15 16:37:42.497 +08:00 [identitys_api] [Information] SkyApm.Transport.Grpc.V6.SegmentReporter : Report 1 trace segment. cost: 00:00:00.0033959s
2020-05-15 16:37:45.496 +08:00 [identitys_api] [Information] SkyApm.Transport.Grpc.V6.SegmentReporter : Report 2 trace segment. cost: 00:00:00.0017950s
2020-05-15 16:37:48.494 +08:00 [identitys_api] [Information] SkyApm.Transport.Grpc.V6.SegmentReporter : Report 1 trace segment. cost: 00:00:00.0019229s
2020-05-15 16:37:51.496 +08:00 [identitys_api] [Information] SkyApm.Transport.Grpc.V6.SegmentReporter : Report 1 trace segment. cost: 00:00:00.0012697s
2020-05-15 16:37:54.511 +08:00 [identitys_api] [Information] SkyApm.Transport.Grpc.V6.SegmentReporter : Report 1 trace segment. cost: 00:00:00.0168646s
2020-05-15 16:37:57.498 +08:00 [identitys_api] [Information] SkyApm.Transport.Grpc.V6.SegmentReporter : Report 1 trace segment. cost: 00:00:00.0017136s
2020-05-15 16:37:57.498 +08:00 [identitys_api] [Information] SkyApm.Service.CLRStatsService : Report CLR Stats. CPU UsagePercent 0 GenCollectCount 0 0 0 18M ThreadPool 32758 32767 1000 1000
2020-05-15 16:38:00.494 +08:00 [identitys_api] [Information] SkyApm.Transport.Grpc.V6.SegmentReporter : Report 2 trace segment. cost: 00:00:00.0033863s
2020-05-15 16:38:06.493 +08:00 [identitys_api] [Information] SkyApm.Transport.Grpc.V6.SegmentReporter : Report 2 trace segment. cost: 00:00:00.0028352s
2020-05-15 16:38:09.486 +08:00 [identitys_api] [Information] SkyApm.Transport.Grpc.V6.SegmentReporter : Report 1 trace segment. cost: 00:00:00.0015418s
2020-05-15 16:38:12.492 +08:00 [identitys_api] [Information] SkyApm.Transport.Grpc.V6.SegmentReporter : Report 1 trace segment. cost: 00:00:00.0018624s
2020-05-15 16:38:15.492 +08:00 [identitys_api] [Information] SkyApm.Transport.Grpc.V6.SegmentReporter : Report 2 trace segment. cost: 00:00:00.0017369s
2020-05-15 16:38:21.495 +08:00 [identitys_api] [Information] SkyApm.Transport.Grpc.V6.SegmentReporter : Report 2 trace segment. cost: 00:00:00.0022539s
2020-05-15 16:38:24.494 +08:00 [identitys_api] [Information] SkyApm.Transport.Grpc.V6.SegmentReporter : Report 1 trace segment. cost: 00:00:00.0017719s
2020-05-15 16:38:27.495 +08:00 [identitys_api] [Information] SkyApm.Service.CLRStatsService : Report CLR Stats. CPU UsagePercent 0 GenCollectCount 0 0 0 19M ThreadPool 32758 32767 1000 1000
2020-05-15 16:38:27.495 +08:00 [identitys_api] [Information] SkyApm.Service.PingService : Ping server @2020/5/15 8:38:27 +00:00
2020-05-15 16:38:27.495 +08:00 [identitys_api] [Information] SkyApm.Transport.Grpc.V6.SegmentReporter : Report 1 trace segment. cost: 00:00:00.0018654s
2020-05-15 16:38:30.497 +08:00 [identitys_api] [Information] SkyApm.Transport.Grpc.V6.SegmentReporter : Report 2 trace segment. cost: 00:00:00.0025317s
2020-05-15 16:38:36.496 +08:00 [identitys_api] [Information] SkyApm.Transport.Grpc.V6.SegmentReporter : Report 2 trace segment. cost: 00:00:00.0058744s
2020-05-15 16:38:39.493 +08:00 [identitys_api] [Information] SkyApm.Transport.Grpc.V6.SegmentReporter : Report 1 trace segment. cost: 00:00:00.0027774s
2020-05-15 16:38:42.494 +08:00 [identitys_api] [Information] SkyApm.Transport.Grpc.V6.SegmentReporter : Report 1 trace segment. cost: 00:00:00.0011394s
2020-05-15 16:38:45.494 +08:00 [identitys_api] [Information] SkyApm.Transport.Grpc.V6.SegmentReporter : Report 2 trace segment. cost: 00:00:00.0036891s
2020-05-15 16:38:51.486 +08:00 [identitys_api] [Information] SkyApm.Transport.Grpc.V6.SegmentReporter : Report 2 trace segment. cost: 00:00:00.0015752s
2020-05-15 16:38:54.491 +08:00 [identitys_api] [Information] SkyApm.Transport.Grpc.V6.SegmentReporter : Report 1 trace segment. cost: 00:00:00.0013140s
2020-05-15 16:38:57.497 +08:00 [identitys_api] [Information] SkyApm.Service.CLRStatsService : Report CLR Stats. CPU UsagePercent 0 GenCollectCount 0 0 0 20M ThreadPool 32759 32767 1000 1000
2020-05-15 16:38:57.500 +08:00 [identitys_api] [Information] SkyApm.Transport.Grpc.V6.SegmentReporter : Report 1 trace segment. cost: 00:00:00.0050209s
2020-05-15 16:39:00.500 +08:00 [identitys_api] [Information] SkyApm.Transport.Grpc.V6.SegmentReporter : Report 2 trace segment. cost: 00:00:00.0054425s
2020-05-15 16:44:07.717 +08:00 [identitys_api] [Information] SkyApm.InstrumentStartup : Initializing ...
2020-05-15 16:44:07.747 +08:00 [identitys_api] [Information] SkyApm.Service.RegisterService : Loaded instrument service [SkyApm.Service.RegisterService].
2020-05-15 16:44:07.748 +08:00 [identitys_api] [Information] SkyApm.Service.PingService : Loaded instrument service [SkyApm.Service.PingService].
2020-05-15 16:44:07.748 +08:00 [identitys_api] [Information] SkyApm.Service.ServiceDiscoveryV5Service : Loaded instrument service [SkyApm.Service.ServiceDiscoveryV5Service].
2020-05-15 16:44:07.748 +08:00 [identitys_api] [Information] SkyApm.Service.SegmentReportService : Loaded instrument service [SkyApm.Service.SegmentReportService].
2020-05-15 16:44:07.748 +08:00 [identitys_api] [Information] SkyApm.Service.CLRStatsService : Loaded instrument service [SkyApm.Service.CLRStatsService].
2020-05-15 16:44:07.749 +08:00 [identitys_api] [Information] SkyApm.Sampling.SimpleCountSamplingInterceptor : Loaded instrument service [SkyApm.Sampling.SimpleCountSamplingInterceptor].
2020-05-15 16:44:07.749 +08:00 [identitys_api] [Information] SkyApm.Transport.Grpc.V6.ConnectService : Loaded instrument service [SkyApm.Transport.Grpc.V6.ConnectService].
2020-05-15 16:44:07.853 +08:00 [identitys_api] [Information] SkyApm.Diagnostics.TracingDiagnosticProcessorObserver : Loaded diagnostic listener [HttpHandlerDiagnosticListener].
2020-05-15 16:44:07.857 +08:00 [identitys_api] [Information] SkyApm.Diagnostics.TracingDiagnosticProcessorObserver : Loaded diagnostic listener [Microsoft.AspNetCore].
2020-05-15 16:44:07.857 +08:00 [identitys_api] [Information] SkyApm.InstrumentStartup : Started SkyAPM .NET Core Agent.
2020-05-15 16:44:08.007 +08:00 [identitys_api] [Information] SkyApm.Transport.Grpc.ConnectionManager : Connected server[localhost:11800].
2020-05-15 16:44:08.401 +08:00 [identitys_api] [Information] SkyApm.Service.RegisterService : Registered Service[Id=5].
2020-05-15 16:44:08.950 +08:00 [identitys_api] [Information] SkyApm.Service.RegisterService : Registered ServiceInstance[Id=11].
2020-05-15 16:44:10.796 +08:00 [identitys_api] [Information] SkyApm.Transport.Grpc.V6.SegmentReporter : Report 1 trace segment. cost: 00:00:00.0299577s
2020-05-15 16:44:13.761 +08:00 [identitys_api] [Information] SkyApm.Transport.Grpc.V6.SegmentReporter : Report 1 trace segment. cost: 00:00:00.0022233s
2020-05-15 16:44:16.760 +08:00 [identitys_api] [Information] SkyApm.Transport.Grpc.V6.SegmentReporter : Report 2 trace segment. cost: 00:00:00.0020736s
2020-05-15 16:44:22.760 +08:00 [identitys_api] [Information] SkyApm.Transport.Grpc.V6.SegmentReporter : Report 2 trace segment. cost: 00:00:00.0028661s
2020-05-15 16:44:25.751 +08:00 [identitys_api] [Information] SkyApm.Transport.Grpc.V6.SegmentReporter : Report 1 trace segment. cost: 00:00:00.0016270s
2020-05-15 16:44:28.764 +08:00 [identitys_api] [Information] SkyApm.Transport.Grpc.V6.SegmentReporter : Report 1 trace segment. cost: 00:00:00.0039756s
2020-05-15 16:44:31.773 +08:00 [identitys_api] [Information] SkyApm.Transport.Grpc.V6.SegmentReporter : Report 2 trace segment. cost: 00:00:00.0143560s
2020-05-15 16:44:37.759 +08:00 [identitys_api] [Information] SkyApm.Transport.Grpc.V6.SegmentReporter : Report 2 trace segment. cost: 00:00:00.0029139s
2020-05-15 16:44:37.774 +08:00 [identitys_api] [Information] SkyApm.Service.PingService : Ping server @2020/5/15 8:44:37 +00:00
2020-05-15 16:44:37.775 +08:00 [identitys_api] [Information] SkyApm.Service.CLRStatsService : Report CLR Stats. CPU UsagePercent 0 GenCollectCount 0 0 0 10M ThreadPool 32764 32767 1000 1000
2020-05-15 16:44:40.761 +08:00 [identitys_api] [Information] SkyApm.Transport.Grpc.V6.SegmentReporter : Report 1 trace segment. cost: 00:00:00.0027496s
2020-05-15 16:44:43.766 +08:00 [identitys_api] [Information] SkyApm.Transport.Grpc.V6.SegmentReporter : Report 1 trace segment. cost: 00:00:00.0075924s
2020-05-15 16:44:46.758 +08:00 [identitys_api] [Information] SkyApm.Transport.Grpc.V6.SegmentReporter : Report 2 trace segment. cost: 00:00:00.0028782s
2020-05-15 16:44:52.758 +08:00 [identitys_api] [Information] SkyApm.Transport.Grpc.V6.SegmentReporter : Report 2 trace segment. cost: 00:00:00.0023824s
2020-05-15 16:44:55.759 +08:00 [identitys_api] [Information] SkyApm.Transport.Grpc.V6.SegmentReporter : Report 1 trace segment. cost: 00:00:00.0026294s
2020-05-15 16:44:58.757 +08:00 [identitys_api] [Information] SkyApm.Transport.Grpc.V6.SegmentReporter : Report 1 trace segment. cost: 00:00:00.0017009s
2020-05-15 16:45:01.758 +08:00 [identitys_api] [Information] SkyApm.Transport.Grpc.V6.SegmentReporter : Report 2 trace segment. cost: 00:00:00.0027890s
2020-05-15 16:45:07.758 +08:00 [identitys_api] [Information] SkyApm.Service.CLRStatsService : Report CLR Stats. CPU UsagePercent 0 GenCollectCount 0 0 0 11M ThreadPool 32757 32767 1000 1000
2020-05-15 16:45:07.766 +08:00 [identitys_api] [Information] SkyApm.Transport.Grpc.V6.SegmentReporter : Report 2 trace segment. cost: 00:00:00.0090329s
2020-05-15 16:45:10.762 +08:00 [identitys_api] [Information] SkyApm.Transport.Grpc.V6.SegmentReporter : Report 1 trace segment. cost: 00:00:00.0044465s
2020-05-15 16:45:13.758 +08:00 [identitys_api] [Information] SkyApm.Transport.Grpc.V6.SegmentReporter : Report 1 trace segment. cost: 00:00:00.0027176s
2020-05-15 16:45:16.759 +08:00 [identitys_api] [Information] SkyApm.Transport.Grpc.V6.SegmentReporter : Report 2 trace segment. cost: 00:00:00.0028089s
2020-05-15 16:45:22.760 +08:00 [identitys_api] [Information] SkyApm.Transport.Grpc.V6.SegmentReporter : Report 2 trace segment. cost: 00:00:00.0019499s
2020-05-15 16:45:25.759 +08:00 [identitys_api] [Information] SkyApm.Transport.Grpc.V6.SegmentReporter : Report 1 trace segment. cost: 00:00:00.0028382s
2020-05-15 16:45:28.760 +08:00 [identitys_api] [Information] SkyApm.Transport.Grpc.V6.SegmentReporter : Report 1 trace segment. cost: 00:00:00.0015921s
2020-05-15 16:45:31.759 +08:00 [identitys_api] [Information] SkyApm.Transport.Grpc.V6.SegmentReporter : Report 2 trace segment. cost: 00:00:00.0025432s
2020-05-15 16:45:37.763 +08:00 [identitys_api] [Information] SkyApm.Service.CLRStatsService : Report CLR Stats. CPU UsagePercent 0 GenCollectCount 0 0 0 12M ThreadPool 32759 32767 1000 1000
2020-05-15 16:45:37.764 +08:00 [identitys_api] [Information] SkyApm.Service.PingService : Ping server @2020/5/15 8:45:37 +00:00
2020-05-15 16:45:37.765 +08:00 [identitys_api] [Information] SkyApm.Transport.Grpc.V6.SegmentReporter : Report 2 trace segment. cost: 00:00:00.0086359s
2020-05-15 16:45:40.759 +08:00 [identitys_api] [Information] SkyApm.Transport.Grpc.V6.SegmentReporter : Report 1 trace segment. cost: 00:00:00.0023442s
2020-05-15 16:45:43.759 +08:00 [identitys_api] [Information] SkyApm.Transport.Grpc.V6.SegmentReporter : Report 1 trace segment. cost: 00:00:00.0021588s
2020-05-15 16:45:46.832 +08:00 [identitys_api] [Information] SkyApm.Transport.Grpc.V6.SegmentReporter : Report 2 trace segment. cost: 00:00:00.0494107s
2020-05-15 16:45:49.764 +08:00 [identitys_api] [Information] SkyApm.Transport.Grpc.V6.SegmentReporter : Report 1 trace segment. cost: 00:00:00.0050750s
2020-05-15 16:45:52.763 +08:00 [identitys_api] [Information] SkyApm.Transport.Grpc.V6.SegmentReporter : Report 4 trace segment. cost: 00:00:00.0047468s
2020-05-15 16:45:55.760 +08:00 [identitys_api] [Information] SkyApm.Transport.Grpc.V6.SegmentReporter : Report 1 trace segment. cost: 00:00:00.0013513s
2020-05-15 16:45:58.760 +08:00 [identitys_api] [Information] SkyApm.Transport.Grpc.V6.SegmentReporter : Report 1 trace segment. cost: 00:00:00.0027492s
2020-05-15 16:46:01.821 +08:00 [identitys_api] [Information] SkyApm.Transport.Grpc.V6.SegmentReporter : Report 2 trace segment. cost: 00:00:00.0552149s
2020-05-15 16:46:07.759 +08:00 [identitys_api] [Information] SkyApm.Service.CLRStatsService : Report CLR Stats. CPU UsagePercent 0 GenCollectCount 0 0 0 15M ThreadPool 32761 32767 1000 1000
2020-05-15 16:46:07.760 +08:00 [identitys_api] [Information] SkyApm.Transport.Grpc.V6.SegmentReporter : Report 2 trace segment. cost: 00:00:00.0033331s
2020-05-15 16:46:10.757 +08:00 [identitys_api] [Information] SkyApm.Transport.Grpc.V6.SegmentReporter : Report 1 trace segment. cost: 00:00:00.0012068s
2020-05-15 16:46:13.762 +08:00 [identitys_api] [Information] SkyApm.Transport.Grpc.V6.SegmentReporter : Report 1 trace segment. cost: 00:00:00.0012795s
2020-05-15 16:46:16.785 +08:00 [identitys_api] [Information] SkyApm.Transport.Grpc.V6.SegmentReporter : Report 3 trace segment. cost: 00:00:00.0167246s
2020-05-15 16:46:19.757 +08:00 [identitys_api] [Information] SkyApm.Transport.Grpc.V6.SegmentReporter : Report 2 trace segment. cost: 00:00:00.0015741s
2020-05-15 16:46:22.751 +08:00 [identitys_api] [Information] SkyApm.Transport.Grpc.V6.SegmentReporter : Report 2 trace segment. cost: 00:00:00.0020658s
2020-05-15 16:46:25.757 +08:00 [identitys_api] [Information] SkyApm.Transport.Grpc.V6.SegmentReporter : Report 1 trace segment. cost: 00:00:00.0013984s
2020-05-15 16:46:28.750 +08:00 [identitys_api] [Information] SkyApm.Transport.Grpc.V6.SegmentReporter : Report 1 trace segment. cost: 00:00:00.0015912s
2020-05-15 16:46:31.795 +08:00 [identitys_api] [Information] SkyApm.Transport.Grpc.V6.SegmentReporter : Report 1 trace segment. cost: 00:00:00.0255466s
2020-05-15 16:46:34.758 +08:00 [identitys_api] [Information] SkyApm.Transport.Grpc.V6.SegmentReporter : Report 1 trace segment. cost: 00:00:00.0014982s
2020-05-15 16:46:37.749 +08:00 [identitys_api] [Information] SkyApm.Service.PingService : Ping server @2020/5/15 8:46:37 +00:00
2020-05-15 16:46:37.750 +08:00 [identitys_api] [Information] SkyApm.Service.CLRStatsService : Report CLR Stats. CPU UsagePercent 0.015625 GenCollectCount 0 0 0 17M ThreadPool 32761 32767 1000 1000
2020-05-15 16:46:37.750 +08:00 [identitys_api] [Information] SkyApm.Transport.Grpc.V6.SegmentReporter : Report 2 trace segment. cost: 00:00:00.0025830s
2020-05-15 16:46:40.750 +08:00 [identitys_api] [Information] SkyApm.Transport.Grpc.V6.SegmentReporter : Report 1 trace segment. cost: 00:00:00.0015100s
2020-05-15 16:46:43.757 +08:00 [identitys_api] [Information] SkyApm.Transport.Grpc.V6.SegmentReporter : Report 1 trace segment. cost: 00:00:00.0013929s
2020-05-15 16:46:46.787 +08:00 [identitys_api] [Information] SkyApm.Transport.Grpc.V6.SegmentReporter : Report 1 trace segment. cost: 00:00:00.0219398s
2020-05-15 16:46:49.758 +08:00 [identitys_api] [Information] SkyApm.Transport.Grpc.V6.SegmentReporter : Report 1 trace segment. cost: 00:00:00.0018623s
2020-05-15 16:46:52.753 +08:00 [identitys_api] [Information] SkyApm.Transport.Grpc.V6.SegmentReporter : Report 2 trace segment. cost: 00:00:00.0042520s
2020-05-15 16:46:55.759 +08:00 [identitys_api] [Information] SkyApm.Transport.Grpc.V6.SegmentReporter : Report 1 trace segment. cost: 00:00:00.0014943s
2020-05-15 16:46:58.761 +08:00 [identitys_api] [Information] SkyApm.Transport.Grpc.V6.SegmentReporter : Report 1 trace segment. cost: 00:00:00.0021209s
2020-05-15 16:47:01.769 +08:00 [identitys_api] [Information] SkyApm.Transport.Grpc.V6.SegmentReporter : Report 1 trace segment. cost: 00:00:00.0099228s
2020-05-15 16:47:04.757 +08:00 [identitys_api] [Information] SkyApm.Transport.Grpc.V6.SegmentReporter : Report 1 trace segment. cost: 00:00:00.0016474s
2020-05-15 16:47:07.761 +08:00 [identitys_api] [Information] SkyApm.Service.CLRStatsService : Report CLR Stats. CPU UsagePercent 0.015625 GenCollectCount 0 0 0 18M ThreadPool 32760 32767 1000 1000
2020-05-15 16:47:07.766 +08:00 [identitys_api] [Information] SkyApm.Transport.Grpc.V6.SegmentReporter : Report 5 trace segment. cost: 00:00:00.0086832s
2020-05-15 16:47:13.759 +08:00 [identitys_api] [Information] SkyApm.Transport.Grpc.V6.SegmentReporter : Report 2 trace segment. cost: 00:00:00.0018234s
2020-05-15 16:47:16.757 +08:00 [identitys_api] [Information] SkyApm.Transport.Grpc.V6.SegmentReporter : Report 1 trace segment. cost: 00:00:00.0021516s
2020-05-15 16:47:19.756 +08:00 [identitys_api] [Information] SkyApm.Transport.Grpc.V6.SegmentReporter : Report 1 trace segment. cost: 00:00:00.0011721s
2020-05-15 16:47:22.753 +08:00 [identitys_api] [Information] SkyApm.Transport.Grpc.V6.SegmentReporter : Report 2 trace segment. cost: 00:00:00.0025054s
2020-05-15 16:47:28.762 +08:00 [identitys_api] [Information] SkyApm.Transport.Grpc.V6.SegmentReporter : Report 2 trace segment. cost: 00:00:00.0025091s
2020-05-15 16:47:31.758 +08:00 [identitys_api] [Information] SkyApm.Transport.Grpc.V6.SegmentReporter : Report 1 trace segment. cost: 00:00:00.0013858s
2020-05-15 16:47:34.757 +08:00 [identitys_api] [Information] SkyApm.Transport.Grpc.V6.SegmentReporter : Report 1 trace segment. cost: 00:00:00.0014678s
2020-05-15 16:47:37.761 +08:00 [identitys_api] [Information] SkyApm.Service.PingService : Ping server @2020/5/15 8:47:37 +00:00
2020-05-15 16:47:37.761 +08:00 [identitys_api] [Information] SkyApm.Service.CLRStatsService : Report CLR Stats. CPU UsagePercent 0.015625 GenCollectCount 0 0 0 20M ThreadPool 32756 32767 1000 1000
2020-05-15 16:47:37.773 +08:00 [identitys_api] [Information] SkyApm.Transport.Grpc.V6.SegmentReporter : Report 5 trace segment. cost: 00:00:00.0149936s
2020-05-15 16:47:43.760 +08:00 [identitys_api] [Information] SkyApm.Transport.Grpc.V6.SegmentReporter : Report 2 trace segment. cost: 00:00:00.0022594s
2020-05-15 16:47:46.751 +08:00 [identitys_api] [Information] SkyApm.Transport.Grpc.V6.SegmentReporter : Report 1 trace segment. cost: 00:00:00.0015496s
2020-05-15 16:47:49.765 +08:00 [identitys_api] [Information] SkyApm.Transport.Grpc.V6.SegmentReporter : Report 1 trace segment. cost: 00:00:00.0030651s
2020-05-15 16:47:52.762 +08:00 [identitys_api] [Information] SkyApm.Transport.Grpc.V6.SegmentReporter : Report 6 trace segment. cost: 00:00:00.0065467s
2020-05-15 16:47:58.761 +08:00 [identitys_api] [Information] SkyApm.Transport.Grpc.V6.SegmentReporter : Report 2 trace segment. cost: 00:00:00.0018027s
2020-05-15 16:48:01.759 +08:00 [identitys_api] [Information] SkyApm.Transport.Grpc.V6.SegmentReporter : Report 1 trace segment. cost: 00:00:00.0016162s
2020-05-15 16:48:04.757 +08:00 [identitys_api] [Information] SkyApm.Transport.Grpc.V6.SegmentReporter : Report 1 trace segment. cost: 00:00:00.0013544s
2020-05-15 16:48:07.758 +08:00 [identitys_api] [Information] SkyApm.Service.CLRStatsService : Report CLR Stats. CPU UsagePercent 0 GenCollectCount 0 0 0 22M ThreadPool 32757 32767 1000 1000
2020-05-15 16:48:07.759 +08:00 [identitys_api] [Information] SkyApm.Transport.Grpc.V6.SegmentReporter : Report 2 trace segment. cost: 00:00:00.0032781s
2020-05-15 16:48:13.758 +08:00 [identitys_api] [Information] SkyApm.Transport.Grpc.V6.SegmentReporter : Report 2 trace segment. cost: 00:00:00.0017165s
2020-05-15 16:48:16.757 +08:00 [identitys_api] [Information] SkyApm.Transport.Grpc.V6.SegmentReporter : Report 1 trace segment. cost: 00:00:00.0016203s
2020-05-15 16:48:19.761 +08:00 [identitys_api] [Information] SkyApm.Transport.Grpc.V6.SegmentReporter : Report 1 trace segment. cost: 00:00:00.0012418s
2020-05-15 16:48:22.758 +08:00 [identitys_api] [Information] SkyApm.Transport.Grpc.V6.SegmentReporter : Report 2 trace segment. cost: 00:00:00.0019013s
2020-05-15 16:48:28.758 +08:00 [identitys_api] [Information] SkyApm.Transport.Grpc.V6.SegmentReporter : Report 2 trace segment. cost: 00:00:00.0017128s
2020-05-15 16:48:31.757 +08:00 [identitys_api] [Information] SkyApm.Transport.Grpc.V6.SegmentReporter : Report 1 trace segment. cost: 00:00:00.0012007s
2020-05-15 16:48:34.761 +08:00 [identitys_api] [Information] SkyApm.Transport.Grpc.V6.SegmentReporter : Report 1 trace segment. cost: 00:00:00.0023301s
2020-05-15 16:48:37.760 +08:00 [identitys_api] [Information] SkyApm.Service.PingService : Ping server @2020/5/15 8:48:37 +00:00
2020-05-15 16:48:37.760 +08:00 [identitys_api] [Information] SkyApm.Service.CLRStatsService : Report CLR Stats. CPU UsagePercent 0.015625 GenCollectCount 0 0 0 23M ThreadPool 32757 32767 1000 1000
2020-05-15 16:48:37.773 +08:00 [identitys_api] [Information] SkyApm.Transport.Grpc.V6.SegmentReporter : Report 2 trace segment. cost: 00:00:00.0166311s
2020-05-15 16:48:43.764 +08:00 [identitys_api] [Information] SkyApm.Transport.Grpc.V6.SegmentReporter : Report 2 trace segment. cost: 00:00:00.0028336s
2020-05-15 16:48:46.750 +08:00 [identitys_api] [Information] SkyApm.Transport.Grpc.V6.SegmentReporter : Report 1 trace segment. cost: 00:00:00.0013361s
2020-05-15 16:48:49.762 +08:00 [identitys_api] [Information] SkyApm.Transport.Grpc.V6.SegmentReporter : Report 1 trace segment. cost: 00:00:00.0011984s
2020-05-15 16:48:52.761 +08:00 [identitys_api] [Information] SkyApm.Transport.Grpc.V6.SegmentReporter : Report 2 trace segment. cost: 00:00:00.0020503s
2020-05-15 16:48:58.759 +08:00 [identitys_api] [Information] SkyApm.Transport.Grpc.V6.SegmentReporter : Report 2 trace segment. cost: 00:00:00.0018580s
2020-05-15 16:49:01.751 +08:00 [identitys_api] [Information] SkyApm.Transport.Grpc.V6.SegmentReporter : Report 1 trace segment. cost: 00:00:00.0020255s
2020-05-15 16:49:04.761 +08:00 [identitys_api] [Information] SkyApm.Transport.Grpc.V6.SegmentReporter : Report 1 trace segment. cost: 00:00:00.0012706s
2020-05-15 16:49:07.763 +08:00 [identitys_api] [Information] SkyApm.Service.CLRStatsService : Report CLR Stats. CPU UsagePercent 0 GenCollectCount 0 0 0 24M ThreadPool 32761 32767 1000 1000
2020-05-15 16:49:07.764 +08:00 [identitys_api] [Information] SkyApm.Transport.Grpc.V6.SegmentReporter : Report 2 trace segment. cost: 00:00:00.0024417s
2020-05-15 16:49:13.761 +08:00 [identitys_api] [Information] SkyApm.Transport.Grpc.V6.SegmentReporter : Report 2 trace segment. cost: 00:00:00.0022222s
2020-05-15 16:49:16.757 +08:00 [identitys_api] [Information] SkyApm.Transport.Grpc.V6.SegmentReporter : Report 1 trace segment. cost: 00:00:00.0015335s
2020-05-15 16:49:19.760 +08:00 [identitys_api] [Information] SkyApm.Transport.Grpc.V6.SegmentReporter : Report 1 trace segment. cost: 00:00:00.0022401s
2020-05-15 16:49:22.758 +08:00 [identitys_api] [Information] SkyApm.Transport.Grpc.V6.SegmentReporter : Report 2 trace segment. cost: 00:00:00.0015132s
2020-05-15 16:49:28.763 +08:00 [identitys_api] [Information] SkyApm.Transport.Grpc.V6.SegmentReporter : Report 2 trace segment. cost: 00:00:00.0017611s
2020-05-15 16:49:31.763 +08:00 [identitys_api] [Information] SkyApm.Transport.Grpc.V6.SegmentReporter : Report 1 trace segment. cost: 00:00:00.0015418s
2020-05-15 16:49:34.762 +08:00 [identitys_api] [Information] SkyApm.Transport.Grpc.V6.SegmentReporter : Report 1 trace segment. cost: 00:00:00.0013691s
2020-05-15 16:49:37.760 +08:00 [identitys_api] [Information] SkyApm.Service.PingService : Ping server @2020/5/15 8:49:37 +00:00
2020-05-15 16:49:37.761 +08:00 [identitys_api] [Information] SkyApm.Service.CLRStatsService : Report CLR Stats. CPU UsagePercent 0.015625 GenCollectCount 0 0 0 25M ThreadPool 32761 32767 1000 1000
2020-05-15 16:49:37.762 +08:00 [identitys_api] [Information] SkyApm.Transport.Grpc.V6.SegmentReporter : Report 2 trace segment. cost: 00:00:00.0059298s
2020-05-15 16:49:43.752 +08:00 [identitys_api] [Information] SkyApm.Transport.Grpc.V6.SegmentReporter : Report 2 trace segment. cost: 00:00:00.0023967s
2020-05-15 16:49:46.760 +08:00 [identitys_api] [Information] SkyApm.Transport.Grpc.V6.SegmentReporter : Report 1 trace segment. cost: 00:00:00.0025678s
2020-05-15 16:49:49.758 +08:00 [identitys_api] [Information] SkyApm.Transport.Grpc.V6.SegmentReporter : Report 1 trace segment. cost: 00:00:00.0017607s
2020-05-15 16:49:52.757 +08:00 [identitys_api] [Information] SkyApm.Transport.Grpc.V6.SegmentReporter : Report 2 trace segment. cost: 00:00:00.0018116s
2020-05-15 16:49:58.758 +08:00 [identitys_api] [Information] SkyApm.Transport.Grpc.V6.SegmentReporter : Report 2 trace segment. cost: 00:00:00.0024698s
2020-05-15 16:50:01.760 +08:00 [identitys_api] [Information] SkyApm.Transport.Grpc.V6.SegmentReporter : Report 1 trace segment. cost: 00:00:00.0019922s
2020-05-15 16:50:04.758 +08:00 [identitys_api] [Information] SkyApm.Transport.Grpc.V6.SegmentReporter : Report 1 trace segment. cost: 00:00:00.0018532s
2020-05-15 16:50:07.762 +08:00 [identitys_api] [Information] SkyApm.Service.CLRStatsService : Report CLR Stats. CPU UsagePercent 0 GenCollectCount 0 0 0 26M ThreadPool 32757 32767 1000 1000
2020-05-15 16:50:07.765 +08:00 [identitys_api] [Information] SkyApm.Transport.Grpc.V6.SegmentReporter : Report 2 trace segment. cost: 00:00:00.0078772s
2020-05-15 16:50:13.758 +08:00 [identitys_api] [Information] SkyApm.Transport.Grpc.V6.SegmentReporter : Report 2 trace segment. cost: 00:00:00.0017597s
2020-05-15 16:50:16.760 +08:00 [identitys_api] [Information] SkyApm.Transport.Grpc.V6.SegmentReporter : Report 1 trace segment. cost: 00:00:00.0013637s
2020-05-15 16:50:19.751 +08:00 [identitys_api] [Information] SkyApm.Transport.Grpc.V6.SegmentReporter : Report 1 trace segment. cost: 00:00:00.0013759s
2020-05-15 16:50:22.752 +08:00 [identitys_api] [Information] SkyApm.Transport.Grpc.V6.SegmentReporter : Report 2 trace segment. cost: 00:00:00.0018452s
2020-05-15 16:50:28.757 +08:00 [identitys_api] [Information] SkyApm.Transport.Grpc.V6.SegmentReporter : Report 2 trace segment. cost: 00:00:00.0021797s
2020-05-15 16:50:31.758 +08:00 [identitys_api] [Information] SkyApm.Transport.Grpc.V6.SegmentReporter : Report 1 trace segment. cost: 00:00:00.0016920s
2020-05-15 16:50:34.756 +08:00 [identitys_api] [Information] SkyApm.Transport.Grpc.V6.SegmentReporter : Report 1 trace segment. cost: 00:00:00.0013024s
2020-05-15 16:50:37.758 +08:00 [identitys_api] [Information] SkyApm.Service.PingService : Ping server @2020/5/15 8:50:37 +00:00
2020-05-15 16:50:37.758 +08:00 [identitys_api] [Information] SkyApm.Service.CLRStatsService : Report CLR Stats. CPU UsagePercent 0 GenCollectCount 0 0 0 27M ThreadPool 32757 32767 1000 1000
2020-05-15 16:50:37.758 +08:00 [identitys_api] [Information] SkyApm.Transport.Grpc.V6.SegmentReporter : Report 2 trace segment. cost: 00:00:00.0019311s
2020-05-15 16:50:43.764 +08:00 [identitys_api] [Information] SkyApm.Transport.Grpc.V6.SegmentReporter : Report 2 trace segment. cost: 00:00:00.0020729s
2020-05-15 16:50:46.757 +08:00 [identitys_api] [Information] SkyApm.Transport.Grpc.V6.SegmentReporter : Report 1 trace segment. cost: 00:00:00.0013060s
2020-05-15 16:50:49.750 +08:00 [identitys_api] [Information] SkyApm.Transport.Grpc.V6.SegmentReporter : Report 1 trace segment. cost: 00:00:00.0014082s
2020-05-15 16:50:52.751 +08:00 [identitys_api] [Information] SkyApm.Transport.Grpc.V6.SegmentReporter : Report 2 trace segment. cost: 00:00:00.0016831s
2020-05-15 16:50:58.759 +08:00 [identitys_api] [Information] SkyApm.Transport.Grpc.V6.SegmentReporter : Report 2 trace segment. cost: 00:00:00.0020705s
2020-05-15 16:51:01.758 +08:00 [identitys_api] [Information] SkyApm.Transport.Grpc.V6.SegmentReporter : Report 1 trace segment. cost: 00:00:00.0012146s
2020-05-15 16:51:04.759 +08:00 [identitys_api] [Information] SkyApm.Transport.Grpc.V6.SegmentReporter : Report 1 trace segment. cost: 00:00:00.0018911s
2020-05-15 16:51:07.759 +08:00 [identitys_api] [Information] SkyApm.Service.CLRStatsService : Report CLR Stats. CPU UsagePercent 0 GenCollectCount 0 0 0 28M ThreadPool 32762 32767 1000 1000
2020-05-15 16:51:07.766 +08:00 [identitys_api] [Information] SkyApm.Transport.Grpc.V6.SegmentReporter : Report 2 trace segment. cost: 00:00:00.0097961s
2020-05-15 16:51:13.763 +08:00 [identitys_api] [Information] SkyApm.Transport.Grpc.V6.SegmentReporter : Report 2 trace segment. cost: 00:00:00.0022258s
2020-05-15 16:51:16.757 +08:00 [identitys_api] [Information] SkyApm.Transport.Grpc.V6.SegmentReporter : Report 1 trace segment. cost: 00:00:00.0012252s
2020-05-15 16:51:19.760 +08:00 [identitys_api] [Information] SkyApm.Transport.Grpc.V6.SegmentReporter : Report 1 trace segment. cost: 00:00:00.0015822s
2020-05-15 16:51:22.759 +08:00 [identitys_api] [Information] SkyApm.Transport.Grpc.V6.SegmentReporter : Report 2 trace segment. cost: 00:00:00.0018880s
2020-05-15 16:51:28.762 +08:00 [identitys_api] [Information] SkyApm.Transport.Grpc.V6.SegmentReporter : Report 2 trace segment. cost: 00:00:00.0023251s
2020-05-15 16:51:31.762 +08:00 [identitys_api] [Information] SkyApm.Transport.Grpc.V6.SegmentReporter : Report 1 trace segment. cost: 00:00:00.0018614s
2020-05-15 16:51:34.760 +08:00 [identitys_api] [Information] SkyApm.Transport.Grpc.V6.SegmentReporter : Report 1 trace segment. cost: 00:00:00.0014417s
2020-05-15 16:51:37.750 +08:00 [identitys_api] [Information] SkyApm.Service.CLRStatsService : Report CLR Stats. CPU UsagePercent 0 GenCollectCount 0 0 0 29M ThreadPool 32761 32767 1000 1000
2020-05-15 16:51:37.750 +08:00 [identitys_api] [Information] SkyApm.Service.PingService : Ping server @2020/5/15 8:51:37 +00:00
2020-05-15 16:51:37.750 +08:00 [identitys_api] [Information] SkyApm.Transport.Grpc.V6.SegmentReporter : Report 2 trace segment. cost: 00:00:00.0019204s
2020-05-15 16:51:43.759 +08:00 [identitys_api] [Information] SkyApm.Transport.Grpc.V6.SegmentReporter : Report 2 trace segment. cost: 00:00:00.0032466s
2020-05-15 16:51:46.761 +08:00 [identitys_api] [Information] SkyApm.Transport.Grpc.V6.SegmentReporter : Report 1 trace segment. cost: 00:00:00.0013923s
2020-05-15 16:51:49.757 +08:00 [identitys_api] [Information] SkyApm.Transport.Grpc.V6.SegmentReporter : Report 1 trace segment. cost: 00:00:00.0012454s
2020-05-15 16:51:52.759 +08:00 [identitys_api] [Information] SkyApm.Transport.Grpc.V6.SegmentReporter : Report 2 trace segment. cost: 00:00:00.0019428s
2020-05-15 16:51:58.752 +08:00 [identitys_api] [Information] SkyApm.Transport.Grpc.V6.SegmentReporter : Report 2 trace segment. cost: 00:00:00.0022405s
2020-05-15 16:52:01.758 +08:00 [identitys_api] [Information] SkyApm.Transport.Grpc.V6.SegmentReporter : Report 1 trace segment. cost: 00:00:00.0015320s
2020-05-15 16:52:04.759 +08:00 [identitys_api] [Information] SkyApm.Transport.Grpc.V6.SegmentReporter : Report 1 trace segment. cost: 00:00:00.0014691s
2020-05-15 16:52:07.783 +08:00 [identitys_api] [Information] SkyApm.Service.CLRStatsService : Report CLR Stats. CPU UsagePercent 0.015625 GenCollectCount 0 0 0 31M ThreadPool 32761 32767 999 1000
2020-05-15 16:52:07.798 +08:00 [identitys_api] [Information] SkyApm.Transport.Grpc.V6.SegmentReporter : Report 2 trace segment. cost: 00:00:00.0315579s
2020-05-15 16:52:13.754 +08:00 [identitys_api] [Information] SkyApm.Transport.Grpc.V6.SegmentReporter : Report 2 trace segment. cost: 00:00:00.0049324s
2020-05-15 16:52:16.751 +08:00 [identitys_api] [Information] SkyApm.Transport.Grpc.V6.SegmentReporter : Report 1 trace segment. cost: 00:00:00.0013595s
2020-05-15 16:52:19.760 +08:00 [identitys_api] [Information] SkyApm.Transport.Grpc.V6.SegmentReporter : Report 1 trace segment. cost: 00:00:00.0014639s
2020-05-15 16:52:22.785 +08:00 [identitys_api] [Information] SkyApm.Transport.Grpc.V6.SegmentReporter : Report 1 trace segment. cost: 00:00:00.0287164s
2020-05-15 16:52:25.752 +08:00 [identitys_api] [Information] SkyApm.Transport.Grpc.V6.SegmentReporter : Report 1 trace segment. cost: 00:00:00.0021108s
2020-05-15 16:52:28.752 +08:00 [identitys_api] [Information] SkyApm.Transport.Grpc.V6.SegmentReporter : Report 2 trace segment. cost: 00:00:00.0015817s
2020-05-15 16:52:31.760 +08:00 [identitys_api] [Information] SkyApm.Transport.Grpc.V6.SegmentReporter : Report 1 trace segment. cost: 00:00:00.0015526s
2020-05-15 16:52:34.758 +08:00 [identitys_api] [Information] SkyApm.Transport.Grpc.V6.SegmentReporter : Report 1 trace segment. cost: 00:00:00.0019387s
2020-05-15 16:52:37.772 +08:00 [identitys_api] [Information] SkyApm.Service.CLRStatsService : Report CLR Stats. CPU UsagePercent 0 GenCollectCount 0 0 0 32M ThreadPool 32757 32767 999 1000
2020-05-15 16:52:37.774 +08:00 [identitys_api] [Information] SkyApm.Service.PingService : Ping server @2020/5/15 8:52:37 +00:00
2020-05-15 16:52:37.787 +08:00 [identitys_api] [Information] SkyApm.Transport.Grpc.V6.SegmentReporter : Report 1 trace segment. cost: 00:00:00.0159240s
2020-05-15 16:52:40.756 +08:00 [identitys_api] [Information] SkyApm.Transport.Grpc.V6.SegmentReporter : Report 1 trace segment. cost: 00:00:00.0013400s
2020-05-15 16:52:43.761 +08:00 [identitys_api] [Information] SkyApm.Transport.Grpc.V6.SegmentReporter : Report 2 trace segment. cost: 00:00:00.0019163s
2020-05-15 16:52:46.759 +08:00 [identitys_api] [Information] SkyApm.Transport.Grpc.V6.SegmentReporter : Report 1 trace segment. cost: 00:00:00.0015127s
2020-05-15 16:52:49.756 +08:00 [identitys_api] [Information] SkyApm.Transport.Grpc.V6.SegmentReporter : Report 1 trace segment. cost: 00:00:00.0014105s
2020-05-15 16:52:52.840 +08:00 [identitys_api] [Information] SkyApm.Transport.Grpc.V6.SegmentReporter : Report 4 trace segment. cost: 00:00:00.0712621s
2020-05-15 16:52:55.762 +08:00 [identitys_api] [Information] SkyApm.Transport.Grpc.V6.SegmentReporter : Report 1 trace segment. cost: 00:00:00.0011105s
2020-05-15 16:52:58.761 +08:00 [identitys_api] [Information] SkyApm.Transport.Grpc.V6.SegmentReporter : Report 2 trace segment. cost: 00:00:00.0020419s
2020-05-15 16:53:01.760 +08:00 [identitys_api] [Information] SkyApm.Transport.Grpc.V6.SegmentReporter : Report 1 trace segment. cost: 00:00:00.0017581s
2020-05-15 16:53:04.759 +08:00 [identitys_api] [Information] SkyApm.Transport.Grpc.V6.SegmentReporter : Report 1 trace segment. cost: 00:00:00.0013780s
2020-05-15 16:53:07.778 +08:00 [identitys_api] [Information] SkyApm.Service.CLRStatsService : Report CLR Stats. CPU UsagePercent 0 GenCollectCount 0 0 0 33M ThreadPool 32758 32767 999 1000
2020-05-15 16:53:07.806 +08:00 [identitys_api] [Information] SkyApm.Transport.Grpc.V6.SegmentReporter : Report 1 trace segment. cost: 00:00:00.0379005s
2020-05-15 16:53:10.762 +08:00 [identitys_api] [Information] SkyApm.Transport.Grpc.V6.SegmentReporter : Report 1 trace segment. cost: 00:00:00.0013713s
2020-05-15 16:53:13.759 +08:00 [identitys_api] [Information] SkyApm.Transport.Grpc.V6.SegmentReporter : Report 2 trace segment. cost: 00:00:00.0022092s
2020-05-15 16:53:16.759 +08:00 [identitys_api] [Information] SkyApm.Transport.Grpc.V6.SegmentReporter : Report 1 trace segment. cost: 00:00:00.0014127s
2020-05-15 16:53:19.760 +08:00 [identitys_api] [Information] SkyApm.Transport.Grpc.V6.SegmentReporter : Report 1 trace segment. cost: 00:00:00.0018831s
2020-05-15 16:53:22.782 +08:00 [identitys_api] [Information] SkyApm.Transport.Grpc.V6.SegmentReporter : Report 1 trace segment. cost: 00:00:00.0174590s
2020-05-15 16:53:25.759 +08:00 [identitys_api] [Information] SkyApm.Transport.Grpc.V6.SegmentReporter : Report 1 trace segment. cost: 00:00:00.0010609s
2020-05-15 16:53:28.759 +08:00 [identitys_api] [Information] SkyApm.Transport.Grpc.V6.SegmentReporter : Report 2 trace segment. cost: 00:00:00.0020965s
2020-05-15 16:53:34.765 +08:00 [identitys_api] [Information] SkyApm.Transport.Grpc.V6.SegmentReporter : Report 2 trace segment. cost: 00:00:00.0024125s
2020-05-15 16:53:37.757 +08:00 [identitys_api] [Information] SkyApm.Service.CLRStatsService : Report CLR Stats. CPU UsagePercent 0 GenCollectCount 0 0 0 34M ThreadPool 32761 32767 1000 1000
2020-05-15 16:53:37.757 +08:00 [identitys_api] [Information] SkyApm.Service.PingService : Ping server @2020/5/15 8:53:37 +00:00
2020-05-15 16:53:37.757 +08:00 [identitys_api] [Information] SkyApm.Transport.Grpc.V6.SegmentReporter : Report 1 trace segment. cost: 00:00:00.0014445s
2020-05-15 16:53:40.760 +08:00 [identitys_api] [Information] SkyApm.Transport.Grpc.V6.SegmentReporter : Report 1 trace segment. cost: 00:00:00.0024715s
2020-05-15 16:53:43.758 +08:00 [identitys_api] [Information] SkyApm.Transport.Grpc.V6.SegmentReporter : Report 2 trace segment. cost: 00:00:00.0018844s
2020-05-15 16:53:49.762 +08:00 [identitys_api] [Information] SkyApm.Transport.Grpc.V6.SegmentReporter : Report 2 trace segment. cost: 00:00:00.0013566s
2020-05-15 16:53:52.757 +08:00 [identitys_api] [Information] SkyApm.Transport.Grpc.V6.SegmentReporter : Report 1 trace segment. cost: 00:00:00.0011844s
2020-05-15 16:53:55.763 +08:00 [identitys_api] [Information] SkyApm.Transport.Grpc.V6.SegmentReporter : Report 1 trace segment. cost: 00:00:00.0028917s
2020-05-15 16:53:58.757 +08:00 [identitys_api] [Information] SkyApm.Transport.Grpc.V6.SegmentReporter : Report 2 trace segment. cost: 00:00:00.0014116s
2020-05-15 16:54:04.759 +08:00 [identitys_api] [Information] SkyApm.Transport.Grpc.V6.SegmentReporter : Report 2 trace segment. cost: 00:00:00.0024769s
2020-05-15 16:54:07.757 +08:00 [identitys_api] [Information] SkyApm.Service.CLRStatsService : Report CLR Stats. CPU UsagePercent 0.078125 GenCollectCount 0 0 0 35M ThreadPool 32758 32767 1000 1000
2020-05-15 16:54:07.761 +08:00 [identitys_api] [Information] SkyApm.Transport.Grpc.V6.SegmentReporter : Report 1 trace segment. cost: 00:00:00.0057516s
2020-05-15 16:54:10.759 +08:00 [identitys_api] [Information] SkyApm.Transport.Grpc.V6.SegmentReporter : Report 1 trace segment. cost: 00:00:00.0021920s
2020-05-15 16:54:13.752 +08:00 [identitys_api] [Information] SkyApm.Transport.Grpc.V6.SegmentReporter : Report 2 trace segment. cost: 00:00:00.0021934s
2020-05-15 16:54:19.760 +08:00 [identitys_api] [Information] SkyApm.Transport.Grpc.V6.SegmentReporter : Report 2 trace segment. cost: 00:00:00.0024744s
2020-05-15 16:54:22.756 +08:00 [identitys_api] [Information] SkyApm.Transport.Grpc.V6.SegmentReporter : Report 1 trace segment. cost: 00:00:00.0011372s
2020-05-15 16:54:25.751 +08:00 [identitys_api] [Information] SkyApm.Transport.Grpc.V6.SegmentReporter : Report 1 trace segment. cost: 00:00:00.0017144s
2020-05-15 16:54:28.758 +08:00 [identitys_api] [Information] SkyApm.Transport.Grpc.V6.SegmentReporter : Report 2 trace segment. cost: 00:00:00.0017787s
2020-05-15 16:54:34.758 +08:00 [identitys_api] [Information] SkyApm.Transport.Grpc.V6.SegmentReporter : Report 2 trace segment. cost: 00:00:00.0017299s
2020-05-15 16:54:37.758 +08:00 [identitys_api] [Information] SkyApm.Service.CLRStatsService : Report CLR Stats. CPU UsagePercent 0 GenCollectCount 0 0 0 36M ThreadPool 32758 32767 1000 1000
2020-05-15 16:54:37.758 +08:00 [identitys_api] [Information] SkyApm.Service.PingService : Ping server @2020/5/15 8:54:37 +00:00
2020-05-15 16:54:37.758 +08:00 [identitys_api] [Information] SkyApm.Transport.Grpc.V6.SegmentReporter : Report 1 trace segment. cost: 00:00:00.0014887s
2020-05-15 16:54:40.756 +08:00 [identitys_api] [Information] SkyApm.Transport.Grpc.V6.SegmentReporter : Report 1 trace segment. cost: 00:00:00.0010878s
2020-05-15 16:54:43.759 +08:00 [identitys_api] [Information] SkyApm.Transport.Grpc.V6.SegmentReporter : Report 2 trace segment. cost: 00:00:00.0016901s
2020-05-15 16:54:49.762 +08:00 [identitys_api] [Information] SkyApm.Transport.Grpc.V6.SegmentReporter : Report 2 trace segment. cost: 00:00:00.0017674s
2020-05-15 16:54:52.756 +08:00 [identitys_api] [Information] SkyApm.Transport.Grpc.V6.SegmentReporter : Report 1 trace segment. cost: 00:00:00.0013271s
2020-05-15 16:54:55.757 +08:00 [identitys_api] [Information] SkyApm.Transport.Grpc.V6.SegmentReporter : Report 1 trace segment. cost: 00:00:00.0020181s
2020-05-15 16:54:58.761 +08:00 [identitys_api] [Information] SkyApm.Transport.Grpc.V6.SegmentReporter : Report 2 trace segment. cost: 00:00:00.0015253s
2020-05-15 16:55:04.762 +08:00 [identitys_api] [Information] SkyApm.Transport.Grpc.V6.SegmentReporter : Report 2 trace segment. cost: 00:00:00.0029539s
2020-05-15 16:55:07.764 +08:00 [identitys_api] [Information] SkyApm.Service.CLRStatsService : Report CLR Stats. CPU UsagePercent 0 GenCollectCount 0 0 0 38M ThreadPool 32761 32767 1000 1000
2020-05-15 16:55:07.764 +08:00 [identitys_api] [Information] SkyApm.Transport.Grpc.V6.SegmentReporter : Report 1 trace segment. cost: 00:00:00.0020523s
2020-05-15 16:55:10.758 +08:00 [identitys_api] [Information] SkyApm.Transport.Grpc.V6.SegmentReporter : Report 1 trace segment. cost: 00:00:00.0011381s
2020-05-15 16:55:13.764 +08:00 [identitys_api] [Information] SkyApm.Transport.Grpc.V6.SegmentReporter : Report 2 trace segment. cost: 00:00:00.0025735s
2020-05-15 16:55:19.759 +08:00 [identitys_api] [Information] SkyApm.Transport.Grpc.V6.SegmentReporter : Report 2 trace segment. cost: 00:00:00.0018208s
2020-05-15 16:55:22.775 +08:00 [identitys_api] [Information] SkyApm.Transport.Grpc.V6.SegmentReporter : Report 5 trace segment. cost: 00:00:00.0156461s
2020-05-15 16:55:25.757 +08:00 [identitys_api] [Information] SkyApm.Transport.Grpc.V6.SegmentReporter : Report 1 trace segment. cost: 00:00:00.0017532s
2020-05-15 16:55:28.760 +08:00 [identitys_api] [Information] SkyApm.Transport.Grpc.V6.SegmentReporter : Report 2 trace segment. cost: 00:00:00.0024282s
2020-05-15 16:55:34.757 +08:00 [identitys_api] [Information] SkyApm.Transport.Grpc.V6.SegmentReporter : Report 2 trace segment. cost: 00:00:00.0018216s
2020-05-15 16:55:37.760 +08:00 [identitys_api] [Information] SkyApm.Service.PingService : Ping server @2020/5/15 8:55:37 +00:00
2020-05-15 16:55:37.760 +08:00 [identitys_api] [Information] SkyApm.Service.CLRStatsService : Report CLR Stats. CPU UsagePercent 0 GenCollectCount 0 0 0 39M ThreadPool 32758 32767 1000 1000
2020-05-15 16:55:37.760 +08:00 [identitys_api] [Information] SkyApm.Transport.Grpc.V6.SegmentReporter : Report 1 trace segment. cost: 00:00:00.0038103s
2020-05-15 16:55:40.758 +08:00 [identitys_api] [Information] SkyApm.Transport.Grpc.V6.SegmentReporter : Report 1 trace segment. cost: 00:00:00.0022299s
2020-05-15 16:55:43.753 +08:00 [identitys_api] [Information] SkyApm.Transport.Grpc.V6.SegmentReporter : Report 2 trace segment. cost: 00:00:00.0018835s
2020-05-15 16:55:49.758 +08:00 [identitys_api] [Information] SkyApm.Transport.Grpc.V6.SegmentReporter : Report 2 trace segment. cost: 00:00:00.0022481s
2020-05-15 16:55:52.758 +08:00 [identitys_api] [Information] SkyApm.Transport.Grpc.V6.SegmentReporter : Report 1 trace segment. cost: 00:00:00.0022119s
2020-05-15 16:55:55.759 +08:00 [identitys_api] [Information] SkyApm.Transport.Grpc.V6.SegmentReporter : Report 1 trace segment. cost: 00:00:00.0015739s
2020-05-15 16:55:58.757 +08:00 [identitys_api] [Information] SkyApm.Transport.Grpc.V6.SegmentReporter : Report 2 trace segment. cost: 00:00:00.0013371s
2020-05-15 16:56:04.757 +08:00 [identitys_api] [Information] SkyApm.Transport.Grpc.V6.SegmentReporter : Report 2 trace segment. cost: 00:00:00.0014606s
2020-05-15 16:56:07.759 +08:00 [identitys_api] [Information] SkyApm.Service.CLRStatsService : Report CLR Stats. CPU UsagePercent 0 GenCollectCount 0 0 0 40M ThreadPool 32759 32767 1000 1000
2020-05-15 16:56:07.759 +08:00 [identitys_api] [Information] SkyApm.Transport.Grpc.V6.SegmentReporter : Report 1 trace segment. cost: 00:00:00.0040071s
2020-05-15 16:56:10.761 +08:00 [identitys_api] [Information] SkyApm.Transport.Grpc.V6.SegmentReporter : Report 1 trace segment. cost: 00:00:00.0016795s
2020-05-15 16:56:13.761 +08:00 [identitys_api] [Information] SkyApm.Transport.Grpc.V6.SegmentReporter : Report 2 trace segment. cost: 00:00:00.0024959s
2020-05-15 16:56:19.759 +08:00 [identitys_api] [Information] SkyApm.Transport.Grpc.V6.SegmentReporter : Report 2 trace segment. cost: 00:00:00.0018103s
2020-05-15 16:56:22.759 +08:00 [identitys_api] [Information] SkyApm.Transport.Grpc.V6.SegmentReporter : Report 1 trace segment. cost: 00:00:00.0017518s
2020-05-15 16:56:25.750 +08:00 [identitys_api] [Information] SkyApm.Transport.Grpc.V6.SegmentReporter : Report 1 trace segment. cost: 00:00:00.0011428s
2020-05-15 16:56:28.752 +08:00 [identitys_api] [Information] SkyApm.Transport.Grpc.V6.SegmentReporter : Report 2 trace segment. cost: 00:00:00.0018090s
2020-05-15 16:56:34.762 +08:00 [identitys_api] [Information] SkyApm.Transport.Grpc.V6.SegmentReporter : Report 2 trace segment. cost: 00:00:00.0015019s
2020-05-15 16:56:37.763 +08:00 [identitys_api] [Information] SkyApm.Service.CLRStatsService : Report CLR Stats. CPU UsagePercent 0 GenCollectCount 0 0 0 41M ThreadPool 32761 32767 1000 1000
2020-05-15 16:56:37.763 +08:00 [identitys_api] [Information] SkyApm.Service.PingService : Ping server @2020/5/15 8:56:37 +00:00
2020-05-15 16:56:37.763 +08:00 [identitys_api] [Information] SkyApm.Transport.Grpc.V6.SegmentReporter : Report 1 trace segment. cost: 00:00:00.0015725s
2020-05-15 16:56:40.760 +08:00 [identitys_api] [Information] SkyApm.Transport.Grpc.V6.SegmentReporter : Report 1 trace segment. cost: 00:00:00.0015959s
2020-05-15 16:56:43.758 +08:00 [identitys_api] [Information] SkyApm.Transport.Grpc.V6.SegmentReporter : Report 2 trace segment. cost: 00:00:00.0020249s
2020-05-15 16:56:49.760 +08:00 [identitys_api] [Information] SkyApm.Transport.Grpc.V6.SegmentReporter : Report 2 trace segment. cost: 00:00:00.0022216s
2020-05-15 16:56:52.760 +08:00 [identitys_api] [Information] SkyApm.Transport.Grpc.V6.SegmentReporter : Report 1 trace segment. cost: 00:00:00.0013511s
2020-05-15 16:56:55.761 +08:00 [identitys_api] [Information] SkyApm.Transport.Grpc.V6.SegmentReporter : Report 1 trace segment. cost: 00:00:00.0011784s
2020-05-15 16:56:58.762 +08:00 [identitys_api] [Information] SkyApm.Transport.Grpc.V6.SegmentReporter : Report 2 trace segment. cost: 00:00:00.0012968s
2020-05-15 16:57:04.762 +08:00 [identitys_api] [Information] SkyApm.Transport.Grpc.V6.SegmentReporter : Report 2 trace segment. cost: 00:00:00.0014377s
2020-05-15 16:57:07.761 +08:00 [identitys_api] [Information] SkyApm.Transport.Grpc.V6.SegmentReporter : Report 3 trace segment. cost: 00:00:00.0053845s
2020-05-15 16:57:07.761 +08:00 [identitys_api] [Information] SkyApm.Service.CLRStatsService : Report CLR Stats. CPU UsagePercent 0.015625 GenCollectCount 0 0 0 43M ThreadPool 32759 32767 1000 1000
2020-05-15 16:57:10.761 +08:00 [identitys_api] [Information] SkyApm.Transport.Grpc.V6.SegmentReporter : Report 2 trace segment. cost: 00:00:00.0013533s
2020-05-15 16:57:13.752 +08:00 [identitys_api] [Information] SkyApm.Transport.Grpc.V6.SegmentReporter : Report 2 trace segment. cost: 00:00:00.0017663s
2020-05-15 16:57:19.764 +08:00 [identitys_api] [Information] SkyApm.Transport.Grpc.V6.SegmentReporter : Report 2 trace segment. cost: 00:00:00.0051615s
2020-05-15 16:57:22.761 +08:00 [identitys_api] [Information] SkyApm.Transport.Grpc.V6.SegmentReporter : Report 5 trace segment. cost: 00:00:00.0047453s
2020-05-15 16:57:25.766 +08:00 [identitys_api] [Information] SkyApm.Transport.Grpc.V6.SegmentReporter : Report 1 trace segment. cost: 00:00:00.0066805s
2020-05-15 16:57:28.794 +08:00 [identitys_api] [Information] SkyApm.Transport.Grpc.V6.SegmentReporter : Report 1 trace segment. cost: 00:00:00.0257912s
2020-05-15 16:57:31.750 +08:00 [identitys_api] [Information] SkyApm.Transport.Grpc.V6.SegmentReporter : Report 1 trace segment. cost: 00:00:00.0011482s
2020-05-15 16:57:34.761 +08:00 [identitys_api] [Information] SkyApm.Transport.Grpc.V6.SegmentReporter : Report 2 trace segment. cost: 00:00:00.0028668s
2020-05-15 16:57:37.759 +08:00 [identitys_api] [Information] SkyApm.Service.PingService : Ping server @2020/5/15 8:57:37 +00:00
2020-05-15 16:57:37.759 +08:00 [identitys_api] [Information] SkyApm.Service.CLRStatsService : Report CLR Stats. CPU UsagePercent 0 GenCollectCount 0 0 0 44M ThreadPool 32759 32767 1000 1000
2020-05-15 16:57:37.759 +08:00 [identitys_api] [Information] SkyApm.Transport.Grpc.V6.SegmentReporter : Report 1 trace segment. cost: 00:00:00.0025309s
2020-05-15 16:57:40.758 +08:00 [identitys_api] [Information] SkyApm.Transport.Grpc.V6.SegmentReporter : Report 1 trace segment. cost: 00:00:00.0013984s
2020-05-15 16:57:43.783 +08:00 [identitys_api] [Information] SkyApm.Transport.Grpc.V6.SegmentReporter : Report 1 trace segment. cost: 00:00:00.0189259s
2020-05-15 16:57:46.762 +08:00 [identitys_api] [Information] SkyApm.Transport.Grpc.V6.SegmentReporter : Report 1 trace segment. cost: 00:00:00.0051733s
2020-05-15 16:57:49.763 +08:00 [identitys_api] [Information] SkyApm.Transport.Grpc.V6.SegmentReporter : Report 2 trace segment. cost: 00:00:00.0063532s
2020-05-15 16:57:52.760 +08:00 [identitys_api] [Information] SkyApm.Transport.Grpc.V6.SegmentReporter : Report 1 trace segment. cost: 00:00:00.0017351s
2020-05-15 16:57:55.758 +08:00 [identitys_api] [Information] SkyApm.Transport.Grpc.V6.SegmentReporter : Report 1 trace segment. cost: 00:00:00.0017757s
2020-05-15 16:57:58.768 +08:00 [identitys_api] [Information] SkyApm.Transport.Grpc.V6.SegmentReporter : Report 1 trace segment. cost: 00:00:00.0112407s
2020-05-15 16:58:01.756 +08:00 [identitys_api] [Information] SkyApm.Transport.Grpc.V6.SegmentReporter : Report 1 trace segment. cost: 00:00:00.0011109s
2020-05-15 16:58:04.760 +08:00 [identitys_api] [Information] SkyApm.Transport.Grpc.V6.SegmentReporter : Report 2 trace segment. cost: 00:00:00.0029212s
2020-05-15 16:58:07.766 +08:00 [identitys_api] [Information] SkyApm.Service.CLRStatsService : Report CLR Stats. CPU UsagePercent 0 GenCollectCount 0 0 0 45M ThreadPool 32761 32767 1000 1000
2020-05-15 16:58:07.767 +08:00 [identitys_api] [Information] SkyApm.Transport.Grpc.V6.SegmentReporter : Report 1 trace segment. cost: 00:00:00.0083751s
2020-05-15 16:58:10.760 +08:00 [identitys_api] [Information] SkyApm.Transport.Grpc.V6.SegmentReporter : Report 1 trace segment. cost: 00:00:00.0016869s
2020-05-15 16:58:13.771 +08:00 [identitys_api] [Information] SkyApm.Transport.Grpc.V6.SegmentReporter : Report 1 trace segment. cost: 00:00:00.0217613s
2020-05-15 16:58:16.759 +08:00 [identitys_api] [Information] SkyApm.Transport.Grpc.V6.SegmentReporter : Report 1 trace segment. cost: 00:00:00.0022980s
2020-05-15 16:58:19.761 +08:00 [identitys_api] [Information] SkyApm.Transport.Grpc.V6.SegmentReporter : Report 2 trace segment. cost: 00:00:00.0015577s
2020-05-15 16:58:22.759 +08:00 [identitys_api] [Information] SkyApm.Transport.Grpc.V6.SegmentReporter : Report 1 trace segment. cost: 00:00:00.0026152s
2020-05-15 16:58:25.750 +08:00 [identitys_api] [Information] SkyApm.Transport.Grpc.V6.SegmentReporter : Report 1 trace segment. cost: 00:00:00.0011954s
2020-05-15 16:58:28.782 +08:00 [identitys_api] [Information] SkyApm.Transport.Grpc.V6.SegmentReporter : Report 1 trace segment. cost: 00:00:00.0195430s
2020-05-15 16:58:31.761 +08:00 [identitys_api] [Information] SkyApm.Transport.Grpc.V6.SegmentReporter : Report 1 trace segment. cost: 00:00:00.0013036s
2020-05-15 16:58:34.758 +08:00 [identitys_api] [Information] SkyApm.Transport.Grpc.V6.SegmentReporter : Report 2 trace segment. cost: 00:00:00.0016333s
2020-05-15 16:58:37.773 +08:00 [identitys_api] [Information] SkyApm.Service.CLRStatsService : Report CLR Stats. CPU UsagePercent 0 GenCollectCount 0 0 0 46M ThreadPool 32759 32767 1000 1000
2020-05-15 16:58:37.773 +08:00 [identitys_api] [Information] SkyApm.Service.PingService : Ping server @2020/5/15 8:58:37 +00:00
2020-05-15 16:58:37.774 +08:00 [identitys_api] [Information] SkyApm.Transport.Grpc.V6.SegmentReporter : Report 1 trace segment. cost: 00:00:00.0089845s
2020-05-15 16:58:40.757 +08:00 [identitys_api] [Information] SkyApm.Transport.Grpc.V6.SegmentReporter : Report 1 trace segment. cost: 00:00:00.0011988s
2020-05-15 16:58:43.751 +08:00 [identitys_api] [Information] SkyApm.Transport.Grpc.V6.SegmentReporter : Report 1 trace segment. cost: 00:00:00.0015685s
2020-05-15 16:58:46.756 +08:00 [identitys_api] [Information] SkyApm.Transport.Grpc.V6.SegmentReporter : Report 1 trace segment. cost: 00:00:00.0012347s
2020-05-15 16:58:49.761 +08:00 [identitys_api] [Information] SkyApm.Transport.Grpc.V6.SegmentReporter : Report 2 trace segment. cost: 00:00:00.0010796s
2020-05-15 16:58:55.752 +08:00 [identitys_api] [Information] SkyApm.Transport.Grpc.V6.SegmentReporter : Report 2 trace segment. cost: 00:00:00.0015019s
2020-05-15 16:58:58.759 +08:00 [identitys_api] [Information] SkyApm.Transport.Grpc.V6.SegmentReporter : Report 1 trace segment. cost: 00:00:00.0012624s
2020-05-15 16:59:01.762 +08:00 [identitys_api] [Information] SkyApm.Transport.Grpc.V6.SegmentReporter : Report 1 trace segment. cost: 00:00:00.0020878s
2020-05-15 16:59:04.760 +08:00 [identitys_api] [Information] SkyApm.Transport.Grpc.V6.SegmentReporter : Report 2 trace segment. cost: 00:00:00.0014247s
2020-05-15 16:59:07.758 +08:00 [identitys_api] [Information] SkyApm.Service.CLRStatsService : Report CLR Stats. CPU UsagePercent 0 GenCollectCount 0 0 0 47M ThreadPool 32761 32767 1000 1000
2020-05-15 16:59:10.758 +08:00 [identitys_api] [Information] SkyApm.Transport.Grpc.V6.SegmentReporter : Report 2 trace segment. cost: 00:00:00.0020133s
2020-05-15 16:59:13.759 +08:00 [identitys_api] [Information] SkyApm.Transport.Grpc.V6.SegmentReporter : Report 1 trace segment. cost: 00:00:00.0021962s
2020-05-15 16:59:27.170 +08:00 [identitys_api] [Information] SkyApm.Transport.Grpc.V6.SegmentReporter : Report 1 trace segment. cost: 00:00:00.7205137s
2020-05-15 16:59:29.461 +08:00 [identitys_api] [Information] SkyApm.Transport.Grpc.V6.SegmentReporter : Report 2 trace segment. cost: 00:00:00.0012518s
2020-05-15 16:59:32.460 +08:00 [identitys_api] [Information] SkyApm.Transport.Grpc.V6.SegmentReporter : Report 1 trace segment. cost: 00:00:00.0011621s
2020-05-15 16:59:35.461 +08:00 [identitys_api] [Information] SkyApm.Transport.Grpc.V6.SegmentReporter : Report 1 trace segment. cost: 00:00:00.0013307s
2020-05-15 16:59:37.757 +08:00 [identitys_api] [Information] SkyApm.Service.PingService : Ping server @2020/5/15 8:59:37 +00:00
2020-05-15 16:59:37.757 +08:00 [identitys_api] [Information] SkyApm.Service.CLRStatsService : Report CLR Stats. CPU UsagePercent 0 GenCollectCount 0 0 0 48M ThreadPool 32761 32767 1000 1000
2020-05-15 16:59:38.510 +08:00 [identitys_api] [Information] SkyApm.Transport.Grpc.V6.SegmentReporter : Report 2 trace segment. cost: 00:00:00.0297355s
2020-05-15 16:59:44.462 +08:00 [identitys_api] [Information] SkyApm.Transport.Grpc.V6.SegmentReporter : Report 2 trace segment. cost: 00:00:00.0036231s
2020-05-15 16:59:47.464 +08:00 [identitys_api] [Information] SkyApm.Transport.Grpc.V6.SegmentReporter : Report 1 trace segment. cost: 00:00:00.0026587s
2020-05-15 16:59:50.466 +08:00 [identitys_api] [Information] SkyApm.Transport.Grpc.V6.SegmentReporter : Report 1 trace segment. cost: 00:00:00.0008166s
2020-05-15 16:59:53.467 +08:00 [identitys_api] [Information] SkyApm.Transport.Grpc.V6.SegmentReporter : Report 1 trace segment. cost: 00:00:00.0019597s
2020-05-15 16:59:56.464 +08:00 [identitys_api] [Information] SkyApm.Transport.Grpc.V6.SegmentReporter : Report 1 trace segment. cost: 00:00:00.0008143s
2020-05-15 16:59:59.464 +08:00 [identitys_api] [Information] SkyApm.Transport.Grpc.V6.SegmentReporter : Report 2 trace segment. cost: 00:00:00.0041985s
2020-05-15 17:00:02.461 +08:00 [identitys_api] [Information] SkyApm.Transport.Grpc.V6.SegmentReporter : Report 1 trace segment. cost: 00:00:00.0011787s
2020-05-15 17:00:05.464 +08:00 [identitys_api] [Information] SkyApm.Transport.Grpc.V6.SegmentReporter : Report 1 trace segment. cost: 00:00:00.0008170s
2020-05-15 17:00:07.757 +08:00 [identitys_api] [Information] SkyApm.Service.CLRStatsService : Report CLR Stats. CPU UsagePercent 0.015625 GenCollectCount 0 0 0 49M ThreadPool 32763 32767 1000 1000
2020-05-15 17:00:08.476 +08:00 [identitys_api] [Information] SkyApm.Transport.Grpc.V6.SegmentReporter : Report 1 trace segment. cost: 00:00:00.0110321s
2020-05-15 17:00:11.464 +08:00 [identitys_api] [Information] SkyApm.Transport.Grpc.V6.SegmentReporter : Report 1 trace segment. cost: 00:00:00.0026304s
2020-05-15 17:00:14.462 +08:00 [identitys_api] [Information] SkyApm.Transport.Grpc.V6.SegmentReporter : Report 2 trace segment. cost: 00:00:00.0011956s
2020-05-15 17:00:17.462 +08:00 [identitys_api] [Information] SkyApm.Transport.Grpc.V6.SegmentReporter : Report 1 trace segment. cost: 00:00:00.0023095s
2020-05-15 17:00:20.462 +08:00 [identitys_api] [Information] SkyApm.Transport.Grpc.V6.SegmentReporter : Report 1 trace segment. cost: 00:00:00.0010597s
2020-05-15 17:00:23.502 +08:00 [identitys_api] [Information] SkyApm.Transport.Grpc.V6.SegmentReporter : Report 1 trace segment. cost: 00:00:00.0326539s
2020-05-15 17:00:26.461 +08:00 [identitys_api] [Information] SkyApm.Transport.Grpc.V6.SegmentReporter : Report 1 trace segment. cost: 00:00:00.0008289s
2020-05-15 17:00:29.461 +08:00 [identitys_api] [Information] SkyApm.Transport.Grpc.V6.SegmentReporter : Report 2 trace segment. cost: 00:00:00.0015699s
2020-05-15 17:00:32.463 +08:00 [identitys_api] [Information] SkyApm.Transport.Grpc.V6.SegmentReporter : Report 1 trace segment. cost: 00:00:00.0010262s
2020-05-15 17:00:35.465 +08:00 [identitys_api] [Information] SkyApm.Transport.Grpc.V6.SegmentReporter : Report 1 trace segment. cost: 00:00:00.0007783s
2020-05-15 17:00:37.756 +08:00 [identitys_api] [Information] SkyApm.Service.CLRStatsService : Report CLR Stats. CPU UsagePercent 0 GenCollectCount 0 0 0 50M ThreadPool 32761 32767 1000 1000
2020-05-15 17:00:37.756 +08:00 [identitys_api] [Information] SkyApm.Service.PingService : Ping server @2020/5/15 9:00:37 +00:00
2020-05-15 17:00:38.490 +08:00 [identitys_api] [Information] SkyApm.Transport.Grpc.V6.SegmentReporter : Report 1 trace segment. cost: 00:00:00.0211070s
2020-05-15 17:00:41.462 +08:00 [identitys_api] [Information] SkyApm.Transport.Grpc.V6.SegmentReporter : Report 1 trace segment. cost: 00:00:00.0015787s
2020-05-15 17:00:44.466 +08:00 [identitys_api] [Information] SkyApm.Transport.Grpc.V6.SegmentReporter : Report 2 trace segment. cost: 00:00:00.0010805s
2020-05-15 17:00:50.464 +08:00 [identitys_api] [Information] SkyApm.Transport.Grpc.V6.SegmentReporter : Report 2 trace segment. cost: 00:00:00.0010874s
2020-05-15 17:00:53.461 +08:00 [identitys_api] [Information] SkyApm.Transport.Grpc.V6.SegmentReporter : Report 1 trace segment. cost: 00:00:00.0010365s
2020-05-15 17:00:56.469 +08:00 [identitys_api] [Information] SkyApm.Transport.Grpc.V6.SegmentReporter : Report 1 trace segment. cost: 00:00:00.0022524s
2020-05-15 17:00:59.466 +08:00 [identitys_api] [Information] SkyApm.Transport.Grpc.V6.SegmentReporter : Report 2 trace segment. cost: 00:00:00.0010340s
2020-05-15 17:01:05.463 +08:00 [identitys_api] [Information] SkyApm.Transport.Grpc.V6.SegmentReporter : Report 2 trace segment. cost: 00:00:00.0013423s
2020-05-15 17:01:07.757 +08:00 [identitys_api] [Information] SkyApm.Service.CLRStatsService : Report CLR Stats. CPU UsagePercent 0 GenCollectCount 0 0 0 52M ThreadPool 32760 32767 1000 1000
2020-05-15 17:01:08.462 +08:00 [identitys_api] [Information] SkyApm.Transport.Grpc.V6.SegmentReporter : Report 1 trace segment. cost: 00:00:00.0010601s
2020-05-15 17:01:11.462 +08:00 [identitys_api] [Information] SkyApm.Transport.Grpc.V6.SegmentReporter : Report 1 trace segment. cost: 00:00:00.0021200s
2020-05-15 17:01:14.462 +08:00 [identitys_api] [Information] SkyApm.Transport.Grpc.V6.SegmentReporter : Report 2 trace segment. cost: 00:00:00.0022753s
2020-05-15 17:01:20.464 +08:00 [identitys_api] [Information] SkyApm.Transport.Grpc.V6.SegmentReporter : Report 2 trace segment. cost: 00:00:00.0011813s
2020-05-15 17:01:23.464 +08:00 [identitys_api] [Information] SkyApm.Transport.Grpc.V6.SegmentReporter : Report 1 trace segment. cost: 00:00:00.0008164s
2020-05-15 17:01:26.460 +08:00 [identitys_api] [Information] SkyApm.Transport.Grpc.V6.SegmentReporter : Report 1 trace segment. cost: 00:00:00.0014810s
2020-05-15 17:01:29.462 +08:00 [identitys_api] [Information] SkyApm.Transport.Grpc.V6.SegmentReporter : Report 2 trace segment. cost: 00:00:00.0029120s
2020-05-15 17:01:35.463 +08:00 [identitys_api] [Information] SkyApm.Transport.Grpc.V6.SegmentReporter : Report 2 trace segment. cost: 00:00:00.0039145s
2020-05-15 17:01:37.758 +08:00 [identitys_api] [Information] SkyApm.Service.CLRStatsService : Report CLR Stats. CPU UsagePercent 0 GenCollectCount 0 0 0 53M ThreadPool 32763 32767 1000 1000
2020-05-15 17:01:37.758 +08:00 [identitys_api] [Information] SkyApm.Service.PingService : Ping server @2020/5/15 9:01:37 +00:00
2020-05-15 17:01:38.468 +08:00 [identitys_api] [Information] SkyApm.Transport.Grpc.V6.SegmentReporter : Report 1 trace segment. cost: 00:00:00.0037073s
2020-05-15 17:01:41.461 +08:00 [identitys_api] [Information] SkyApm.Transport.Grpc.V6.SegmentReporter : Report 1 trace segment. cost: 00:00:00.0014308s
2020-05-15 17:01:44.461 +08:00 [identitys_api] [Information] SkyApm.Transport.Grpc.V6.SegmentReporter : Report 2 trace segment. cost: 00:00:00.0030810s
2020-05-15 17:01:50.461 +08:00 [identitys_api] [Information] SkyApm.Transport.Grpc.V6.SegmentReporter : Report 2 trace segment. cost: 00:00:00.0014083s
2020-05-15 17:01:53.460 +08:00 [identitys_api] [Information] SkyApm.Transport.Grpc.V6.SegmentReporter : Report 1 trace segment. cost: 00:00:00.0018059s
2020-05-15 17:01:56.460 +08:00 [identitys_api] [Information] SkyApm.Transport.Grpc.V6.SegmentReporter : Report 1 trace segment. cost: 00:00:00.0013825s
2020-05-15 17:01:59.462 +08:00 [identitys_api] [Information] SkyApm.Transport.Grpc.V6.SegmentReporter : Report 2 trace segment. cost: 00:00:00.0020297s
2020-05-15 17:02:05.463 +08:00 [identitys_api] [Information] SkyApm.Transport.Grpc.V6.SegmentReporter : Report 2 trace segment. cost: 00:00:00.0014990s
2020-05-15 17:02:07.762 +08:00 [identitys_api] [Information] SkyApm.Service.CLRStatsService : Report CLR Stats. CPU UsagePercent 0 GenCollectCount 0 0 0 54M ThreadPool 32762 32767 1000 1000
2020-05-15 17:02:08.460 +08:00 [identitys_api] [Information] SkyApm.Transport.Grpc.V6.SegmentReporter : Report 1 trace segment. cost: 00:00:00.0012825s
2020-05-15 17:02:11.462 +08:00 [identitys_api] [Information] SkyApm.Transport.Grpc.V6.SegmentReporter : Report 1 trace segment. cost: 00:00:00.0014041s
2020-05-15 17:02:14.463 +08:00 [identitys_api] [Information] SkyApm.Transport.Grpc.V6.SegmentReporter : Report 2 trace segment. cost: 00:00:00.0011567s
2020-05-15 17:02:20.463 +08:00 [identitys_api] [Information] SkyApm.Transport.Grpc.V6.SegmentReporter : Report 2 trace segment. cost: 00:00:00.0017106s
2020-05-15 17:02:23.462 +08:00 [identitys_api] [Information] SkyApm.Transport.Grpc.V6.SegmentReporter : Report 1 trace segment. cost: 00:00:00.0025481s
2020-05-15 17:02:26.461 +08:00 [identitys_api] [Information] SkyApm.Transport.Grpc.V6.SegmentReporter : Report 1 trace segment. cost: 00:00:00.0025643s
2020-05-15 17:02:29.460 +08:00 [identitys_api] [Information] SkyApm.Transport.Grpc.V6.SegmentReporter : Report 2 trace segment. cost: 00:00:00.0015315s
2020-05-15 17:02:35.460 +08:00 [identitys_api] [Information] SkyApm.Transport.Grpc.V6.SegmentReporter : Report 2 trace segment. cost: 00:00:00.0012335s
2020-05-15 17:02:37.757 +08:00 [identitys_api] [Information] SkyApm.Service.PingService : Ping server @2020/5/15 9:02:37 +00:00
2020-05-15 17:02:37.757 +08:00 [identitys_api] [Information] SkyApm.Service.CLRStatsService : Report CLR Stats. CPU UsagePercent 0 GenCollectCount 0 0 0 55M ThreadPool 32761 32767 1000 1000
2020-05-15 17:02:38.467 +08:00 [identitys_api] [Information] SkyApm.Transport.Grpc.V6.SegmentReporter : Report 1 trace segment. cost: 00:00:00.0008574s
2020-05-15 17:02:41.464 +08:00 [identitys_api] [Information] SkyApm.Transport.Grpc.V6.SegmentReporter : Report 1 trace segment. cost: 00:00:00.0025521s
2020-05-15 17:02:44.460 +08:00 [identitys_api] [Information] SkyApm.Transport.Grpc.V6.SegmentReporter : Report 2 trace segment. cost: 00:00:00.0012805s
2020-05-15 17:02:50.463 +08:00 [identitys_api] [Information] SkyApm.Transport.Grpc.V6.SegmentReporter : Report 2 trace segment. cost: 00:00:00.0013183s
2020-05-15 17:02:53.461 +08:00 [identitys_api] [Information] SkyApm.Transport.Grpc.V6.SegmentReporter : Report 1 trace segment. cost: 00:00:00.0009688s
2020-05-15 17:02:56.461 +08:00 [identitys_api] [Information] SkyApm.Transport.Grpc.V6.SegmentReporter : Report 1 trace segment. cost: 00:00:00.0012903s
2020-05-15 17:02:59.461 +08:00 [identitys_api] [Information] SkyApm.Transport.Grpc.V6.SegmentReporter : Report 2 trace segment. cost: 00:00:00.0015025s
2020-05-15 17:03:05.464 +08:00 [identitys_api] [Information] SkyApm.Transport.Grpc.V6.SegmentReporter : Report 2 trace segment. cost: 00:00:00.0010936s
2020-05-15 17:03:07.756 +08:00 [identitys_api] [Information] SkyApm.Service.CLRStatsService : Report CLR Stats. CPU UsagePercent 0 GenCollectCount 0 0 0 56M ThreadPool 32760 32767 1000 1000
2020-05-15 17:03:08.466 +08:00 [identitys_api] [Information] SkyApm.Transport.Grpc.V6.SegmentReporter : Report 1 trace segment. cost: 00:00:00.0008774s
2020-05-15 17:03:11.462 +08:00 [identitys_api] [Information] SkyApm.Transport.Grpc.V6.SegmentReporter : Report 1 trace segment. cost: 00:00:00.0008232s
2020-05-15 17:03:14.462 +08:00 [identitys_api] [Information] SkyApm.Transport.Grpc.V6.SegmentReporter : Report 2 trace segment. cost: 00:00:00.0016302s
2020-05-15 17:03:20.461 +08:00 [identitys_api] [Information] SkyApm.Transport.Grpc.V6.SegmentReporter : Report 2 trace segment. cost: 00:00:00.0015787s
2020-05-15 17:03:23.463 +08:00 [identitys_api] [Information] SkyApm.Transport.Grpc.V6.SegmentReporter : Report 1 trace segment. cost: 00:00:00.0043412s
2020-05-15 17:03:26.464 +08:00 [identitys_api] [Information] SkyApm.Transport.Grpc.V6.SegmentReporter : Report 1 trace segment. cost: 00:00:00.0035915s
2020-05-15 17:03:29.454 +08:00 [identitys_api] [Information] SkyApm.Transport.Grpc.V6.SegmentReporter : Report 2 trace segment. cost: 00:00:00.0011846s
2020-05-15 17:03:35.461 +08:00 [identitys_api] [Information] SkyApm.Transport.Grpc.V6.SegmentReporter : Report 2 trace segment. cost: 00:00:00.0014940s
2020-05-15 17:03:37.758 +08:00 [identitys_api] [Information] SkyApm.Service.CLRStatsService : Report CLR Stats. CPU UsagePercent 0 GenCollectCount 0 0 0 57M ThreadPool 32761 32767 1000 1000
2020-05-15 17:03:37.758 +08:00 [identitys_api] [Information] SkyApm.Service.PingService : Ping server @2020/5/15 9:03:37 +00:00
2020-05-15 17:03:38.463 +08:00 [identitys_api] [Information] SkyApm.Transport.Grpc.V6.SegmentReporter : Report 1 trace segment. cost: 00:00:00.0012488s
2020-05-15 17:03:41.460 +08:00 [identitys_api] [Information] SkyApm.Transport.Grpc.V6.SegmentReporter : Report 1 trace segment. cost: 00:00:00.0014159s
2020-05-15 17:03:44.465 +08:00 [identitys_api] [Information] SkyApm.Transport.Grpc.V6.SegmentReporter : Report 2 trace segment. cost: 00:00:00.0009701s
2020-05-15 17:03:50.460 +08:00 [identitys_api] [Information] SkyApm.Transport.Grpc.V6.SegmentReporter : Report 2 trace segment. cost: 00:00:00.0014884s
2020-05-15 17:03:53.459 +08:00 [identitys_api] [Information] SkyApm.Transport.Grpc.V6.SegmentReporter : Report 1 trace segment. cost: 00:00:00.0009400s
2020-05-15 17:03:56.462 +08:00 [identitys_api] [Information] SkyApm.Transport.Grpc.V6.SegmentReporter : Report 1 trace segment. cost: 00:00:00.0012661s
2020-05-15 17:03:59.463 +08:00 [identitys_api] [Information] SkyApm.Transport.Grpc.V6.SegmentReporter : Report 2 trace segment. cost: 00:00:00.0017483s
2020-05-15 17:04:05.460 +08:00 [identitys_api] [Information] SkyApm.Transport.Grpc.V6.SegmentReporter : Report 2 trace segment. cost: 00:00:00.0012771s
2020-05-15 17:04:07.758 +08:00 [identitys_api] [Information] SkyApm.Service.CLRStatsService : Report CLR Stats. CPU UsagePercent 0 GenCollectCount 0 0 0 58M ThreadPool 32763 32767 1000 1000
2020-05-15 17:04:08.466 +08:00 [identitys_api] [Information] SkyApm.Transport.Grpc.V6.SegmentReporter : Report 1 trace segment. cost: 00:00:00.0028114s
2020-05-15 17:04:11.461 +08:00 [identitys_api] [Information] SkyApm.Transport.Grpc.V6.SegmentReporter : Report 1 trace segment. cost: 00:00:00.0015221s
2020-05-15 17:04:14.466 +08:00 [identitys_api] [Information] SkyApm.Transport.Grpc.V6.SegmentReporter : Report 2 trace segment. cost: 00:00:00.0009651s
2020-05-15 17:04:20.461 +08:00 [identitys_api] [Information] SkyApm.Transport.Grpc.V6.SegmentReporter : Report 2 trace segment. cost: 00:00:00.0015352s
2020-05-15 17:04:23.460 +08:00 [identitys_api] [Information] SkyApm.Transport.Grpc.V6.SegmentReporter : Report 1 trace segment. cost: 00:00:00.0012607s
2020-05-15 17:04:26.460 +08:00 [identitys_api] [Information] SkyApm.Transport.Grpc.V6.SegmentReporter : Report 1 trace segment. cost: 00:00:00.0007620s
2020-05-15 17:04:29.453 +08:00 [identitys_api] [Information] SkyApm.Transport.Grpc.V6.SegmentReporter : Report 2 trace segment. cost: 00:00:00.0013240s
2020-05-15 17:04:35.466 +08:00 [identitys_api] [Information] SkyApm.Transport.Grpc.V6.SegmentReporter : Report 2 trace segment. cost: 00:00:00.0010924s
2020-05-15 17:04:37.760 +08:00 [identitys_api] [Information] SkyApm.Service.PingService : Ping server @2020/5/15 9:04:37 +00:00
2020-05-15 17:04:37.760 +08:00 [identitys_api] [Information] SkyApm.Service.CLRStatsService : Report CLR Stats. CPU UsagePercent 0 GenCollectCount 0 0 0 59M ThreadPool 32761 32767 1000 1000
2020-05-15 17:04:38.453 +08:00 [identitys_api] [Information] SkyApm.Transport.Grpc.V6.SegmentReporter : Report 1 trace segment. cost: 00:00:00.0009017s
2020-05-15 17:04:41.463 +08:00 [identitys_api] [Information] SkyApm.Transport.Grpc.V6.SegmentReporter : Report 1 trace segment. cost: 00:00:00.0019723s
2020-05-15 17:04:44.463 +08:00 [identitys_api] [Information] SkyApm.Transport.Grpc.V6.SegmentReporter : Report 2 trace segment. cost: 00:00:00.0027387s
2020-05-15 17:04:50.464 +08:00 [identitys_api] [Information] SkyApm.Transport.Grpc.V6.SegmentReporter : Report 2 trace segment. cost: 00:00:00.0011951s
2020-05-15 17:04:53.453 +08:00 [identitys_api] [Information] SkyApm.Transport.Grpc.V6.SegmentReporter : Report 1 trace segment. cost: 00:00:00.0008719s
2020-05-15 17:04:56.461 +08:00 [identitys_api] [Information] SkyApm.Transport.Grpc.V6.SegmentReporter : Report 1 trace segment. cost: 00:00:00.0010902s
2020-05-15 17:04:59.464 +08:00 [identitys_api] [Information] SkyApm.Transport.Grpc.V6.SegmentReporter : Report 2 trace segment. cost: 00:00:00.0010265s
2020-05-15 17:05:05.463 +08:00 [identitys_api] [Information] SkyApm.Transport.Grpc.V6.SegmentReporter : Report 2 trace segment. cost: 00:00:00.0013874s
2020-05-15 17:05:07.756 +08:00 [identitys_api] [Information] SkyApm.Service.CLRStatsService : Report CLR Stats. CPU UsagePercent 0 GenCollectCount 0 0 0 60M ThreadPool 32760 32767 1000 1000
2020-05-15 17:05:08.465 +08:00 [identitys_api] [Information] SkyApm.Transport.Grpc.V6.SegmentReporter : Report 1 trace segment. cost: 00:00:00.0010366s
2020-05-15 17:05:11.465 +08:00 [identitys_api] [Information] SkyApm.Transport.Grpc.V6.SegmentReporter : Report 1 trace segment. cost: 00:00:00.0007917s
2020-05-15 17:05:14.462 +08:00 [identitys_api] [Information] SkyApm.Transport.Grpc.V6.SegmentReporter : Report 2 trace segment. cost: 00:00:00.0011663s
2020-05-15 17:05:20.465 +08:00 [identitys_api] [Information] SkyApm.Transport.Grpc.V6.SegmentReporter : Report 2 trace segment. cost: 00:00:00.0010697s
2020-05-15 17:05:23.461 +08:00 [identitys_api] [Information] SkyApm.Transport.Grpc.V6.SegmentReporter : Report 1 trace segment. cost: 00:00:00.0011507s
2020-05-15 17:05:26.460 +08:00 [identitys_api] [Information] SkyApm.Transport.Grpc.V6.SegmentReporter : Report 1 trace segment. cost: 00:00:00.0013773s
2020-05-15 17:05:29.494 +08:00 [identitys_api] [Information] SkyApm.Transport.Grpc.V6.SegmentReporter : Report 2 trace segment. cost: 00:00:00.0284389s
2020-05-15 17:05:35.463 +08:00 [identitys_api] [Information] SkyApm.Transport.Grpc.V6.SegmentReporter : Report 2 trace segment. cost: 00:00:00.0012860s
2020-05-15 17:05:37.757 +08:00 [identitys_api] [Information] SkyApm.Service.PingService : Ping server @2020/5/15 9:05:37 +00:00
2020-05-15 17:05:37.757 +08:00 [identitys_api] [Information] SkyApm.Service.CLRStatsService : Report CLR Stats. CPU UsagePercent 0 GenCollectCount 0 0 0 61M ThreadPool 32761 32767 1000 1000
2020-05-15 17:05:38.463 +08:00 [identitys_api] [Information] SkyApm.Transport.Grpc.V6.SegmentReporter : Report 1 trace segment. cost: 00:00:00.0009056s
2020-05-15 17:05:41.463 +08:00 [identitys_api] [Information] SkyApm.Transport.Grpc.V6.SegmentReporter : Report 1 trace segment. cost: 00:00:00.0020743s
2020-05-15 17:05:44.487 +08:00 [identitys_api] [Information] SkyApm.Transport.Grpc.V6.SegmentReporter : Report 1 trace segment. cost: 00:00:00.0275936s
2020-05-15 17:05:47.461 +08:00 [identitys_api] [Information] SkyApm.Transport.Grpc.V6.SegmentReporter : Report 1 trace segment. cost: 00:00:00.0009069s
2020-05-15 17:05:50.460 +08:00 [identitys_api] [Information] SkyApm.Transport.Grpc.V6.SegmentReporter : Report 2 trace segment. cost: 00:00:00.0013276s
2020-05-15 17:05:52.786 +08:00 [identitys_api] [Information] SkyApm.Transport.Grpc.ConnectionManager : Shutdown connection[localhost:11800].
