2020-05-15 11:54:54.900 +08:00 [contacts_api] [Information] SkyApm.InstrumentStartup : Initializing ...
2020-05-15 11:54:55.017 +08:00 [contacts_api] [Information] SkyApm.Service.RegisterService : Loaded instrument service [SkyApm.Service.RegisterService].
2020-05-15 11:54:55.017 +08:00 [contacts_api] [Information] SkyApm.Service.PingService : Loaded instrument service [SkyApm.Service.PingService].
2020-05-15 11:54:55.017 +08:00 [contacts_api] [Information] SkyApm.Service.ServiceDiscoveryV5Service : Loaded instrument service [SkyApm.Service.ServiceDiscoveryV5Service].
2020-05-15 11:54:55.018 +08:00 [contacts_api] [Information] SkyApm.Service.SegmentReportService : Loaded instrument service [SkyApm.Service.SegmentReportService].
2020-05-15 11:54:55.020 +08:00 [contacts_api] [Information] SkyApm.Service.CLRStatsService : Loaded instrument service [SkyApm.Service.CLRStatsService].
2020-05-15 11:54:55.020 +08:00 [contacts_api] [Information] SkyApm.Sampling.SimpleCountSamplingInterceptor : Loaded instrument service [SkyApm.Sampling.SimpleCountSamplingInterceptor].
2020-05-15 11:54:55.020 +08:00 [contacts_api] [Information] SkyApm.Transport.Grpc.V6.ConnectService : Loaded instrument service [SkyApm.Transport.Grpc.V6.ConnectService].
2020-05-15 11:54:55.205 +08:00 [contacts_api] [Information] SkyApm.Diagnostics.TracingDiagnosticProcessorObserver : Loaded diagnostic listener [HttpHandlerDiagnosticListener].
2020-05-15 11:54:55.206 +08:00 [contacts_api] [Information] SkyApm.Diagnostics.TracingDiagnosticProcessorObserver : Loaded diagnostic listener [Microsoft.AspNetCore].
2020-05-15 11:54:55.206 +08:00 [contacts_api] [Information] SkyApm.InstrumentStartup : Started SkyAPM .NET Core Agent.
2020-05-15 11:54:55.730 +08:00 [contacts_api] [Information] SkyApm.Transport.Grpc.ConnectionManager : Connected server[localhost:11800].
2020-05-15 11:55:25.041 +08:00 [contacts_api] [Information] SkyApm.Service.RegisterService : Registered Service[Id=9].
2020-05-15 11:55:25.577 +08:00 [contacts_api] [Information] SkyApm.Service.RegisterService : Registered ServiceInstance[Id=15].
2020-05-15 11:55:28.058 +08:00 [contacts_api] [Information] SkyApm.Transport.Grpc.V6.SegmentReporter : Report 1 trace segment. cost: 00:00:00.0282398s
2020-05-15 11:55:34.031 +08:00 [contacts_api] [Information] SkyApm.Transport.Grpc.V6.SegmentReporter : Report 1 trace segment. cost: 00:00:00.0021007s
2020-05-15 11:55:37.027 +08:00 [contacts_api] [Information] SkyApm.Transport.Grpc.V6.SegmentReporter : Report 1 trace segment. cost: 00:00:00.0021809s
2020-05-15 11:55:43.027 +08:00 [contacts_api] [Information] SkyApm.Transport.Grpc.V6.SegmentReporter : Report 1 trace segment. cost: 00:00:00.0018696s
2020-05-15 11:55:49.031 +08:00 [contacts_api] [Information] SkyApm.Transport.Grpc.V6.SegmentReporter : Report 1 trace segment. cost: 00:00:00.0021075s
2020-05-15 11:55:52.032 +08:00 [contacts_api] [Information] SkyApm.Transport.Grpc.V6.SegmentReporter : Report 1 trace segment. cost: 00:00:00.0018157s
2020-05-15 11:55:55.049 +08:00 [contacts_api] [Information] SkyApm.Service.CLRStatsService : Report CLR Stats. CPU UsagePercent 0 GenCollectCount 0 0 0 11M ThreadPool 32764 32767 1000 1000
2020-05-15 11:55:58.034 +08:00 [contacts_api] [Information] SkyApm.Transport.Grpc.V6.SegmentReporter : Report 1 trace segment. cost: 00:00:00.0036599s
2020-05-15 11:56:04.027 +08:00 [contacts_api] [Information] SkyApm.Transport.Grpc.V6.SegmentReporter : Report 1 trace segment. cost: 00:00:00.0024730s
2020-05-15 11:56:07.027 +08:00 [contacts_api] [Information] SkyApm.Transport.Grpc.V6.SegmentReporter : Report 1 trace segment. cost: 00:00:00.0020677s
2020-05-15 11:56:13.030 +08:00 [contacts_api] [Information] SkyApm.Transport.Grpc.V6.SegmentReporter : Report 1 trace segment. cost: 00:00:00.0028284s
2020-05-15 11:56:19.027 +08:00 [contacts_api] [Information] SkyApm.Transport.Grpc.V6.SegmentReporter : Report 1 trace segment. cost: 00:00:00.0024639s
2020-05-15 11:56:22.033 +08:00 [contacts_api] [Information] SkyApm.Transport.Grpc.V6.SegmentReporter : Report 1 trace segment. cost: 00:00:00.0028168s
2020-05-15 11:56:25.027 +08:00 [contacts_api] [Information] SkyApm.Service.CLRStatsService : Report CLR Stats. CPU UsagePercent 0 GenCollectCount 0 0 0 12M ThreadPool 32758 32767 1000 1000
2020-05-15 11:56:25.040 +08:00 [contacts_api] [Information] SkyApm.Service.PingService : Ping server @2020/5/15 3:56:25 +00:00
2020-05-15 11:56:28.030 +08:00 [contacts_api] [Information] SkyApm.Transport.Grpc.V6.SegmentReporter : Report 1 trace segment. cost: 00:00:00.0029247s
2020-05-15 16:00:45.107 +08:00 [contacts_api] [Information] SkyApm.InstrumentStartup : Initializing ...
2020-05-15 16:00:45.141 +08:00 [contacts_api] [Information] SkyApm.Service.RegisterService : Loaded instrument service [SkyApm.Service.RegisterService].
2020-05-15 16:00:45.142 +08:00 [contacts_api] [Information] SkyApm.Service.PingService : Loaded instrument service [SkyApm.Service.PingService].
2020-05-15 16:00:45.142 +08:00 [contacts_api] [Information] SkyApm.Service.ServiceDiscoveryV5Service : Loaded instrument service [SkyApm.Service.ServiceDiscoveryV5Service].
2020-05-15 16:00:45.142 +08:00 [contacts_api] [Information] SkyApm.Service.SegmentReportService : Loaded instrument service [SkyApm.Service.SegmentReportService].
2020-05-15 16:00:45.142 +08:00 [contacts_api] [Information] SkyApm.Service.CLRStatsService : Loaded instrument service [SkyApm.Service.CLRStatsService].
2020-05-15 16:00:45.142 +08:00 [contacts_api] [Information] SkyApm.Sampling.SimpleCountSamplingInterceptor : Loaded instrument service [SkyApm.Sampling.SimpleCountSamplingInterceptor].
2020-05-15 16:00:45.143 +08:00 [contacts_api] [Information] SkyApm.Transport.Grpc.V6.ConnectService : Loaded instrument service [SkyApm.Transport.Grpc.V6.ConnectService].
2020-05-15 16:00:45.503 +08:00 [contacts_api] [Information] SkyApm.Diagnostics.TracingDiagnosticProcessorObserver : Loaded diagnostic listener [HttpHandlerDiagnosticListener].
2020-05-15 16:00:45.504 +08:00 [contacts_api] [Information] SkyApm.Diagnostics.TracingDiagnosticProcessorObserver : Loaded diagnostic listener [Microsoft.AspNetCore].
2020-05-15 16:00:45.504 +08:00 [contacts_api] [Information] SkyApm.InstrumentStartup : Started SkyAPM .NET Core Agent.
2020-05-15 16:00:47.211 +08:00 [contacts_api] [Information] SkyApm.Transport.Grpc.ConnectionManager : Connected server[localhost:11800].
2020-05-15 16:01:15.732 +08:00 [contacts_api] [Information] SkyApm.Service.RegisterService : Registered Service[Id=4].
2020-05-15 16:01:16.260 +08:00 [contacts_api] [Information] SkyApm.Service.RegisterService : Registered ServiceInstance[Id=4].
2020-05-15 16:01:21.175 +08:00 [contacts_api] [Information] SkyApm.Transport.Grpc.V6.SegmentReporter : Report 1 trace segment. cost: 00:00:00.0282612s
2020-05-15 16:01:27.154 +08:00 [contacts_api] [Information] SkyApm.Transport.Grpc.V6.SegmentReporter : Report 1 trace segment. cost: 00:00:00.0040617s
2020-05-15 16:01:33.148 +08:00 [contacts_api] [Information] SkyApm.Transport.Grpc.V6.SegmentReporter : Report 1 trace segment. cost: 00:00:00.0062815s
2020-05-15 16:01:36.150 +08:00 [contacts_api] [Information] SkyApm.Transport.Grpc.V6.SegmentReporter : Report 1 trace segment. cost: 00:00:00.0079763s
2020-05-15 16:01:42.144 +08:00 [contacts_api] [Information] SkyApm.Transport.Grpc.V6.SegmentReporter : Report 1 trace segment. cost: 00:00:00.0020854s
2020-05-15 16:01:45.169 +08:00 [contacts_api] [Information] SkyApm.Service.CLRStatsService : Report CLR Stats. CPU UsagePercent 0 GenCollectCount 0 0 0 11M ThreadPool 32765 32767 1000 1000
2020-05-15 16:01:48.159 +08:00 [contacts_api] [Information] SkyApm.Transport.Grpc.V6.SegmentReporter : Report 1 trace segment. cost: 00:00:00.0040514s
2020-05-15 16:01:51.156 +08:00 [contacts_api] [Information] SkyApm.Transport.Grpc.V6.SegmentReporter : Report 1 trace segment. cost: 00:00:00.0026690s
2020-05-15 16:01:57.151 +08:00 [contacts_api] [Information] SkyApm.Transport.Grpc.V6.SegmentReporter : Report 1 trace segment. cost: 00:00:00.0048643s
2020-05-15 16:02:03.151 +08:00 [contacts_api] [Information] SkyApm.Transport.Grpc.V6.SegmentReporter : Report 1 trace segment. cost: 00:00:00.0032579s
2020-05-15 16:07:33.590 +08:00 [contacts_api] [Information] SkyApm.InstrumentStartup : Initializing ...
2020-05-15 16:07:33.631 +08:00 [contacts_api] [Information] SkyApm.Service.RegisterService : Loaded instrument service [SkyApm.Service.RegisterService].
2020-05-15 16:07:33.632 +08:00 [contacts_api] [Information] SkyApm.Service.PingService : Loaded instrument service [SkyApm.Service.PingService].
2020-05-15 16:07:33.632 +08:00 [contacts_api] [Information] SkyApm.Service.ServiceDiscoveryV5Service : Loaded instrument service [SkyApm.Service.ServiceDiscoveryV5Service].
2020-05-15 16:07:33.633 +08:00 [contacts_api] [Information] SkyApm.Service.SegmentReportService : Loaded instrument service [SkyApm.Service.SegmentReportService].
2020-05-15 16:07:33.634 +08:00 [contacts_api] [Information] SkyApm.Service.CLRStatsService : Loaded instrument service [SkyApm.Service.CLRStatsService].
2020-05-15 16:07:33.634 +08:00 [contacts_api] [Information] SkyApm.Sampling.SimpleCountSamplingInterceptor : Loaded instrument service [SkyApm.Sampling.SimpleCountSamplingInterceptor].
2020-05-15 16:07:33.634 +08:00 [contacts_api] [Information] SkyApm.Transport.Grpc.V6.ConnectService : Loaded instrument service [SkyApm.Transport.Grpc.V6.ConnectService].
2020-05-15 16:07:33.812 +08:00 [contacts_api] [Information] SkyApm.Diagnostics.TracingDiagnosticProcessorObserver : Loaded diagnostic listener [HttpHandlerDiagnosticListener].
2020-05-15 16:07:33.814 +08:00 [contacts_api] [Information] SkyApm.Diagnostics.TracingDiagnosticProcessorObserver : Loaded diagnostic listener [Microsoft.AspNetCore].
2020-05-15 16:07:33.814 +08:00 [contacts_api] [Information] SkyApm.InstrumentStartup : Started SkyAPM .NET Core Agent.
2020-05-15 16:07:33.941 +08:00 [contacts_api] [Information] SkyApm.Transport.Grpc.ConnectionManager : Connected server[localhost:11800].
2020-05-15 16:07:34.382 +08:00 [contacts_api] [Information] SkyApm.Service.RegisterService : Registered Service[Id=4].
2020-05-15 16:07:34.931 +08:00 [contacts_api] [Information] SkyApm.Service.RegisterService : Registered ServiceInstance[Id=5].
2020-05-15 16:07:39.670 +08:00 [contacts_api] [Information] SkyApm.Transport.Grpc.V6.SegmentReporter : Report 1 trace segment. cost: 00:00:00.0312237s
2020-05-15 16:07:42.651 +08:00 [contacts_api] [Information] SkyApm.Transport.Grpc.V6.SegmentReporter : Report 1 trace segment. cost: 00:00:00.0170564s
2020-05-15 16:07:48.635 +08:00 [contacts_api] [Information] SkyApm.Transport.Grpc.V6.SegmentReporter : Report 1 trace segment. cost: 00:00:00.0025368s
2020-05-15 16:07:54.636 +08:00 [contacts_api] [Information] SkyApm.Transport.Grpc.V6.SegmentReporter : Report 1 trace segment. cost: 00:00:00.0032194s
2020-05-15 16:07:57.637 +08:00 [contacts_api] [Information] SkyApm.Transport.Grpc.V6.SegmentReporter : Report 1 trace segment. cost: 00:00:00.0036948s
2020-05-15 16:08:03.649 +08:00 [contacts_api] [Information] SkyApm.Transport.Grpc.V6.SegmentReporter : Report 1 trace segment. cost: 00:00:00.0022928s
2020-05-15 16:08:03.665 +08:00 [contacts_api] [Information] SkyApm.Service.PingService : Ping server @2020/5/15 8:08:03 +00:00
2020-05-15 16:08:03.665 +08:00 [contacts_api] [Information] SkyApm.Service.CLRStatsService : Report CLR Stats. CPU UsagePercent 0 GenCollectCount 0 0 0 10M ThreadPool 32764 32767 1000 1000
2020-05-15 16:08:09.635 +08:00 [contacts_api] [Information] SkyApm.Transport.Grpc.V6.SegmentReporter : Report 1 trace segment. cost: 00:00:00.0019427s
2020-05-15 16:08:12.635 +08:00 [contacts_api] [Information] SkyApm.Transport.Grpc.V6.SegmentReporter : Report 1 trace segment. cost: 00:00:00.0019573s
2020-05-15 16:08:18.635 +08:00 [contacts_api] [Information] SkyApm.Transport.Grpc.V6.SegmentReporter : Report 1 trace segment. cost: 00:00:00.0021756s
2020-05-15 16:08:24.636 +08:00 [contacts_api] [Information] SkyApm.Transport.Grpc.V6.SegmentReporter : Report 1 trace segment. cost: 00:00:00.0032854s
2020-05-15 16:08:27.635 +08:00 [contacts_api] [Information] SkyApm.Transport.Grpc.V6.SegmentReporter : Report 1 trace segment. cost: 00:00:00.0021086s
2020-05-15 16:08:33.656 +08:00 [contacts_api] [Information] SkyApm.Service.CLRStatsService : Report CLR Stats. CPU UsagePercent 0 GenCollectCount 0 0 0 11M ThreadPool 32757 32767 1000 1000
2020-05-15 16:08:33.663 +08:00 [contacts_api] [Information] SkyApm.Transport.Grpc.V6.SegmentReporter : Report 1 trace segment. cost: 00:00:00.0151824s
2020-05-15 16:08:39.634 +08:00 [contacts_api] [Information] SkyApm.Transport.Grpc.V6.SegmentReporter : Report 1 trace segment. cost: 00:00:00.0020549s
2020-05-15 16:08:42.634 +08:00 [contacts_api] [Information] SkyApm.Transport.Grpc.V6.SegmentReporter : Report 1 trace segment. cost: 00:00:00.0018348s
2020-05-15 16:08:48.637 +08:00 [contacts_api] [Information] SkyApm.Transport.Grpc.V6.SegmentReporter : Report 1 trace segment. cost: 00:00:00.0027535s
2020-05-15 16:08:54.636 +08:00 [contacts_api] [Information] SkyApm.Transport.Grpc.V6.SegmentReporter : Report 1 trace segment. cost: 00:00:00.0028143s
2020-05-15 16:08:57.635 +08:00 [contacts_api] [Information] SkyApm.Transport.Grpc.V6.SegmentReporter : Report 1 trace segment. cost: 00:00:00.0022027s
2020-05-15 16:09:03.635 +08:00 [contacts_api] [Information] SkyApm.Service.PingService : Ping server @2020/5/15 8:09:03 +00:00
2020-05-15 16:09:03.636 +08:00 [contacts_api] [Information] SkyApm.Transport.Grpc.V6.SegmentReporter : Report 1 trace segment. cost: 00:00:00.0037243s
2020-05-15 16:09:03.648 +08:00 [contacts_api] [Information] SkyApm.Service.CLRStatsService : Report CLR Stats. CPU UsagePercent 0 GenCollectCount 0 0 0 12M ThreadPool 32760 32767 1000 1000
2020-05-15 16:09:09.635 +08:00 [contacts_api] [Information] SkyApm.Transport.Grpc.V6.SegmentReporter : Report 1 trace segment. cost: 00:00:00.0018037s
2020-05-15 16:33:57.669 +08:00 [contacts_api] [Information] SkyApm.InstrumentStartup : Initializing ...
2020-05-15 16:33:57.716 +08:00 [contacts_api] [Information] SkyApm.Service.RegisterService : Loaded instrument service [SkyApm.Service.RegisterService].
2020-05-15 16:33:57.717 +08:00 [contacts_api] [Information] SkyApm.Service.PingService : Loaded instrument service [SkyApm.Service.PingService].
2020-05-15 16:33:57.717 +08:00 [contacts_api] [Information] SkyApm.Service.ServiceDiscoveryV5Service : Loaded instrument service [SkyApm.Service.ServiceDiscoveryV5Service].
2020-05-15 16:33:57.717 +08:00 [contacts_api] [Information] SkyApm.Service.SegmentReportService : Loaded instrument service [SkyApm.Service.SegmentReportService].
2020-05-15 16:33:57.717 +08:00 [contacts_api] [Information] SkyApm.Service.CLRStatsService : Loaded instrument service [SkyApm.Service.CLRStatsService].
2020-05-15 16:33:57.717 +08:00 [contacts_api] [Information] SkyApm.Sampling.SimpleCountSamplingInterceptor : Loaded instrument service [SkyApm.Sampling.SimpleCountSamplingInterceptor].
2020-05-15 16:33:57.718 +08:00 [contacts_api] [Information] SkyApm.Transport.Grpc.V6.ConnectService : Loaded instrument service [SkyApm.Transport.Grpc.V6.ConnectService].
2020-05-15 16:33:57.843 +08:00 [contacts_api] [Information] SkyApm.Diagnostics.TracingDiagnosticProcessorObserver : Loaded diagnostic listener [HttpHandlerDiagnosticListener].
2020-05-15 16:33:57.845 +08:00 [contacts_api] [Information] SkyApm.Diagnostics.TracingDiagnosticProcessorObserver : Loaded diagnostic listener [Microsoft.AspNetCore].
2020-05-15 16:33:57.845 +08:00 [contacts_api] [Information] SkyApm.InstrumentStartup : Started SkyAPM .NET Core Agent.
2020-05-15 16:33:58.002 +08:00 [contacts_api] [Information] SkyApm.Transport.Grpc.ConnectionManager : Connected server[localhost:11800].
2020-05-15 16:33:58.507 +08:00 [contacts_api] [Information] SkyApm.Service.RegisterService : Registered Service[Id=4].
2020-05-15 16:33:59.061 +08:00 [contacts_api] [Information] SkyApm.Service.RegisterService : Registered ServiceInstance[Id=7].
2020-05-15 16:34:03.770 +08:00 [contacts_api] [Information] SkyApm.Transport.Grpc.V6.SegmentReporter : Report 1 trace segment. cost: 00:00:00.0355871s
2020-05-15 16:34:09.733 +08:00 [contacts_api] [Information] SkyApm.Transport.Grpc.V6.SegmentReporter : Report 1 trace segment. cost: 00:00:00.0039422s
2020-05-15 16:34:12.734 +08:00 [contacts_api] [Information] SkyApm.Transport.Grpc.V6.SegmentReporter : Report 1 trace segment. cost: 00:00:00.0053245s
2020-05-15 16:34:18.731 +08:00 [contacts_api] [Information] SkyApm.Transport.Grpc.V6.SegmentReporter : Report 1 trace segment. cost: 00:00:00.0034852s
2020-05-15 16:34:24.730 +08:00 [contacts_api] [Information] SkyApm.Transport.Grpc.V6.SegmentReporter : Report 1 trace segment. cost: 00:00:00.0031722s
2020-05-15 16:34:27.755 +08:00 [contacts_api] [Information] SkyApm.Service.CLRStatsService : Report CLR Stats. CPU UsagePercent 0 GenCollectCount 0 0 0 10M ThreadPool 32762 32767 1000 1000
2020-05-15 16:34:27.755 +08:00 [contacts_api] [Information] SkyApm.Service.PingService : Ping server @2020/5/15 8:34:27 +00:00
2020-05-15 16:34:30.729 +08:00 [contacts_api] [Information] SkyApm.Transport.Grpc.V6.SegmentReporter : Report 1 trace segment. cost: 00:00:00.0040253s
2020-05-15 16:34:33.730 +08:00 [contacts_api] [Information] SkyApm.Transport.Grpc.V6.SegmentReporter : Report 1 trace segment. cost: 00:00:00.0030255s
2020-05-15 16:34:39.733 +08:00 [contacts_api] [Information] SkyApm.Transport.Grpc.V6.SegmentReporter : Report 1 trace segment. cost: 00:00:00.0037672s
2020-05-15 16:34:45.730 +08:00 [contacts_api] [Information] SkyApm.Transport.Grpc.V6.SegmentReporter : Report 1 trace segment. cost: 00:00:00.0049723s
2020-05-15 16:34:48.733 +08:00 [contacts_api] [Information] SkyApm.Transport.Grpc.V6.SegmentReporter : Report 1 trace segment. cost: 00:00:00.0043101s
2020-05-15 16:34:54.729 +08:00 [contacts_api] [Information] SkyApm.Transport.Grpc.V6.SegmentReporter : Report 1 trace segment. cost: 00:00:00.0026965s
2020-05-15 16:34:57.736 +08:00 [contacts_api] [Information] SkyApm.Service.CLRStatsService : Report CLR Stats. CPU UsagePercent 0 GenCollectCount 0 0 0 11M ThreadPool 32760 32767 1000 1000
2020-05-15 16:35:00.728 +08:00 [contacts_api] [Information] SkyApm.Transport.Grpc.V6.SegmentReporter : Report 1 trace segment. cost: 00:00:00.0022763s
2020-05-15 16:35:03.730 +08:00 [contacts_api] [Information] SkyApm.Transport.Grpc.V6.SegmentReporter : Report 1 trace segment. cost: 00:00:00.0029458s
2020-05-15 16:35:09.728 +08:00 [contacts_api] [Information] SkyApm.Transport.Grpc.V6.SegmentReporter : Report 1 trace segment. cost: 00:00:00.0017517s
2020-05-15 16:35:15.732 +08:00 [contacts_api] [Information] SkyApm.Transport.Grpc.V6.SegmentReporter : Report 1 trace segment. cost: 00:00:00.0024473s
2020-05-15 16:35:18.732 +08:00 [contacts_api] [Information] SkyApm.Transport.Grpc.V6.SegmentReporter : Report 1 trace segment. cost: 00:00:00.0021555s
2020-05-15 16:35:24.728 +08:00 [contacts_api] [Information] SkyApm.Transport.Grpc.V6.SegmentReporter : Report 1 trace segment. cost: 00:00:00.0037418s
2020-05-15 16:35:27.728 +08:00 [contacts_api] [Information] SkyApm.Service.PingService : Ping server @2020/5/15 8:35:27 +00:00
2020-05-15 16:35:27.740 +08:00 [contacts_api] [Information] SkyApm.Service.CLRStatsService : Report CLR Stats. CPU UsagePercent 0 GenCollectCount 0 0 0 12M ThreadPool 32756 32767 1000 1000
2020-05-15 16:35:30.732 +08:00 [contacts_api] [Information] SkyApm.Transport.Grpc.V6.SegmentReporter : Report 1 trace segment. cost: 00:00:00.0042571s
2020-05-15 16:35:33.727 +08:00 [contacts_api] [Information] SkyApm.Transport.Grpc.V6.SegmentReporter : Report 1 trace segment. cost: 00:00:00.0024466s
2020-05-15 16:35:39.730 +08:00 [contacts_api] [Information] SkyApm.Transport.Grpc.V6.SegmentReporter : Report 1 trace segment. cost: 00:00:00.0028334s
2020-05-15 16:35:45.732 +08:00 [contacts_api] [Information] SkyApm.Transport.Grpc.V6.SegmentReporter : Report 1 trace segment. cost: 00:00:00.0018699s
2020-05-15 16:35:48.731 +08:00 [contacts_api] [Information] SkyApm.Transport.Grpc.V6.SegmentReporter : Report 1 trace segment. cost: 00:00:00.0019100s
2020-05-15 16:35:54.729 +08:00 [contacts_api] [Information] SkyApm.Transport.Grpc.V6.SegmentReporter : Report 1 trace segment. cost: 00:00:00.0023813s
2020-05-15 16:35:57.730 +08:00 [contacts_api] [Information] SkyApm.Service.CLRStatsService : Report CLR Stats. CPU UsagePercent 0 GenCollectCount 0 0 0 12M ThreadPool 32758 32767 1000 1000
2020-05-15 16:36:00.730 +08:00 [contacts_api] [Information] SkyApm.Transport.Grpc.V6.SegmentReporter : Report 1 trace segment. cost: 00:00:00.0024936s
2020-05-15 16:36:03.729 +08:00 [contacts_api] [Information] SkyApm.Transport.Grpc.V6.SegmentReporter : Report 1 trace segment. cost: 00:00:00.0023038s
2020-05-15 16:36:09.731 +08:00 [contacts_api] [Information] SkyApm.Transport.Grpc.V6.SegmentReporter : Report 1 trace segment. cost: 00:00:00.0019132s
2020-05-15 16:36:15.726 +08:00 [contacts_api] [Information] SkyApm.Transport.Grpc.V6.SegmentReporter : Report 1 trace segment. cost: 00:00:00.0024600s
2020-05-15 16:36:18.731 +08:00 [contacts_api] [Information] SkyApm.Transport.Grpc.V6.SegmentReporter : Report 1 trace segment. cost: 00:00:00.0025559s
2020-05-15 16:36:24.729 +08:00 [contacts_api] [Information] SkyApm.Transport.Grpc.V6.SegmentReporter : Report 1 trace segment. cost: 00:00:00.0037052s
2020-05-15 16:36:27.730 +08:00 [contacts_api] [Information] SkyApm.Service.PingService : Ping server @2020/5/15 8:36:27 +00:00
2020-05-15 16:36:27.731 +08:00 [contacts_api] [Information] SkyApm.Service.CLRStatsService : Report CLR Stats. CPU UsagePercent 0 GenCollectCount 0 0 0 13M ThreadPool 32760 32767 1000 1000
2020-05-15 16:36:30.726 +08:00 [contacts_api] [Information] SkyApm.Transport.Grpc.V6.SegmentReporter : Report 1 trace segment. cost: 00:00:00.0015811s
2020-05-15 16:36:33.727 +08:00 [contacts_api] [Information] SkyApm.Transport.Grpc.V6.SegmentReporter : Report 1 trace segment. cost: 00:00:00.0027829s
2020-05-15 16:36:39.730 +08:00 [contacts_api] [Information] SkyApm.Transport.Grpc.V6.SegmentReporter : Report 1 trace segment. cost: 00:00:00.0023122s
2020-05-15 16:36:45.734 +08:00 [contacts_api] [Information] SkyApm.Transport.Grpc.V6.SegmentReporter : Report 1 trace segment. cost: 00:00:00.0032113s
2020-05-15 16:36:48.731 +08:00 [contacts_api] [Information] SkyApm.Transport.Grpc.V6.SegmentReporter : Report 1 trace segment. cost: 00:00:00.0023195s
2020-05-15 16:36:54.727 +08:00 [contacts_api] [Information] SkyApm.Transport.Grpc.V6.SegmentReporter : Report 1 trace segment. cost: 00:00:00.0028090s
2020-05-15 16:36:57.729 +08:00 [contacts_api] [Information] SkyApm.Service.CLRStatsService : Report CLR Stats. CPU UsagePercent 0 GenCollectCount 0 0 0 14M ThreadPool 32757 32767 1000 1000
2020-05-15 16:37:00.730 +08:00 [contacts_api] [Information] SkyApm.Transport.Grpc.V6.SegmentReporter : Report 1 trace segment. cost: 00:00:00.0019679s
2020-05-15 16:37:03.733 +08:00 [contacts_api] [Information] SkyApm.Transport.Grpc.V6.SegmentReporter : Report 1 trace segment. cost: 00:00:00.0076879s
2020-05-15 16:37:09.731 +08:00 [contacts_api] [Information] SkyApm.Transport.Grpc.V6.SegmentReporter : Report 1 trace segment. cost: 00:00:00.0027347s
2020-05-15 16:37:15.730 +08:00 [contacts_api] [Information] SkyApm.Transport.Grpc.V6.SegmentReporter : Report 1 trace segment. cost: 00:00:00.0029722s
2020-05-15 16:37:18.727 +08:00 [contacts_api] [Information] SkyApm.Transport.Grpc.V6.SegmentReporter : Report 1 trace segment. cost: 00:00:00.0020296s
2020-05-15 16:37:24.730 +08:00 [contacts_api] [Information] SkyApm.Transport.Grpc.V6.SegmentReporter : Report 1 trace segment. cost: 00:00:00.0032228s
2020-05-15 16:37:27.727 +08:00 [contacts_api] [Information] SkyApm.Service.PingService : Ping server @2020/5/15 8:37:27 +00:00
2020-05-15 16:37:27.728 +08:00 [contacts_api] [Information] SkyApm.Service.CLRStatsService : Report CLR Stats. CPU UsagePercent 0 GenCollectCount 0 0 0 15M ThreadPool 32756 32767 1000 1000
2020-05-15 16:37:30.730 +08:00 [contacts_api] [Information] SkyApm.Transport.Grpc.V6.SegmentReporter : Report 1 trace segment. cost: 00:00:00.0013918s
2020-05-15 16:37:33.731 +08:00 [contacts_api] [Information] SkyApm.Transport.Grpc.V6.SegmentReporter : Report 1 trace segment. cost: 00:00:00.0022502s
2020-05-15 16:37:39.733 +08:00 [contacts_api] [Information] SkyApm.Transport.Grpc.V6.SegmentReporter : Report 1 trace segment. cost: 00:00:00.0035007s
2020-05-15 16:37:45.730 +08:00 [contacts_api] [Information] SkyApm.Transport.Grpc.V6.SegmentReporter : Report 1 trace segment. cost: 00:00:00.0016807s
2020-05-15 16:37:48.729 +08:00 [contacts_api] [Information] SkyApm.Transport.Grpc.V6.SegmentReporter : Report 1 trace segment. cost: 00:00:00.0024986s
2020-05-15 16:37:54.729 +08:00 [contacts_api] [Information] SkyApm.Transport.Grpc.V6.SegmentReporter : Report 1 trace segment. cost: 00:00:00.0030217s
2020-05-15 16:37:57.733 +08:00 [contacts_api] [Information] SkyApm.Service.CLRStatsService : Report CLR Stats. CPU UsagePercent 0 GenCollectCount 0 0 0 15M ThreadPool 32759 32767 1000 1000
2020-05-15 16:38:00.728 +08:00 [contacts_api] [Information] SkyApm.Transport.Grpc.V6.SegmentReporter : Report 1 trace segment. cost: 00:00:00.0018184s
2020-05-15 16:38:03.728 +08:00 [contacts_api] [Information] SkyApm.Transport.Grpc.V6.SegmentReporter : Report 1 trace segment. cost: 00:00:00.0018483s
2020-05-15 16:38:09.732 +08:00 [contacts_api] [Information] SkyApm.Transport.Grpc.V6.SegmentReporter : Report 1 trace segment. cost: 00:00:00.0027743s
2020-05-15 16:38:15.732 +08:00 [contacts_api] [Information] SkyApm.Transport.Grpc.V6.SegmentReporter : Report 1 trace segment. cost: 00:00:00.0031674s
2020-05-15 16:38:18.727 +08:00 [contacts_api] [Information] SkyApm.Transport.Grpc.V6.SegmentReporter : Report 1 trace segment. cost: 00:00:00.0016788s
2020-05-15 16:38:24.730 +08:00 [contacts_api] [Information] SkyApm.Transport.Grpc.V6.SegmentReporter : Report 1 trace segment. cost: 00:00:00.0034329s
2020-05-15 16:38:27.741 +08:00 [contacts_api] [Information] SkyApm.Service.CLRStatsService : Report CLR Stats. CPU UsagePercent 0 GenCollectCount 0 0 0 16M ThreadPool 32759 32767 1000 1000
2020-05-15 16:38:27.742 +08:00 [contacts_api] [Information] SkyApm.Service.PingService : Ping server @2020/5/15 8:38:27 +00:00
2020-05-15 16:38:30.730 +08:00 [contacts_api] [Information] SkyApm.Transport.Grpc.V6.SegmentReporter : Report 1 trace segment. cost: 00:00:00.0017182s
2020-05-15 16:38:33.730 +08:00 [contacts_api] [Information] SkyApm.Transport.Grpc.V6.SegmentReporter : Report 1 trace segment. cost: 00:00:00.0014937s
2020-05-15 16:38:39.730 +08:00 [contacts_api] [Information] SkyApm.Transport.Grpc.V6.SegmentReporter : Report 1 trace segment. cost: 00:00:00.0053354s
2020-05-15 16:38:45.729 +08:00 [contacts_api] [Information] SkyApm.Transport.Grpc.V6.SegmentReporter : Report 1 trace segment. cost: 00:00:00.0018785s
2020-05-15 16:38:48.727 +08:00 [contacts_api] [Information] SkyApm.Transport.Grpc.V6.SegmentReporter : Report 1 trace segment. cost: 00:00:00.0015483s
2020-05-15 16:38:54.729 +08:00 [contacts_api] [Information] SkyApm.Transport.Grpc.V6.SegmentReporter : Report 1 trace segment. cost: 00:00:00.0027096s
2020-05-15 16:38:57.727 +08:00 [contacts_api] [Information] SkyApm.Service.CLRStatsService : Report CLR Stats. CPU UsagePercent 0 GenCollectCount 0 0 0 17M ThreadPool 32761 32767 1000 1000
2020-05-15 16:39:00.730 +08:00 [contacts_api] [Information] SkyApm.Transport.Grpc.V6.SegmentReporter : Report 1 trace segment. cost: 00:00:00.0020468s
2020-05-15 16:39:03.728 +08:00 [contacts_api] [Information] SkyApm.Transport.Grpc.V6.SegmentReporter : Report 1 trace segment. cost: 00:00:00.0016401s
2020-05-15 16:44:07.717 +08:00 [contacts_api] [Information] SkyApm.InstrumentStartup : Initializing ...
2020-05-15 16:44:07.759 +08:00 [contacts_api] [Information] SkyApm.Service.RegisterService : Loaded instrument service [SkyApm.Service.RegisterService].
2020-05-15 16:44:07.759 +08:00 [contacts_api] [Information] SkyApm.Service.PingService : Loaded instrument service [SkyApm.Service.PingService].
2020-05-15 16:44:07.759 +08:00 [contacts_api] [Information] SkyApm.Service.ServiceDiscoveryV5Service : Loaded instrument service [SkyApm.Service.ServiceDiscoveryV5Service].
2020-05-15 16:44:07.760 +08:00 [contacts_api] [Information] SkyApm.Service.SegmentReportService : Loaded instrument service [SkyApm.Service.SegmentReportService].
2020-05-15 16:44:07.760 +08:00 [contacts_api] [Information] SkyApm.Service.CLRStatsService : Loaded instrument service [SkyApm.Service.CLRStatsService].
2020-05-15 16:44:07.760 +08:00 [contacts_api] [Information] SkyApm.Sampling.SimpleCountSamplingInterceptor : Loaded instrument service [SkyApm.Sampling.SimpleCountSamplingInterceptor].
2020-05-15 16:44:07.760 +08:00 [contacts_api] [Information] SkyApm.Transport.Grpc.V6.ConnectService : Loaded instrument service [SkyApm.Transport.Grpc.V6.ConnectService].
2020-05-15 16:44:07.931 +08:00 [contacts_api] [Information] SkyApm.Diagnostics.TracingDiagnosticProcessorObserver : Loaded diagnostic listener [HttpHandlerDiagnosticListener].
2020-05-15 16:44:07.932 +08:00 [contacts_api] [Information] SkyApm.Diagnostics.TracingDiagnosticProcessorObserver : Loaded diagnostic listener [Microsoft.AspNetCore].
2020-05-15 16:44:07.932 +08:00 [contacts_api] [Information] SkyApm.InstrumentStartup : Started SkyAPM .NET Core Agent.
2020-05-15 16:44:08.082 +08:00 [contacts_api] [Information] SkyApm.Transport.Grpc.ConnectionManager : Connected server[localhost:11800].
2020-05-15 16:44:08.602 +08:00 [contacts_api] [Information] SkyApm.Service.RegisterService : Registered Service[Id=4].
2020-05-15 16:44:09.149 +08:00 [contacts_api] [Information] SkyApm.Service.RegisterService : Registered ServiceInstance[Id=12].
2020-05-15 16:44:13.795 +08:00 [contacts_api] [Information] SkyApm.Transport.Grpc.V6.SegmentReporter : Report 1 trace segment. cost: 00:00:00.0289835s
2020-05-15 16:44:16.773 +08:00 [contacts_api] [Information] SkyApm.Transport.Grpc.V6.SegmentReporter : Report 1 trace segment. cost: 00:00:00.0013287s
2020-05-15 16:44:22.762 +08:00 [contacts_api] [Information] SkyApm.Transport.Grpc.V6.SegmentReporter : Report 1 trace segment. cost: 00:00:00.0013073s
2020-05-15 16:44:28.764 +08:00 [contacts_api] [Information] SkyApm.Transport.Grpc.V6.SegmentReporter : Report 1 trace segment. cost: 00:00:00.0040851s
2020-05-15 16:44:31.784 +08:00 [contacts_api] [Information] SkyApm.Transport.Grpc.V6.SegmentReporter : Report 1 trace segment. cost: 00:00:00.0122724s
2020-05-15 16:44:37.775 +08:00 [contacts_api] [Information] SkyApm.Transport.Grpc.V6.SegmentReporter : Report 1 trace segment. cost: 00:00:00.0025349s
2020-05-15 16:44:37.791 +08:00 [contacts_api] [Information] SkyApm.Service.CLRStatsService : Report CLR Stats. CPU UsagePercent 0 GenCollectCount 0 0 0 10M ThreadPool 32764 32767 1000 1000
2020-05-15 16:44:37.791 +08:00 [contacts_api] [Information] SkyApm.Service.PingService : Ping server @2020/5/15 8:44:37 +00:00
2020-05-15 16:44:43.769 +08:00 [contacts_api] [Information] SkyApm.Transport.Grpc.V6.SegmentReporter : Report 1 trace segment. cost: 00:00:00.0029495s
2020-05-15 16:44:46.761 +08:00 [contacts_api] [Information] SkyApm.Transport.Grpc.V6.SegmentReporter : Report 1 trace segment. cost: 00:00:00.0017209s
2020-05-15 16:44:52.773 +08:00 [contacts_api] [Information] SkyApm.Transport.Grpc.V6.SegmentReporter : Report 1 trace segment. cost: 00:00:00.0014060s
2020-05-15 16:44:58.774 +08:00 [contacts_api] [Information] SkyApm.Transport.Grpc.V6.SegmentReporter : Report 1 trace segment. cost: 00:00:00.0013750s
2020-05-15 16:45:01.775 +08:00 [contacts_api] [Information] SkyApm.Transport.Grpc.V6.SegmentReporter : Report 1 trace segment. cost: 00:00:00.0020475s
2020-05-15 16:45:07.762 +08:00 [contacts_api] [Information] SkyApm.Transport.Grpc.V6.SegmentReporter : Report 1 trace segment. cost: 00:00:00.0030170s
2020-05-15 16:45:07.766 +08:00 [contacts_api] [Information] SkyApm.Service.CLRStatsService : Report CLR Stats. CPU UsagePercent 0 GenCollectCount 0 0 0 11M ThreadPool 32762 32767 1000 1000
2020-05-15 16:45:13.776 +08:00 [contacts_api] [Information] SkyApm.Transport.Grpc.V6.SegmentReporter : Report 1 trace segment. cost: 00:00:00.0042552s
2020-05-15 16:45:16.773 +08:00 [contacts_api] [Information] SkyApm.Transport.Grpc.V6.SegmentReporter : Report 1 trace segment. cost: 00:00:00.0017445s
2020-05-15 16:45:22.762 +08:00 [contacts_api] [Information] SkyApm.Transport.Grpc.V6.SegmentReporter : Report 1 trace segment. cost: 00:00:00.0016192s
2020-05-15 16:45:28.776 +08:00 [contacts_api] [Information] SkyApm.Transport.Grpc.V6.SegmentReporter : Report 1 trace segment. cost: 00:00:00.0011862s
2020-05-15 16:45:31.766 +08:00 [contacts_api] [Information] SkyApm.Transport.Grpc.V6.SegmentReporter : Report 1 trace segment. cost: 00:00:00.0014878s
2020-05-15 16:45:37.769 +08:00 [contacts_api] [Information] SkyApm.Service.CLRStatsService : Report CLR Stats. CPU UsagePercent 0 GenCollectCount 0 0 0 12M ThreadPool 32761 32767 1000 1000
2020-05-15 16:45:37.770 +08:00 [contacts_api] [Information] SkyApm.Service.PingService : Ping server @2020/5/15 8:45:37 +00:00
2020-05-15 16:45:37.770 +08:00 [contacts_api] [Information] SkyApm.Transport.Grpc.V6.SegmentReporter : Report 1 trace segment. cost: 00:00:00.0111359s
2020-05-15 16:45:43.773 +08:00 [contacts_api] [Information] SkyApm.Transport.Grpc.V6.SegmentReporter : Report 1 trace segment. cost: 00:00:00.0016614s
2020-05-15 16:45:46.790 +08:00 [contacts_api] [Information] SkyApm.Transport.Grpc.V6.SegmentReporter : Report 1 trace segment. cost: 00:00:00.0181553s
2020-05-15 16:45:52.762 +08:00 [contacts_api] [Information] SkyApm.Transport.Grpc.V6.SegmentReporter : Report 1 trace segment. cost: 00:00:00.0021045s
2020-05-15 16:45:58.774 +08:00 [contacts_api] [Information] SkyApm.Transport.Grpc.V6.SegmentReporter : Report 1 trace segment. cost: 00:00:00.0018034s
2020-05-15 16:46:04.775 +08:00 [contacts_api] [Information] SkyApm.Transport.Grpc.V6.SegmentReporter : Report 1 trace segment. cost: 00:00:00.0016160s
2020-05-15 16:46:07.761 +08:00 [contacts_api] [Information] SkyApm.Service.CLRStatsService : Report CLR Stats. CPU UsagePercent 0 GenCollectCount 0 0 0 12M ThreadPool 32762 32767 1000 1000
2020-05-15 16:46:07.761 +08:00 [contacts_api] [Information] SkyApm.Transport.Grpc.V6.SegmentReporter : Report 1 trace segment. cost: 00:00:00.0023813s
2020-05-15 16:46:13.773 +08:00 [contacts_api] [Information] SkyApm.Transport.Grpc.V6.SegmentReporter : Report 1 trace segment. cost: 00:00:00.0017152s
2020-05-15 16:46:19.773 +08:00 [contacts_api] [Information] SkyApm.Transport.Grpc.V6.SegmentReporter : Report 1 trace segment. cost: 00:00:00.0014589s
2020-05-15 16:46:22.761 +08:00 [contacts_api] [Information] SkyApm.Transport.Grpc.V6.SegmentReporter : Report 1 trace segment. cost: 00:00:00.0016029s
2020-05-15 16:46:28.761 +08:00 [contacts_api] [Information] SkyApm.Transport.Grpc.V6.SegmentReporter : Report 1 trace segment. cost: 00:00:00.0013898s
2020-05-15 16:46:34.773 +08:00 [contacts_api] [Information] SkyApm.Transport.Grpc.V6.SegmentReporter : Report 1 trace segment. cost: 00:00:00.0013385s
2020-05-15 16:46:37.761 +08:00 [contacts_api] [Information] SkyApm.Service.PingService : Ping server @2020/5/15 8:46:37 +00:00
2020-05-15 16:46:37.761 +08:00 [contacts_api] [Information] SkyApm.Service.CLRStatsService : Report CLR Stats. CPU UsagePercent 0 GenCollectCount 0 0 0 13M ThreadPool 32761 32767 1000 1000
2020-05-15 16:46:37.768 +08:00 [contacts_api] [Information] SkyApm.Transport.Grpc.V6.SegmentReporter : Report 1 trace segment. cost: 00:00:00.0095065s
2020-05-15 16:46:43.774 +08:00 [contacts_api] [Information] SkyApm.Transport.Grpc.V6.SegmentReporter : Report 1 trace segment. cost: 00:00:00.0032295s
2020-05-15 16:46:49.762 +08:00 [contacts_api] [Information] SkyApm.Transport.Grpc.V6.SegmentReporter : Report 1 trace segment. cost: 00:00:00.0023488s
2020-05-15 16:46:52.776 +08:00 [contacts_api] [Information] SkyApm.Transport.Grpc.V6.SegmentReporter : Report 1 trace segment. cost: 00:00:00.0015966s
2020-05-15 16:46:58.761 +08:00 [contacts_api] [Information] SkyApm.Transport.Grpc.V6.SegmentReporter : Report 1 trace segment. cost: 00:00:00.0016303s
2020-05-15 16:47:04.775 +08:00 [contacts_api] [Information] SkyApm.Transport.Grpc.V6.SegmentReporter : Report 1 trace segment. cost: 00:00:00.0026396s
2020-05-15 16:47:07.773 +08:00 [contacts_api] [Information] SkyApm.Service.CLRStatsService : Report CLR Stats. CPU UsagePercent 0 GenCollectCount 0 0 0 14M ThreadPool 32761 32767 1000 1000
2020-05-15 16:47:07.773 +08:00 [contacts_api] [Information] SkyApm.Transport.Grpc.V6.SegmentReporter : Report 1 trace segment. cost: 00:00:00.0014496s
2020-05-15 16:47:13.763 +08:00 [contacts_api] [Information] SkyApm.Transport.Grpc.V6.SegmentReporter : Report 1 trace segment. cost: 00:00:00.0013766s
2020-05-15 16:47:19.773 +08:00 [contacts_api] [Information] SkyApm.Transport.Grpc.V6.SegmentReporter : Report 1 trace segment. cost: 00:00:00.0014392s
2020-05-15 16:47:22.773 +08:00 [contacts_api] [Information] SkyApm.Transport.Grpc.V6.SegmentReporter : Report 1 trace segment. cost: 00:00:00.0014546s
2020-05-15 16:47:28.761 +08:00 [contacts_api] [Information] SkyApm.Transport.Grpc.V6.SegmentReporter : Report 1 trace segment. cost: 00:00:00.0013599s
2020-05-15 16:47:34.774 +08:00 [contacts_api] [Information] SkyApm.Transport.Grpc.V6.SegmentReporter : Report 1 trace segment. cost: 00:00:00.0017033s
2020-05-15 16:47:37.778 +08:00 [contacts_api] [Information] SkyApm.Service.PingService : Ping server @2020/5/15 8:47:37 +00:00
2020-05-15 16:47:37.778 +08:00 [contacts_api] [Information] SkyApm.Service.CLRStatsService : Report CLR Stats. CPU UsagePercent 0 GenCollectCount 0 0 0 15M ThreadPool 32761 32767 1000 1000
2020-05-15 16:47:37.779 +08:00 [contacts_api] [Information] SkyApm.Transport.Grpc.V6.SegmentReporter : Report 1 trace segment. cost: 00:00:00.0071217s
2020-05-15 16:47:43.762 +08:00 [contacts_api] [Information] SkyApm.Transport.Grpc.V6.SegmentReporter : Report 1 trace segment. cost: 00:00:00.0020973s
2020-05-15 16:47:49.774 +08:00 [contacts_api] [Information] SkyApm.Transport.Grpc.V6.SegmentReporter : Report 1 trace segment. cost: 00:00:00.0018173s
2020-05-15 16:47:52.765 +08:00 [contacts_api] [Information] SkyApm.Transport.Grpc.V6.SegmentReporter : Report 1 trace segment. cost: 00:00:00.0042407s
2020-05-15 16:47:58.762 +08:00 [contacts_api] [Information] SkyApm.Transport.Grpc.V6.SegmentReporter : Report 1 trace segment. cost: 00:00:00.0014706s
2020-05-15 16:48:04.777 +08:00 [contacts_api] [Information] SkyApm.Transport.Grpc.V6.SegmentReporter : Report 1 trace segment. cost: 00:00:00.0014163s
2020-05-15 16:48:07.773 +08:00 [contacts_api] [Information] SkyApm.Service.CLRStatsService : Report CLR Stats. CPU UsagePercent 0 GenCollectCount 0 0 0 15M ThreadPool 32757 32767 1000 1000
2020-05-15 16:48:07.777 +08:00 [contacts_api] [Information] SkyApm.Transport.Grpc.V6.SegmentReporter : Report 1 trace segment. cost: 00:00:00.0055605s
2020-05-15 16:48:13.773 +08:00 [contacts_api] [Information] SkyApm.Transport.Grpc.V6.SegmentReporter : Report 1 trace segment. cost: 00:00:00.0013287s
2020-05-15 16:48:19.774 +08:00 [contacts_api] [Information] SkyApm.Transport.Grpc.V6.SegmentReporter : Report 1 trace segment. cost: 00:00:00.0015161s
2020-05-15 16:48:22.761 +08:00 [contacts_api] [Information] SkyApm.Transport.Grpc.V6.SegmentReporter : Report 1 trace segment. cost: 00:00:00.0012495s
2020-05-15 16:48:28.776 +08:00 [contacts_api] [Information] SkyApm.Transport.Grpc.V6.SegmentReporter : Report 1 trace segment. cost: 00:00:00.0015865s
2020-05-15 16:48:34.775 +08:00 [contacts_api] [Information] SkyApm.Transport.Grpc.V6.SegmentReporter : Report 1 trace segment. cost: 00:00:00.0013625s
2020-05-15 16:48:37.761 +08:00 [contacts_api] [Information] SkyApm.Service.CLRStatsService : Report CLR Stats. CPU UsagePercent 0 GenCollectCount 0 0 0 16M ThreadPool 32761 32767 1000 1000
2020-05-15 16:48:37.761 +08:00 [contacts_api] [Information] SkyApm.Service.PingService : Ping server @2020/5/15 8:48:37 +00:00
2020-05-15 16:48:37.762 +08:00 [contacts_api] [Information] SkyApm.Transport.Grpc.V6.SegmentReporter : Report 1 trace segment. cost: 00:00:00.0025542s
2020-05-15 16:48:43.761 +08:00 [contacts_api] [Information] SkyApm.Transport.Grpc.V6.SegmentReporter : Report 1 trace segment. cost: 00:00:00.0012884s
2020-05-15 16:48:49.772 +08:00 [contacts_api] [Information] SkyApm.Transport.Grpc.V6.SegmentReporter : Report 1 trace segment. cost: 00:00:00.0010697s
2020-05-15 16:48:52.773 +08:00 [contacts_api] [Information] SkyApm.Transport.Grpc.V6.SegmentReporter : Report 1 trace segment. cost: 00:00:00.0015658s
2020-05-15 16:48:58.763 +08:00 [contacts_api] [Information] SkyApm.Transport.Grpc.V6.SegmentReporter : Report 1 trace segment. cost: 00:00:00.0035617s
2020-05-15 16:49:04.772 +08:00 [contacts_api] [Information] SkyApm.Transport.Grpc.V6.SegmentReporter : Report 1 trace segment. cost: 00:00:00.0013293s
2020-05-15 16:49:07.776 +08:00 [contacts_api] [Information] SkyApm.Service.CLRStatsService : Report CLR Stats. CPU UsagePercent 0 GenCollectCount 0 0 0 17M ThreadPool 32759 32767 1000 1000
2020-05-15 16:49:07.779 +08:00 [contacts_api] [Information] SkyApm.Transport.Grpc.V6.SegmentReporter : Report 1 trace segment. cost: 00:00:00.0051585s
2020-05-15 16:49:13.761 +08:00 [contacts_api] [Information] SkyApm.Transport.Grpc.V6.SegmentReporter : Report 1 trace segment. cost: 00:00:00.0013653s
2020-05-15 16:49:19.772 +08:00 [contacts_api] [Information] SkyApm.Transport.Grpc.V6.SegmentReporter : Report 1 trace segment. cost: 00:00:00.0011275s
2020-05-15 16:49:22.761 +08:00 [contacts_api] [Information] SkyApm.Transport.Grpc.V6.SegmentReporter : Report 1 trace segment. cost: 00:00:00.0012147s
2020-05-15 16:49:28.773 +08:00 [contacts_api] [Information] SkyApm.Transport.Grpc.V6.SegmentReporter : Report 1 trace segment. cost: 00:00:00.0014027s
2020-05-15 16:49:34.772 +08:00 [contacts_api] [Information] SkyApm.Transport.Grpc.V6.SegmentReporter : Report 1 trace segment. cost: 00:00:00.0014261s
2020-05-15 16:49:37.776 +08:00 [contacts_api] [Information] SkyApm.Service.PingService : Ping server @2020/5/15 8:49:37 +00:00
2020-05-15 16:49:37.776 +08:00 [contacts_api] [Information] SkyApm.Service.CLRStatsService : Report CLR Stats. CPU UsagePercent 0 GenCollectCount 0 0 0 17M ThreadPool 32760 32767 1000 1000
2020-05-15 16:49:37.780 +08:00 [contacts_api] [Information] SkyApm.Transport.Grpc.V6.SegmentReporter : Report 1 trace segment. cost: 00:00:00.0072943s
2020-05-15 16:49:43.773 +08:00 [contacts_api] [Information] SkyApm.Transport.Grpc.V6.SegmentReporter : Report 1 trace segment. cost: 00:00:00.0013202s
2020-05-15 16:49:49.763 +08:00 [contacts_api] [Information] SkyApm.Transport.Grpc.V6.SegmentReporter : Report 1 trace segment. cost: 00:00:00.0022204s
2020-05-15 16:49:52.776 +08:00 [contacts_api] [Information] SkyApm.Transport.Grpc.V6.SegmentReporter : Report 1 trace segment. cost: 00:00:00.0013821s
2020-05-15 16:49:58.777 +08:00 [contacts_api] [Information] SkyApm.Transport.Grpc.V6.SegmentReporter : Report 1 trace segment. cost: 00:00:00.0016474s
2020-05-15 16:50:04.774 +08:00 [contacts_api] [Information] SkyApm.Transport.Grpc.V6.SegmentReporter : Report 1 trace segment. cost: 00:00:00.0012259s
2020-05-15 16:50:07.773 +08:00 [contacts_api] [Information] SkyApm.Transport.Grpc.V6.SegmentReporter : Report 1 trace segment. cost: 00:00:00.0014124s
2020-05-15 16:50:07.776 +08:00 [contacts_api] [Information] SkyApm.Service.CLRStatsService : Report CLR Stats. CPU UsagePercent 0.015625 GenCollectCount 0 0 0 18M ThreadPool 32757 32767 1000 1000
2020-05-15 16:50:13.774 +08:00 [contacts_api] [Information] SkyApm.Transport.Grpc.V6.SegmentReporter : Report 1 trace segment. cost: 00:00:00.0015959s
2020-05-15 16:50:19.775 +08:00 [contacts_api] [Information] SkyApm.Transport.Grpc.V6.SegmentReporter : Report 1 trace segment. cost: 00:00:00.0016924s
2020-05-15 16:50:22.776 +08:00 [contacts_api] [Information] SkyApm.Transport.Grpc.V6.SegmentReporter : Report 1 trace segment. cost: 00:00:00.0011716s
2020-05-15 16:50:28.777 +08:00 [contacts_api] [Information] SkyApm.Transport.Grpc.V6.SegmentReporter : Report 1 trace segment. cost: 00:00:00.0017858s
2020-05-15 16:50:34.761 +08:00 [contacts_api] [Information] SkyApm.Transport.Grpc.V6.SegmentReporter : Report 1 trace segment. cost: 00:00:00.0012481s
2020-05-15 16:50:37.760 +08:00 [contacts_api] [Information] SkyApm.Service.PingService : Ping server @2020/5/15 8:50:37 +00:00
2020-05-15 16:50:37.760 +08:00 [contacts_api] [Information] SkyApm.Service.CLRStatsService : Report CLR Stats. CPU UsagePercent 0 GenCollectCount 0 0 0 19M ThreadPool 32761 32767 1000 1000
2020-05-15 16:50:37.761 +08:00 [contacts_api] [Information] SkyApm.Transport.Grpc.V6.SegmentReporter : Report 1 trace segment. cost: 00:00:00.0014601s
2020-05-15 16:50:43.763 +08:00 [contacts_api] [Information] SkyApm.Transport.Grpc.V6.SegmentReporter : Report 1 trace segment. cost: 00:00:00.0027963s
2020-05-15 16:50:49.774 +08:00 [contacts_api] [Information] SkyApm.Transport.Grpc.V6.SegmentReporter : Report 1 trace segment. cost: 00:00:00.0022462s
2020-05-15 16:50:52.776 +08:00 [contacts_api] [Information] SkyApm.Transport.Grpc.V6.SegmentReporter : Report 1 trace segment. cost: 00:00:00.0015812s
2020-05-15 16:50:58.776 +08:00 [contacts_api] [Information] SkyApm.Transport.Grpc.V6.SegmentReporter : Report 1 trace segment. cost: 00:00:00.0024216s
2020-05-15 16:51:04.761 +08:00 [contacts_api] [Information] SkyApm.Transport.Grpc.V6.SegmentReporter : Report 1 trace segment. cost: 00:00:00.0013605s
2020-05-15 16:51:07.774 +08:00 [contacts_api] [Information] SkyApm.Service.CLRStatsService : Report CLR Stats. CPU UsagePercent 0 GenCollectCount 0 0 0 20M ThreadPool 32758 32767 1000 1000
2020-05-15 16:51:07.777 +08:00 [contacts_api] [Information] SkyApm.Transport.Grpc.V6.SegmentReporter : Report 1 trace segment. cost: 00:00:00.0063814s
2020-05-15 16:51:13.762 +08:00 [contacts_api] [Information] SkyApm.Transport.Grpc.V6.SegmentReporter : Report 1 trace segment. cost: 00:00:00.0019557s
2020-05-15 16:51:19.773 +08:00 [contacts_api] [Information] SkyApm.Transport.Grpc.V6.SegmentReporter : Report 1 trace segment. cost: 00:00:00.0013627s
2020-05-15 16:51:22.773 +08:00 [contacts_api] [Information] SkyApm.Transport.Grpc.V6.SegmentReporter : Report 1 trace segment. cost: 00:00:00.0011997s
2020-05-15 16:51:28.774 +08:00 [contacts_api] [Information] SkyApm.Transport.Grpc.V6.SegmentReporter : Report 1 trace segment. cost: 00:00:00.0011855s
2020-05-15 16:51:34.773 +08:00 [contacts_api] [Information] SkyApm.Transport.Grpc.V6.SegmentReporter : Report 1 trace segment. cost: 00:00:00.0013043s
2020-05-15 16:51:37.773 +08:00 [contacts_api] [Information] SkyApm.Service.CLRStatsService : Report CLR Stats. CPU UsagePercent 0 GenCollectCount 0 0 0 20M ThreadPool 32758 32767 1000 1000
2020-05-15 16:51:37.773 +08:00 [contacts_api] [Information] SkyApm.Service.PingService : Ping server @2020/5/15 8:51:37 +00:00
2020-05-15 16:51:40.775 +08:00 [contacts_api] [Information] SkyApm.Transport.Grpc.V6.SegmentReporter : Report 1 trace segment. cost: 00:00:00.0019469s
2020-05-15 16:51:43.774 +08:00 [contacts_api] [Information] SkyApm.Transport.Grpc.V6.SegmentReporter : Report 1 trace segment. cost: 00:00:00.0014939s
2020-05-15 16:51:49.761 +08:00 [contacts_api] [Information] SkyApm.Transport.Grpc.V6.SegmentReporter : Report 1 trace segment. cost: 00:00:00.0018464s
2020-05-15 16:51:55.775 +08:00 [contacts_api] [Information] SkyApm.Transport.Grpc.V6.SegmentReporter : Report 1 trace segment. cost: 00:00:00.0024037s
2020-05-15 16:51:58.776 +08:00 [contacts_api] [Information] SkyApm.Transport.Grpc.V6.SegmentReporter : Report 1 trace segment. cost: 00:00:00.0032524s
2020-05-15 16:52:04.763 +08:00 [contacts_api] [Information] SkyApm.Transport.Grpc.V6.SegmentReporter : Report 1 trace segment. cost: 00:00:00.0020689s
2020-05-15 16:52:07.774 +08:00 [contacts_api] [Information] SkyApm.Service.CLRStatsService : Report CLR Stats. CPU UsagePercent 0 GenCollectCount 0 0 0 21M ThreadPool 32763 32767 1000 1000
2020-05-15 16:52:10.767 +08:00 [contacts_api] [Information] SkyApm.Transport.Grpc.V6.SegmentReporter : Report 1 trace segment. cost: 00:00:00.0057666s
2020-05-15 16:52:13.778 +08:00 [contacts_api] [Information] SkyApm.Transport.Grpc.V6.SegmentReporter : Report 1 trace segment. cost: 00:00:00.0021423s
2020-05-15 16:52:19.776 +08:00 [contacts_api] [Information] SkyApm.Transport.Grpc.V6.SegmentReporter : Report 1 trace segment. cost: 00:00:00.0011609s
2020-05-15 16:52:25.761 +08:00 [contacts_api] [Information] SkyApm.Transport.Grpc.V6.SegmentReporter : Report 1 trace segment. cost: 00:00:00.0011505s
2020-05-15 16:52:28.761 +08:00 [contacts_api] [Information] SkyApm.Transport.Grpc.V6.SegmentReporter : Report 1 trace segment. cost: 00:00:00.0012217s
2020-05-15 16:52:34.775 +08:00 [contacts_api] [Information] SkyApm.Transport.Grpc.V6.SegmentReporter : Report 1 trace segment. cost: 00:00:00.0011860s
2020-05-15 16:52:37.775 +08:00 [contacts_api] [Information] SkyApm.Service.PingService : Ping server @2020/5/15 8:52:37 +00:00
2020-05-15 16:52:37.775 +08:00 [contacts_api] [Information] SkyApm.Service.CLRStatsService : Report CLR Stats. CPU UsagePercent 0 GenCollectCount 0 0 0 22M ThreadPool 32761 32767 1000 1000
2020-05-15 16:52:40.773 +08:00 [contacts_api] [Information] SkyApm.Transport.Grpc.V6.SegmentReporter : Report 1 trace segment. cost: 00:00:00.0012738s
2020-05-15 16:52:43.777 +08:00 [contacts_api] [Information] SkyApm.Transport.Grpc.V6.SegmentReporter : Report 1 trace segment. cost: 00:00:00.0016067s
2020-05-15 16:52:49.773 +08:00 [contacts_api] [Information] SkyApm.Transport.Grpc.V6.SegmentReporter : Report 1 trace segment. cost: 00:00:00.0012090s
2020-05-15 16:52:55.773 +08:00 [contacts_api] [Information] SkyApm.Transport.Grpc.V6.SegmentReporter : Report 1 trace segment. cost: 00:00:00.0013207s
2020-05-15 16:52:58.773 +08:00 [contacts_api] [Information] SkyApm.Transport.Grpc.V6.SegmentReporter : Report 1 trace segment. cost: 00:00:00.0012254s
2020-05-15 16:53:04.775 +08:00 [contacts_api] [Information] SkyApm.Transport.Grpc.V6.SegmentReporter : Report 1 trace segment. cost: 00:00:00.0011091s
2020-05-15 16:53:07.761 +08:00 [contacts_api] [Information] SkyApm.Service.CLRStatsService : Report CLR Stats. CPU UsagePercent 0 GenCollectCount 0 0 0 22M ThreadPool 32763 32767 1000 1000
2020-05-15 16:53:10.762 +08:00 [contacts_api] [Information] SkyApm.Transport.Grpc.V6.SegmentReporter : Report 1 trace segment. cost: 00:00:00.0020207s
2020-05-15 16:53:13.776 +08:00 [contacts_api] [Information] SkyApm.Transport.Grpc.V6.SegmentReporter : Report 1 trace segment. cost: 00:00:00.0010088s
2020-05-15 16:53:19.775 +08:00 [contacts_api] [Information] SkyApm.Transport.Grpc.V6.SegmentReporter : Report 1 trace segment. cost: 00:00:00.0015711s
2020-05-15 16:53:25.776 +08:00 [contacts_api] [Information] SkyApm.Transport.Grpc.V6.SegmentReporter : Report 1 trace segment. cost: 00:00:00.0009900s
2020-05-15 16:53:28.761 +08:00 [contacts_api] [Information] SkyApm.Transport.Grpc.V6.SegmentReporter : Report 1 trace segment. cost: 00:00:00.0016452s
2020-05-15 16:53:34.775 +08:00 [contacts_api] [Information] SkyApm.Transport.Grpc.V6.SegmentReporter : Report 1 trace segment. cost: 00:00:00.0011218s
2020-05-15 16:53:37.773 +08:00 [contacts_api] [Information] SkyApm.Service.PingService : Ping server @2020/5/15 8:53:37 +00:00
2020-05-15 16:53:37.773 +08:00 [contacts_api] [Information] SkyApm.Service.CLRStatsService : Report CLR Stats. CPU UsagePercent 0 GenCollectCount 0 0 0 23M ThreadPool 32758 32767 1000 1000
2020-05-15 16:53:40.773 +08:00 [contacts_api] [Information] SkyApm.Transport.Grpc.V6.SegmentReporter : Report 1 trace segment. cost: 00:00:00.0012125s
2020-05-15 16:53:43.762 +08:00 [contacts_api] [Information] SkyApm.Transport.Grpc.V6.SegmentReporter : Report 1 trace segment. cost: 00:00:00.0020225s
2020-05-15 16:53:49.772 +08:00 [contacts_api] [Information] SkyApm.Transport.Grpc.V6.SegmentReporter : Report 1 trace segment. cost: 00:00:00.0012860s
2020-05-15 16:53:55.773 +08:00 [contacts_api] [Information] SkyApm.Transport.Grpc.V6.SegmentReporter : Report 1 trace segment. cost: 00:00:00.0009990s
2020-05-15 16:53:58.775 +08:00 [contacts_api] [Information] SkyApm.Transport.Grpc.V6.SegmentReporter : Report 1 trace segment. cost: 00:00:00.0012666s
2020-05-15 16:54:04.773 +08:00 [contacts_api] [Information] SkyApm.Transport.Grpc.V6.SegmentReporter : Report 1 trace segment. cost: 00:00:00.0011196s
2020-05-15 16:54:07.774 +08:00 [contacts_api] [Information] SkyApm.Service.CLRStatsService : Report CLR Stats. CPU UsagePercent 0 GenCollectCount 0 0 0 24M ThreadPool 32764 32767 1000 1000
2020-05-15 16:54:10.762 +08:00 [contacts_api] [Information] SkyApm.Transport.Grpc.V6.SegmentReporter : Report 1 trace segment. cost: 00:00:00.0019660s
2020-05-15 16:54:13.774 +08:00 [contacts_api] [Information] SkyApm.Transport.Grpc.V6.SegmentReporter : Report 1 trace segment. cost: 00:00:00.0010861s
2020-05-15 16:54:19.773 +08:00 [contacts_api] [Information] SkyApm.Transport.Grpc.V6.SegmentReporter : Report 1 trace segment. cost: 00:00:00.0011710s
2020-05-15 16:54:25.773 +08:00 [contacts_api] [Information] SkyApm.Transport.Grpc.V6.SegmentReporter : Report 1 trace segment. cost: 00:00:00.0012095s
2020-05-15 16:54:28.776 +08:00 [contacts_api] [Information] SkyApm.Transport.Grpc.V6.SegmentReporter : Report 1 trace segment. cost: 00:00:00.0010902s
2020-05-15 16:54:34.776 +08:00 [contacts_api] [Information] SkyApm.Transport.Grpc.V6.SegmentReporter : Report 1 trace segment. cost: 00:00:00.0010694s
2020-05-15 16:54:37.773 +08:00 [contacts_api] [Information] SkyApm.Service.PingService : Ping server @2020/5/15 8:54:37 +00:00
2020-05-15 16:54:37.773 +08:00 [contacts_api] [Information] SkyApm.Service.CLRStatsService : Report CLR Stats. CPU UsagePercent 0 GenCollectCount 0 0 0 24M ThreadPool 32761 32767 1000 1000
2020-05-15 16:54:40.761 +08:00 [contacts_api] [Information] SkyApm.Transport.Grpc.V6.SegmentReporter : Report 1 trace segment. cost: 00:00:00.0011066s
2020-05-15 16:54:43.761 +08:00 [contacts_api] [Information] SkyApm.Transport.Grpc.V6.SegmentReporter : Report 1 trace segment. cost: 00:00:00.0012810s
2020-05-15 16:54:49.774 +08:00 [contacts_api] [Information] SkyApm.Transport.Grpc.V6.SegmentReporter : Report 1 trace segment. cost: 00:00:00.0013082s
2020-05-15 16:54:55.776 +08:00 [contacts_api] [Information] SkyApm.Transport.Grpc.V6.SegmentReporter : Report 1 trace segment. cost: 00:00:00.0011180s
2020-05-15 16:54:58.776 +08:00 [contacts_api] [Information] SkyApm.Transport.Grpc.V6.SegmentReporter : Report 1 trace segment. cost: 00:00:00.0011889s
2020-05-15 16:55:04.773 +08:00 [contacts_api] [Information] SkyApm.Transport.Grpc.V6.SegmentReporter : Report 1 trace segment. cost: 00:00:00.0015994s
2020-05-15 16:55:07.775 +08:00 [contacts_api] [Information] SkyApm.Service.CLRStatsService : Report CLR Stats. CPU UsagePercent 0 GenCollectCount 0 0 0 25M ThreadPool 32763 32767 1000 1000
2020-05-15 16:55:10.774 +08:00 [contacts_api] [Information] SkyApm.Transport.Grpc.V6.SegmentReporter : Report 1 trace segment. cost: 00:00:00.0012917s
2020-05-15 16:55:13.764 +08:00 [contacts_api] [Information] SkyApm.Transport.Grpc.V6.SegmentReporter : Report 1 trace segment. cost: 00:00:00.0040564s
2020-05-15 16:55:19.773 +08:00 [contacts_api] [Information] SkyApm.Transport.Grpc.V6.SegmentReporter : Report 1 trace segment. cost: 00:00:00.0009990s
2020-05-15 16:55:25.773 +08:00 [contacts_api] [Information] SkyApm.Transport.Grpc.V6.SegmentReporter : Report 1 trace segment. cost: 00:00:00.0010795s
2020-05-15 16:55:28.773 +08:00 [contacts_api] [Information] SkyApm.Transport.Grpc.V6.SegmentReporter : Report 1 trace segment. cost: 00:00:00.0012288s
2020-05-15 16:55:34.773 +08:00 [contacts_api] [Information] SkyApm.Transport.Grpc.V6.SegmentReporter : Report 1 trace segment. cost: 00:00:00.0013312s
2020-05-15 16:55:37.773 +08:00 [contacts_api] [Information] SkyApm.Service.CLRStatsService : Report CLR Stats. CPU UsagePercent 0 GenCollectCount 0 0 0 26M ThreadPool 32762 32767 1000 1000
2020-05-15 16:55:37.773 +08:00 [contacts_api] [Information] SkyApm.Service.PingService : Ping server @2020/5/15 8:55:37 +00:00
2020-05-15 16:55:40.781 +08:00 [contacts_api] [Information] SkyApm.Transport.Grpc.V6.SegmentReporter : Report 1 trace segment. cost: 00:00:00.0053721s
2020-05-15 16:55:43.761 +08:00 [contacts_api] [Information] SkyApm.Transport.Grpc.V6.SegmentReporter : Report 1 trace segment. cost: 00:00:00.0012246s
2020-05-15 16:55:49.776 +08:00 [contacts_api] [Information] SkyApm.Transport.Grpc.V6.SegmentReporter : Report 1 trace segment. cost: 00:00:00.0010056s
2020-05-15 16:55:55.773 +08:00 [contacts_api] [Information] SkyApm.Transport.Grpc.V6.SegmentReporter : Report 1 trace segment. cost: 00:00:00.0016334s
2020-05-15 16:55:58.773 +08:00 [contacts_api] [Information] SkyApm.Transport.Grpc.V6.SegmentReporter : Report 1 trace segment. cost: 00:00:00.0010368s
2020-05-15 16:56:04.777 +08:00 [contacts_api] [Information] SkyApm.Transport.Grpc.V6.SegmentReporter : Report 1 trace segment. cost: 00:00:00.0013424s
2020-05-15 16:56:07.773 +08:00 [contacts_api] [Information] SkyApm.Service.CLRStatsService : Report CLR Stats. CPU UsagePercent 0 GenCollectCount 0 0 0 27M ThreadPool 32761 32767 1000 1000
2020-05-15 16:56:10.761 +08:00 [contacts_api] [Information] SkyApm.Transport.Grpc.V6.SegmentReporter : Report 1 trace segment. cost: 00:00:00.0012124s
2020-05-15 16:56:13.776 +08:00 [contacts_api] [Information] SkyApm.Transport.Grpc.V6.SegmentReporter : Report 1 trace segment. cost: 00:00:00.0011184s
2020-05-15 16:56:19.761 +08:00 [contacts_api] [Information] SkyApm.Transport.Grpc.V6.SegmentReporter : Report 1 trace segment. cost: 00:00:00.0012571s
2020-05-15 16:56:25.776 +08:00 [contacts_api] [Information] SkyApm.Transport.Grpc.V6.SegmentReporter : Report 1 trace segment. cost: 00:00:00.0013064s
2020-05-15 16:56:28.775 +08:00 [contacts_api] [Information] SkyApm.Transport.Grpc.V6.SegmentReporter : Report 1 trace segment. cost: 00:00:00.0013125s
2020-05-15 16:56:34.773 +08:00 [contacts_api] [Information] SkyApm.Transport.Grpc.V6.SegmentReporter : Report 1 trace segment. cost: 00:00:00.0022003s
2020-05-15 16:56:37.773 +08:00 [contacts_api] [Information] SkyApm.Service.PingService : Ping server @2020/5/15 8:56:37 +00:00
2020-05-15 16:56:37.773 +08:00 [contacts_api] [Information] SkyApm.Service.CLRStatsService : Report CLR Stats. CPU UsagePercent 0 GenCollectCount 0 0 0 27M ThreadPool 32761 32767 1000 1000
2020-05-15 16:56:40.773 +08:00 [contacts_api] [Information] SkyApm.Transport.Grpc.V6.SegmentReporter : Report 1 trace segment. cost: 00:00:00.0014172s
2020-05-15 16:56:43.773 +08:00 [contacts_api] [Information] SkyApm.Transport.Grpc.V6.SegmentReporter : Report 1 trace segment. cost: 00:00:00.0009601s
2020-05-15 16:56:49.773 +08:00 [contacts_api] [Information] SkyApm.Transport.Grpc.V6.SegmentReporter : Report 1 trace segment. cost: 00:00:00.0010610s
2020-05-15 16:56:55.773 +08:00 [contacts_api] [Information] SkyApm.Transport.Grpc.V6.SegmentReporter : Report 1 trace segment. cost: 00:00:00.0010819s
2020-05-15 16:56:58.772 +08:00 [contacts_api] [Information] SkyApm.Transport.Grpc.V6.SegmentReporter : Report 1 trace segment. cost: 00:00:00.0014376s
2020-05-15 16:57:04.773 +08:00 [contacts_api] [Information] SkyApm.Transport.Grpc.V6.SegmentReporter : Report 1 trace segment. cost: 00:00:00.0015963s
2020-05-15 16:57:07.773 +08:00 [contacts_api] [Information] SkyApm.Service.CLRStatsService : Report CLR Stats. CPU UsagePercent 0 GenCollectCount 0 0 0 28M ThreadPool 32760 32767 1000 1000
2020-05-15 16:57:10.775 +08:00 [contacts_api] [Information] SkyApm.Transport.Grpc.V6.SegmentReporter : Report 1 trace segment. cost: 00:00:00.0010164s
2020-05-15 16:57:16.761 +08:00 [contacts_api] [Information] SkyApm.Transport.Grpc.V6.SegmentReporter : Report 1 trace segment. cost: 00:00:00.0012535s
2020-05-15 16:57:19.765 +08:00 [contacts_api] [Information] SkyApm.Transport.Grpc.V6.SegmentReporter : Report 1 trace segment. cost: 00:00:00.0019571s
2020-05-15 16:57:22.822 +08:00 [contacts_api] [Information] SkyApm.Transport.Grpc.V6.SegmentReporter : Report 2 trace segment. cost: 00:00:00.0608050s
2020-05-15 16:57:25.794 +08:00 [contacts_api] [Information] SkyApm.Transport.Grpc.V6.SegmentReporter : Report 1 trace segment. cost: 00:00:00.0212991s
2020-05-15 16:57:31.766 +08:00 [contacts_api] [Information] SkyApm.Transport.Grpc.V6.SegmentReporter : Report 1 trace segment. cost: 00:00:00.0010210s
2020-05-15 16:57:34.773 +08:00 [contacts_api] [Information] SkyApm.Transport.Grpc.V6.SegmentReporter : Report 1 trace segment. cost: 00:00:00.0012990s
2020-05-15 16:57:37.767 +08:00 [contacts_api] [Information] SkyApm.Service.CLRStatsService : Report CLR Stats. CPU UsagePercent 0 GenCollectCount 0 0 0 31M ThreadPool 32762 32767 1000 1000
2020-05-15 16:57:37.768 +08:00 [contacts_api] [Information] SkyApm.Service.PingService : Ping server @2020/5/15 8:57:37 +00:00
2020-05-15 16:57:40.773 +08:00 [contacts_api] [Information] SkyApm.Transport.Grpc.V6.SegmentReporter : Report 1 trace segment. cost: 00:00:00.0009388s
2020-05-15 16:57:46.794 +08:00 [contacts_api] [Information] SkyApm.Transport.Grpc.V6.SegmentReporter : Report 1 trace segment. cost: 00:00:00.0201752s
2020-05-15 16:57:49.799 +08:00 [contacts_api] [Information] SkyApm.Transport.Grpc.V6.SegmentReporter : Report 1 trace segment. cost: 00:00:00.0333485s
2020-05-15 16:57:55.851 +08:00 [contacts_api] [Information] SkyApm.Transport.Grpc.V6.SegmentReporter : Report 2 trace segment. cost: 00:00:00.0790849s
2020-05-15 16:58:01.784 +08:00 [contacts_api] [Information] SkyApm.Transport.Grpc.V6.SegmentReporter : Report 1 trace segment. cost: 00:00:00.0123362s
2020-05-15 16:58:04.773 +08:00 [contacts_api] [Information] SkyApm.Transport.Grpc.V6.SegmentReporter : Report 1 trace segment. cost: 00:00:00.0011588s
2020-05-15 16:58:07.766 +08:00 [contacts_api] [Information] SkyApm.Service.CLRStatsService : Report CLR Stats. CPU UsagePercent 0 GenCollectCount 0 0 0 33M ThreadPool 32763 32767 1000 1000
2020-05-15 16:58:10.773 +08:00 [contacts_api] [Information] SkyApm.Transport.Grpc.V6.SegmentReporter : Report 1 trace segment. cost: 00:00:00.0011518s
2020-05-15 16:58:16.773 +08:00 [contacts_api] [Information] SkyApm.Transport.Grpc.V6.SegmentReporter : Report 1 trace segment. cost: 00:00:00.0009755s
2020-05-15 16:58:19.776 +08:00 [contacts_api] [Information] SkyApm.Transport.Grpc.V6.SegmentReporter : Report 1 trace segment. cost: 00:00:00.0013106s
2020-05-15 16:58:25.761 +08:00 [contacts_api] [Information] SkyApm.Transport.Grpc.V6.SegmentReporter : Report 1 trace segment. cost: 00:00:00.0010206s
2020-05-15 16:58:31.777 +08:00 [contacts_api] [Information] SkyApm.Transport.Grpc.V6.SegmentReporter : Report 1 trace segment. cost: 00:00:00.0015811s
2020-05-15 16:58:34.772 +08:00 [contacts_api] [Information] SkyApm.Transport.Grpc.V6.SegmentReporter : Report 1 trace segment. cost: 00:00:00.0010554s
2020-05-15 16:58:37.774 +08:00 [contacts_api] [Information] SkyApm.Service.PingService : Ping server @2020/5/15 8:58:37 +00:00
2020-05-15 16:58:37.774 +08:00 [contacts_api] [Information] SkyApm.Service.CLRStatsService : Report CLR Stats. CPU UsagePercent 0 GenCollectCount 0 0 0 34M ThreadPool 32759 32767 1000 1000
2020-05-15 16:58:40.777 +08:00 [contacts_api] [Information] SkyApm.Transport.Grpc.V6.SegmentReporter : Report 1 trace segment. cost: 00:00:00.0017128s
2020-05-15 16:58:46.776 +08:00 [contacts_api] [Information] SkyApm.Transport.Grpc.V6.SegmentReporter : Report 1 trace segment. cost: 00:00:00.0037419s
2020-05-15 16:58:49.773 +08:00 [contacts_api] [Information] SkyApm.Transport.Grpc.V6.SegmentReporter : Report 1 trace segment. cost: 00:00:00.0009673s
2020-05-15 16:58:55.774 +08:00 [contacts_api] [Information] SkyApm.Transport.Grpc.V6.SegmentReporter : Report 1 trace segment. cost: 00:00:00.0015835s
2020-05-15 16:59:01.774 +08:00 [contacts_api] [Information] SkyApm.Transport.Grpc.V6.SegmentReporter : Report 1 trace segment. cost: 00:00:00.0017818s
2020-05-15 16:59:04.761 +08:00 [contacts_api] [Information] SkyApm.Transport.Grpc.V6.SegmentReporter : Report 1 trace segment. cost: 00:00:00.0009872s
2020-05-15 16:59:07.764 +08:00 [contacts_api] [Information] SkyApm.Service.CLRStatsService : Report CLR Stats. CPU UsagePercent 0 GenCollectCount 0 0 0 35M ThreadPool 32763 32767 1000 1000
2020-05-15 16:59:10.762 +08:00 [contacts_api] [Information] SkyApm.Transport.Grpc.V6.SegmentReporter : Report 1 trace segment. cost: 00:00:00.0009678s
2020-05-15 16:59:27.171 +08:00 [contacts_api] [Information] SkyApm.Transport.Grpc.V6.SegmentReporter : Report 1 trace segment. cost: 00:00:00.3273115s
2020-05-15 16:59:29.853 +08:00 [contacts_api] [Information] SkyApm.Transport.Grpc.V6.SegmentReporter : Report 1 trace segment. cost: 00:00:00.0009267s
2020-05-15 16:59:32.853 +08:00 [contacts_api] [Information] SkyApm.Transport.Grpc.V6.SegmentReporter : Report 1 trace segment. cost: 00:00:00.0009856s
2020-05-15 16:59:37.760 +08:00 [contacts_api] [Information] SkyApm.Service.CLRStatsService : Report CLR Stats. CPU UsagePercent 0.03125 GenCollectCount 0 0 0 36M ThreadPool 32763 32767 1000 1000
2020-05-15 16:59:37.760 +08:00 [contacts_api] [Information] SkyApm.Service.PingService : Ping server @2020/5/15 8:59:37 +00:00
2020-05-15 16:59:38.853 +08:00 [contacts_api] [Information] SkyApm.Transport.Grpc.V6.SegmentReporter : Report 1 trace segment. cost: 00:00:00.0011387s
2020-05-15 16:59:44.854 +08:00 [contacts_api] [Information] SkyApm.Transport.Grpc.V6.SegmentReporter : Report 1 trace segment. cost: 00:00:00.0012506s
2020-05-15 16:59:47.852 +08:00 [contacts_api] [Information] SkyApm.Transport.Grpc.V6.SegmentReporter : Report 1 trace segment. cost: 00:00:00.0010092s
2020-05-15 16:59:53.856 +08:00 [contacts_api] [Information] SkyApm.Transport.Grpc.V6.SegmentReporter : Report 1 trace segment. cost: 00:00:00.0011731s
2020-05-15 16:59:59.858 +08:00 [contacts_api] [Information] SkyApm.Transport.Grpc.V6.SegmentReporter : Report 1 trace segment. cost: 00:00:00.0010778s
2020-05-15 17:00:02.853 +08:00 [contacts_api] [Information] SkyApm.Transport.Grpc.V6.SegmentReporter : Report 1 trace segment. cost: 00:00:00.0012899s
2020-05-15 17:00:07.761 +08:00 [contacts_api] [Information] SkyApm.Service.CLRStatsService : Report CLR Stats. CPU UsagePercent 0 GenCollectCount 0 0 0 37M ThreadPool 32761 32767 1000 1000
2020-05-15 17:00:08.855 +08:00 [contacts_api] [Information] SkyApm.Transport.Grpc.V6.SegmentReporter : Report 1 trace segment. cost: 00:00:00.0014731s
2020-05-15 17:00:14.857 +08:00 [contacts_api] [Information] SkyApm.Transport.Grpc.V6.SegmentReporter : Report 1 trace segment. cost: 00:00:00.0010041s
2020-05-15 17:00:17.856 +08:00 [contacts_api] [Information] SkyApm.Transport.Grpc.V6.SegmentReporter : Report 1 trace segment. cost: 00:00:00.0019310s
2020-05-15 17:00:23.854 +08:00 [contacts_api] [Information] SkyApm.Transport.Grpc.V6.SegmentReporter : Report 1 trace segment. cost: 00:00:00.0011633s
2020-05-15 17:00:29.854 +08:00 [contacts_api] [Information] SkyApm.Transport.Grpc.V6.SegmentReporter : Report 1 trace segment. cost: 00:00:00.0014788s
2020-05-15 17:00:32.858 +08:00 [contacts_api] [Information] SkyApm.Transport.Grpc.V6.SegmentReporter : Report 1 trace segment. cost: 00:00:00.0011459s
2020-05-15 17:00:37.773 +08:00 [contacts_api] [Information] SkyApm.Service.PingService : Ping server @2020/5/15 9:00:37 +00:00
2020-05-15 17:00:37.773 +08:00 [contacts_api] [Information] SkyApm.Service.CLRStatsService : Report CLR Stats. CPU UsagePercent 0 GenCollectCount 0 0 0 38M ThreadPool 32761 32767 1000 1000
2020-05-15 17:00:38.853 +08:00 [contacts_api] [Information] SkyApm.Transport.Grpc.V6.SegmentReporter : Report 1 trace segment. cost: 00:00:00.0010823s
2020-05-15 17:00:44.852 +08:00 [contacts_api] [Information] SkyApm.Transport.Grpc.V6.SegmentReporter : Report 1 trace segment. cost: 00:00:00.0012860s
2020-05-15 17:00:47.855 +08:00 [contacts_api] [Information] SkyApm.Transport.Grpc.V6.SegmentReporter : Report 1 trace segment. cost: 00:00:00.0010863s
2020-05-15 17:00:53.853 +08:00 [contacts_api] [Information] SkyApm.Transport.Grpc.V6.SegmentReporter : Report 1 trace segment. cost: 00:00:00.0018280s
2020-05-15 17:00:59.855 +08:00 [contacts_api] [Information] SkyApm.Transport.Grpc.V6.SegmentReporter : Report 1 trace segment. cost: 00:00:00.0011369s
2020-05-15 17:01:02.858 +08:00 [contacts_api] [Information] SkyApm.Transport.Grpc.V6.SegmentReporter : Report 1 trace segment. cost: 00:00:00.0010803s
2020-05-15 17:01:07.760 +08:00 [contacts_api] [Information] SkyApm.Service.CLRStatsService : Report CLR Stats. CPU UsagePercent 0 GenCollectCount 0 0 0 38M ThreadPool 32763 32767 1000 1000
2020-05-15 17:01:08.852 +08:00 [contacts_api] [Information] SkyApm.Transport.Grpc.V6.SegmentReporter : Report 1 trace segment. cost: 00:00:00.0011993s
2020-05-15 17:01:14.853 +08:00 [contacts_api] [Information] SkyApm.Transport.Grpc.V6.SegmentReporter : Report 1 trace segment. cost: 00:00:00.0023247s
2020-05-15 17:01:17.851 +08:00 [contacts_api] [Information] SkyApm.Transport.Grpc.V6.SegmentReporter : Report 1 trace segment. cost: 00:00:00.0009721s
2020-05-15 17:01:23.854 +08:00 [contacts_api] [Information] SkyApm.Transport.Grpc.V6.SegmentReporter : Report 1 trace segment. cost: 00:00:00.0013327s
2020-05-15 17:01:29.856 +08:00 [contacts_api] [Information] SkyApm.Transport.Grpc.V6.SegmentReporter : Report 1 trace segment. cost: 00:00:00.0017562s
2020-05-15 17:01:32.851 +08:00 [contacts_api] [Information] SkyApm.Transport.Grpc.V6.SegmentReporter : Report 1 trace segment. cost: 00:00:00.0014665s
2020-05-15 17:01:37.761 +08:00 [contacts_api] [Information] SkyApm.Service.PingService : Ping server @2020/5/15 9:01:37 +00:00
2020-05-15 17:01:37.761 +08:00 [contacts_api] [Information] SkyApm.Service.CLRStatsService : Report CLR Stats. CPU UsagePercent 0.265625 GenCollectCount 0 0 0 40M ThreadPool 32761 32767 1000 1000
2020-05-15 17:01:38.852 +08:00 [contacts_api] [Information] SkyApm.Transport.Grpc.V6.SegmentReporter : Report 2 trace segment. cost: 00:00:00.0016945s
2020-05-15 17:01:44.846 +08:00 [contacts_api] [Information] SkyApm.Transport.Grpc.V6.SegmentReporter : Report 1 trace segment. cost: 00:00:00.0020657s
2020-05-15 17:01:47.852 +08:00 [contacts_api] [Information] SkyApm.Transport.Grpc.V6.SegmentReporter : Report 1 trace segment. cost: 00:00:00.0008193s
2020-05-15 17:01:53.851 +08:00 [contacts_api] [Information] SkyApm.Transport.Grpc.V6.SegmentReporter : Report 1 trace segment. cost: 00:00:00.0017939s
2020-05-15 17:01:59.853 +08:00 [contacts_api] [Information] SkyApm.Transport.Grpc.V6.SegmentReporter : Report 1 trace segment. cost: 00:00:00.0011740s
2020-05-15 17:02:02.854 +08:00 [contacts_api] [Information] SkyApm.Transport.Grpc.V6.SegmentReporter : Report 1 trace segment. cost: 00:00:00.0010494s
2020-05-15 17:02:07.774 +08:00 [contacts_api] [Information] SkyApm.Service.CLRStatsService : Report CLR Stats. CPU UsagePercent 0 GenCollectCount 0 0 0 40M ThreadPool 32761 32767 1000 1000
2020-05-15 17:02:08.857 +08:00 [contacts_api] [Information] SkyApm.Transport.Grpc.V6.SegmentReporter : Report 1 trace segment. cost: 00:00:00.0013389s
2020-05-15 17:02:14.854 +08:00 [contacts_api] [Information] SkyApm.Transport.Grpc.V6.SegmentReporter : Report 1 trace segment. cost: 00:00:00.0017503s
2020-05-15 17:02:17.852 +08:00 [contacts_api] [Information] SkyApm.Transport.Grpc.V6.SegmentReporter : Report 1 trace segment. cost: 00:00:00.0010225s
2020-05-15 17:02:23.855 +08:00 [contacts_api] [Information] SkyApm.Transport.Grpc.V6.SegmentReporter : Report 1 trace segment. cost: 00:00:00.0011676s
2020-05-15 17:02:29.852 +08:00 [contacts_api] [Information] SkyApm.Transport.Grpc.V6.SegmentReporter : Report 1 trace segment. cost: 00:00:00.0013164s
2020-05-15 17:02:32.856 +08:00 [contacts_api] [Information] SkyApm.Transport.Grpc.V6.SegmentReporter : Report 1 trace segment. cost: 00:00:00.0009270s
2020-05-15 17:02:37.774 +08:00 [contacts_api] [Information] SkyApm.Service.CLRStatsService : Report CLR Stats. CPU UsagePercent 0 GenCollectCount 0 0 0 41M ThreadPool 32761 32767 1000 1000
2020-05-15 17:02:37.774 +08:00 [contacts_api] [Information] SkyApm.Service.PingService : Ping server @2020/5/15 9:02:37 +00:00
2020-05-15 17:02:38.858 +08:00 [contacts_api] [Information] SkyApm.Transport.Grpc.V6.SegmentReporter : Report 1 trace segment. cost: 00:00:00.0010121s
2020-05-15 17:02:41.855 +08:00 [contacts_api] [Information] SkyApm.Transport.Grpc.V6.SegmentReporter : Report 1 trace segment. cost: 00:00:00.0027889s
2020-05-15 17:02:44.859 +08:00 [contacts_api] [Information] SkyApm.Transport.Grpc.V6.SegmentReporter : Report 1 trace segment. cost: 00:00:00.0055473s
2020-05-15 17:02:47.853 +08:00 [contacts_api] [Information] SkyApm.Transport.Grpc.V6.SegmentReporter : Report 1 trace segment. cost: 00:00:00.0009881s
2020-05-15 17:02:53.858 +08:00 [contacts_api] [Information] SkyApm.Transport.Grpc.V6.SegmentReporter : Report 1 trace segment. cost: 00:00:00.0027617s
2020-05-15 17:02:59.859 +08:00 [contacts_api] [Information] SkyApm.Transport.Grpc.V6.SegmentReporter : Report 1 trace segment. cost: 00:00:00.0009784s
2020-05-15 17:03:05.855 +08:00 [contacts_api] [Information] SkyApm.Transport.Grpc.V6.SegmentReporter : Report 1 trace segment. cost: 00:00:00.0012779s
2020-05-15 17:03:07.772 +08:00 [contacts_api] [Information] SkyApm.Service.CLRStatsService : Report CLR Stats. CPU UsagePercent 0 GenCollectCount 0 0 0 42M ThreadPool 32760 32767 1000 1000
2020-05-15 17:03:08.851 +08:00 [contacts_api] [Information] SkyApm.Transport.Grpc.V6.SegmentReporter : Report 1 trace segment. cost: 00:00:00.0009226s
2020-05-15 17:03:14.854 +08:00 [contacts_api] [Information] SkyApm.Transport.Grpc.V6.SegmentReporter : Report 1 trace segment. cost: 00:00:00.0013134s
2020-05-15 17:03:20.856 +08:00 [contacts_api] [Information] SkyApm.Transport.Grpc.V6.SegmentReporter : Report 1 trace segment. cost: 00:00:00.0019851s
2020-05-15 17:03:23.852 +08:00 [contacts_api] [Information] SkyApm.Transport.Grpc.V6.SegmentReporter : Report 1 trace segment. cost: 00:00:00.0014258s
2020-05-15 17:03:26.852 +08:00 [contacts_api] [Information] SkyApm.Transport.Grpc.V6.SegmentReporter : Report 1 trace segment. cost: 00:00:00.0025643s
2020-05-15 17:03:29.845 +08:00 [contacts_api] [Information] SkyApm.Transport.Grpc.V6.SegmentReporter : Report 1 trace segment. cost: 00:00:00.0011393s
2020-05-15 17:03:35.844 +08:00 [contacts_api] [Information] SkyApm.Transport.Grpc.V6.SegmentReporter : Report 1 trace segment. cost: 00:00:00.0010069s
2020-05-15 17:03:37.761 +08:00 [contacts_api] [Information] SkyApm.Service.PingService : Ping server @2020/5/15 9:03:37 +00:00
2020-05-15 17:03:37.761 +08:00 [contacts_api] [Information] SkyApm.Service.CLRStatsService : Report CLR Stats. CPU UsagePercent 0 GenCollectCount 0 0 0 43M ThreadPool 32760 32767 1000 1000
2020-05-15 17:03:38.851 +08:00 [contacts_api] [Information] SkyApm.Transport.Grpc.V6.SegmentReporter : Report 1 trace segment. cost: 00:00:00.0010456s
2020-05-15 17:03:44.852 +08:00 [contacts_api] [Information] SkyApm.Transport.Grpc.V6.SegmentReporter : Report 1 trace segment. cost: 00:00:00.0011258s
2020-05-15 17:03:50.855 +08:00 [contacts_api] [Information] SkyApm.Transport.Grpc.V6.SegmentReporter : Report 1 trace segment. cost: 00:00:00.0007983s
2020-05-15 17:03:53.855 +08:00 [contacts_api] [Information] SkyApm.Transport.Grpc.V6.SegmentReporter : Report 1 trace segment. cost: 00:00:00.0008231s
2020-05-15 17:03:59.851 +08:00 [contacts_api] [Information] SkyApm.Transport.Grpc.V6.SegmentReporter : Report 1 trace segment. cost: 00:00:00.0013866s
2020-05-15 17:04:05.852 +08:00 [contacts_api] [Information] SkyApm.Transport.Grpc.V6.SegmentReporter : Report 1 trace segment. cost: 00:00:00.0015235s
2020-05-15 17:04:07.772 +08:00 [contacts_api] [Information] SkyApm.Service.CLRStatsService : Report CLR Stats. CPU UsagePercent 0 GenCollectCount 0 0 0 44M ThreadPool 32761 32767 1000 1000
2020-05-15 17:04:08.852 +08:00 [contacts_api] [Information] SkyApm.Transport.Grpc.V6.SegmentReporter : Report 1 trace segment. cost: 00:00:00.0011062s
2020-05-15 17:04:14.854 +08:00 [contacts_api] [Information] SkyApm.Transport.Grpc.V6.SegmentReporter : Report 1 trace segment. cost: 00:00:00.0010572s
2020-05-15 17:04:20.855 +08:00 [contacts_api] [Information] SkyApm.Transport.Grpc.V6.SegmentReporter : Report 1 trace segment. cost: 00:00:00.0009366s
2020-05-15 17:04:23.856 +08:00 [contacts_api] [Information] SkyApm.Transport.Grpc.V6.SegmentReporter : Report 1 trace segment. cost: 00:00:00.0017745s
2020-05-15 17:04:29.851 +08:00 [contacts_api] [Information] SkyApm.Transport.Grpc.V6.SegmentReporter : Report 1 trace segment. cost: 00:00:00.0010208s
2020-05-15 17:04:35.845 +08:00 [contacts_api] [Information] SkyApm.Transport.Grpc.V6.SegmentReporter : Report 1 trace segment. cost: 00:00:00.0010137s
2020-05-15 17:04:37.774 +08:00 [contacts_api] [Information] SkyApm.Service.CLRStatsService : Report CLR Stats. CPU UsagePercent 0.03125 GenCollectCount 0 0 0 45M ThreadPool 32761 32767 1000 1000
2020-05-15 17:04:37.774 +08:00 [contacts_api] [Information] SkyApm.Service.PingService : Ping server @2020/5/15 9:04:37 +00:00
2020-05-15 17:04:38.852 +08:00 [contacts_api] [Information] SkyApm.Transport.Grpc.V6.SegmentReporter : Report 1 trace segment. cost: 00:00:00.0021438s
2020-05-15 17:04:44.856 +08:00 [contacts_api] [Information] SkyApm.Transport.Grpc.V6.SegmentReporter : Report 2 trace segment. cost: 00:00:00.0021825s
2020-05-15 17:04:50.852 +08:00 [contacts_api] [Information] SkyApm.Transport.Grpc.V6.SegmentReporter : Report 1 trace segment. cost: 00:00:00.0009375s
2020-05-15 17:04:53.854 +08:00 [contacts_api] [Information] SkyApm.Transport.Grpc.V6.SegmentReporter : Report 2 trace segment. cost: 00:00:00.0014613s
2020-05-15 17:04:59.856 +08:00 [contacts_api] [Information] SkyApm.Transport.Grpc.V6.SegmentReporter : Report 1 trace segment. cost: 00:00:00.0011511s
2020-05-15 17:05:05.854 +08:00 [contacts_api] [Information] SkyApm.Transport.Grpc.V6.SegmentReporter : Report 1 trace segment. cost: 00:00:00.0009548s
2020-05-15 17:05:07.761 +08:00 [contacts_api] [Information] SkyApm.Service.CLRStatsService : Report CLR Stats. CPU UsagePercent 0 GenCollectCount 0 0 0 47M ThreadPool 32762 32767 1000 1000
2020-05-15 17:05:08.853 +08:00 [contacts_api] [Information] SkyApm.Transport.Grpc.V6.SegmentReporter : Report 1 trace segment. cost: 00:00:00.0012046s
2020-05-15 17:05:14.858 +08:00 [contacts_api] [Information] SkyApm.Transport.Grpc.V6.SegmentReporter : Report 1 trace segment. cost: 00:00:00.0009063s
2020-05-15 17:05:20.858 +08:00 [contacts_api] [Information] SkyApm.Transport.Grpc.V6.SegmentReporter : Report 1 trace segment. cost: 00:00:00.0010205s
2020-05-15 17:05:23.854 +08:00 [contacts_api] [Information] SkyApm.Transport.Grpc.V6.SegmentReporter : Report 1 trace segment. cost: 00:00:00.0013532s
2020-05-15 17:05:29.853 +08:00 [contacts_api] [Information] SkyApm.Transport.Grpc.V6.SegmentReporter : Report 1 trace segment. cost: 00:00:00.0008565s
2020-05-15 17:05:35.850 +08:00 [contacts_api] [Information] SkyApm.Transport.Grpc.V6.SegmentReporter : Report 1 trace segment. cost: 00:00:00.0009312s
2020-05-15 17:05:37.770 +08:00 [contacts_api] [Information] SkyApm.Service.CLRStatsService : Report CLR Stats. CPU UsagePercent 0 GenCollectCount 0 0 0 48M ThreadPool 32760 32767 1000 1000
2020-05-15 17:05:37.770 +08:00 [contacts_api] [Information] SkyApm.Service.PingService : Ping server @2020/5/15 9:05:37 +00:00
2020-05-15 17:05:38.847 +08:00 [contacts_api] [Information] SkyApm.Transport.Grpc.V6.SegmentReporter : Report 1 trace segment. cost: 00:00:00.0020793s
2020-05-15 17:05:44.851 +08:00 [contacts_api] [Information] SkyApm.Transport.Grpc.V6.SegmentReporter : Report 1 trace segment. cost: 00:00:00.0010989s
2020-05-15 17:05:50.854 +08:00 [contacts_api] [Information] SkyApm.Transport.Grpc.V6.SegmentReporter : Report 1 trace segment. cost: 00:00:00.0014906s
2020-05-15 17:05:52.801 +08:00 [contacts_api] [Information] SkyApm.Transport.Grpc.ConnectionManager : Shutdown connection[localhost:11800].
