
2020-04-16 15:58:22,284 [6] ERROR logger1 - 用户不存在id：2
2020-04-16 15:58:22,285 [6] ERROR logger1 - 用户不存在id：2
2020-04-16 15:58:22,285 [6] ERROR logger1 - 用户不存在id：2
2020-04-16 15:58:22,286 [6] ERROR logger1 - 用户不存在id：2
2020-04-16 15:58:22,286 [6] ERROR logger1 - 用户不存在id：2
2020-04-16 15:58:22,288 [6] ERROR logger1 - 用户不存在id：2
2020-04-16 15:58:22,288 [6] ERROR logger1 - 用户不存在id：2
2020-04-16 15:58:27,293 [6] ERROR logger1 - 用户不存在id：2
2020-04-16 15:58:27,300 [6] ERROR logger1 - 用户不存在id：2
2020-04-16 15:58:27,309 [6] ERROR logger1 - 用户不存在id：2
2020-04-16 15:58:27,309 [6] ERROR logger1 - 用户不存在id：2
2020-04-16 15:58:27,310 [6] ERROR logger1 - 用户不存在id：2
2020-04-16 15:58:27,310 [6] ERROR logger1 - 用户不存在id：2
2020-04-16 15:58:27,311 [6] ERROR logger1 - 用户不存在id：2
2020-04-16 15:58:27,311 [6] ERROR logger1 - 用户不存在id：2
2020-04-16 15:58:27,311 [6] ERROR logger1 - 用户不存在id：2
2020-04-16 15:58:27,311 [6] ERROR logger1 - 用户不存在id：2
2020-04-16 15:58:32,313 [6] ERROR logger1 - 用户不存在id：2
2020-04-16 15:58:32,314 [6] ERROR logger1 - 用户不存在id：2
2020-04-16 15:58:32,316 [6] ERROR logger1 - 用户不存在id：2
2020-04-16 15:58:32,317 [6] ERROR logger1 - 用户不存在id：2
2020-04-16 15:58:32,318 [6] ERROR logger1 - 用户不存在id：2

[Header]
2020-04-16 17:16:55,056 [6] ERROR logger1 - Attempted to divide by zero.:     at User.Api.Controllers.UsersController..ctor(UserContext userContext) in C:\Users\admin\source\repos\User.Api\User.Api\Controllers\UsersController.cs:line 23
   at lambda_method(Closure , IServiceProvider , Object[] )
   at Microsoft.AspNetCore.Mvc.Controllers.ControllerActivatorProvider.<>c__DisplayClass4_0.<CreateActivator>b__0(ControllerContext controllerContext)
   at Microsoft.AspNetCore.Mvc.Controllers.ControllerFactoryProvider.<>c__DisplayClass5_0.<CreateControllerFactory>g__CreateController|0(ControllerContext controllerContext)
   at Microsoft.AspNetCore.Mvc.Internal.ControllerActionInvoker.Next(State& next, Scope& scope, Object& state, Boolean& isCompleted)
   at Microsoft.AspNetCore.Mvc.Internal.ControllerActionInvoker.InvokeInnerFilterAsync()
   at Microsoft.AspNetCore.Mvc.Internal.ResourceInvoker.InvokeNextExceptionFilterAsync()

[Header]
2020-04-16 17:17:39,390 [6] ERROR logger1 - Attempted to divide by zero.:     at User.Api.Controllers.UsersController..ctor(UserContext userContext) in C:\Users\admin\source\repos\User.Api\User.Api\Controllers\UsersController.cs:line 23
   at lambda_method(Closure , IServiceProvider , Object[] )
   at Microsoft.AspNetCore.Mvc.Controllers.ControllerActivatorProvider.<>c__DisplayClass4_0.<CreateActivator>b__0(ControllerContext controllerContext)
   at Microsoft.AspNetCore.Mvc.Controllers.ControllerFactoryProvider.<>c__DisplayClass5_0.<CreateControllerFactory>g__CreateController|0(ControllerContext controllerContext)
   at Microsoft.AspNetCore.Mvc.Internal.ControllerActionInvoker.Next(State& next, Scope& scope, Object& state, Boolean& isCompleted)
   at Microsoft.AspNetCore.Mvc.Internal.ControllerActionInvoker.InvokeInnerFilterAsync()
   at Microsoft.AspNetCore.Mvc.Internal.ResourceInvoker.InvokeNextExceptionFilterAsync()
2020-04-16 17:17:39,400 [6] ERROR logger1 - Attempted to divide by zero.:     at User.Api.Controllers.UsersController..ctor(UserContext userContext) in C:\Users\admin\source\repos\User.Api\User.Api\Controllers\UsersController.cs:line 23
   at lambda_method(Closure , IServiceProvider , Object[] )
   at Microsoft.AspNetCore.Mvc.Controllers.ControllerActivatorProvider.<>c__DisplayClass4_0.<CreateActivator>b__0(ControllerContext controllerContext)
   at Microsoft.AspNetCore.Mvc.Controllers.ControllerFactoryProvider.<>c__DisplayClass5_0.<CreateControllerFactory>g__CreateController|0(ControllerContext controllerContext)
   at Microsoft.AspNetCore.Mvc.Internal.ControllerActionInvoker.Next(State& next, Scope& scope, Object& state, Boolean& isCompleted)
   at Microsoft.AspNetCore.Mvc.Internal.ControllerActionInvoker.InvokeInnerFilterAsync()
   at Microsoft.AspNetCore.Mvc.Internal.ResourceInvoker.InvokeNextExceptionFilterAsync()
2020-04-16 17:17:39,401 [6] ERROR logger1 - Attempted to divide by zero.:     at User.Api.Controllers.UsersController..ctor(UserContext userContext) in C:\Users\admin\source\repos\User.Api\User.Api\Controllers\UsersController.cs:line 23
   at lambda_method(Closure , IServiceProvider , Object[] )
   at Microsoft.AspNetCore.Mvc.Controllers.ControllerActivatorProvider.<>c__DisplayClass4_0.<CreateActivator>b__0(ControllerContext controllerContext)
   at Microsoft.AspNetCore.Mvc.Controllers.ControllerFactoryProvider.<>c__DisplayClass5_0.<CreateControllerFactory>g__CreateController|0(ControllerContext controllerContext)
   at Microsoft.AspNetCore.Mvc.Internal.ControllerActionInvoker.Next(State& next, Scope& scope, Object& state, Boolean& isCompleted)
   at Microsoft.AspNetCore.Mvc.Internal.ControllerActionInvoker.InvokeInnerFilterAsync()
   at Microsoft.AspNetCore.Mvc.Internal.ResourceInvoker.InvokeNextExceptionFilterAsync()
2020-04-16 17:17:44,401 [6] ERROR logger1 - Attempted to divide by zero.:     at User.Api.Controllers.UsersController..ctor(UserContext userContext) in C:\Users\admin\source\repos\User.Api\User.Api\Controllers\UsersController.cs:line 23
   at lambda_method(Closure , IServiceProvider , Object[] )
   at Microsoft.AspNetCore.Mvc.Controllers.ControllerActivatorProvider.<>c__DisplayClass4_0.<CreateActivator>b__0(ControllerContext controllerContext)
   at Microsoft.AspNetCore.Mvc.Controllers.ControllerFactoryProvider.<>c__DisplayClass5_0.<CreateControllerFactory>g__CreateController|0(ControllerContext controllerContext)
   at Microsoft.AspNetCore.Mvc.Internal.ControllerActionInvoker.Next(State& next, Scope& scope, Object& state, Boolean& isCompleted)
   at Microsoft.AspNetCore.Mvc.Internal.ControllerActionInvoker.InvokeInnerFilterAsync()
   at Microsoft.AspNetCore.Mvc.Internal.ResourceInvoker.InvokeNextExceptionFilterAsync()
2020-04-16 17:17:44,402 [6] ERROR logger1 - Attempted to divide by zero.:     at User.Api.Controllers.UsersController..ctor(UserContext userContext) in C:\Users\admin\source\repos\User.Api\User.Api\Controllers\UsersController.cs:line 23
   at lambda_method(Closure , IServiceProvider , Object[] )
   at Microsoft.AspNetCore.Mvc.Controllers.ControllerActivatorProvider.<>c__DisplayClass4_0.<CreateActivator>b__0(ControllerContext controllerContext)
   at Microsoft.AspNetCore.Mvc.Controllers.ControllerFactoryProvider.<>c__DisplayClass5_0.<CreateControllerFactory>g__CreateController|0(ControllerContext controllerContext)
   at Microsoft.AspNetCore.Mvc.Internal.ControllerActionInvoker.Next(State& next, Scope& scope, Object& state, Boolean& isCompleted)
   at Microsoft.AspNetCore.Mvc.Internal.ControllerActionInvoker.InvokeInnerFilterAsync()
   at Microsoft.AspNetCore.Mvc.Internal.ResourceInvoker.InvokeNextExceptionFilterAsync()
2020-04-16 17:17:44,403 [6] ERROR logger1 - Attempted to divide by zero.:     at User.Api.Controllers.UsersController..ctor(UserContext userContext) in C:\Users\admin\source\repos\User.Api\User.Api\Controllers\UsersController.cs:line 23
   at lambda_method(Closure , IServiceProvider , Object[] )
   at Microsoft.AspNetCore.Mvc.Controllers.ControllerActivatorProvider.<>c__DisplayClass4_0.<CreateActivator>b__0(ControllerContext controllerContext)
   at Microsoft.AspNetCore.Mvc.Controllers.ControllerFactoryProvider.<>c__DisplayClass5_0.<CreateControllerFactory>g__CreateController|0(ControllerContext controllerContext)
   at Microsoft.AspNetCore.Mvc.Internal.ControllerActionInvoker.Next(State& next, Scope& scope, Object& state, Boolean& isCompleted)
   at Microsoft.AspNetCore.Mvc.Internal.ControllerActionInvoker.InvokeInnerFilterAsync()
   at Microsoft.AspNetCore.Mvc.Internal.ResourceInvoker.InvokeNextExceptionFilterAsync()
2020-04-16 17:17:44,404 [6] ERROR logger1 - Attempted to divide by zero.:     at User.Api.Controllers.UsersController..ctor(UserContext userContext) in C:\Users\admin\source\repos\User.Api\User.Api\Controllers\UsersController.cs:line 23
   at lambda_method(Closure , IServiceProvider , Object[] )
   at Microsoft.AspNetCore.Mvc.Controllers.ControllerActivatorProvider.<>c__DisplayClass4_0.<CreateActivator>b__0(ControllerContext controllerContext)
   at Microsoft.AspNetCore.Mvc.Controllers.ControllerFactoryProvider.<>c__DisplayClass5_0.<CreateControllerFactory>g__CreateController|0(ControllerContext controllerContext)
   at Microsoft.AspNetCore.Mvc.Internal.ControllerActionInvoker.Next(State& next, Scope& scope, Object& state, Boolean& isCompleted)
   at Microsoft.AspNetCore.Mvc.Internal.ControllerActionInvoker.InvokeInnerFilterAsync()
   at Microsoft.AspNetCore.Mvc.Internal.ResourceInvoker.InvokeNextExceptionFilterAsync()
2020-04-16 17:17:44,405 [6] ERROR logger1 - Attempted to divide by zero.:     at User.Api.Controllers.UsersController..ctor(UserContext userContext) in C:\Users\admin\source\repos\User.Api\User.Api\Controllers\UsersController.cs:line 23
   at lambda_method(Closure , IServiceProvider , Object[] )
   at Microsoft.AspNetCore.Mvc.Controllers.ControllerActivatorProvider.<>c__DisplayClass4_0.<CreateActivator>b__0(ControllerContext controllerContext)
   at Microsoft.AspNetCore.Mvc.Controllers.ControllerFactoryProvider.<>c__DisplayClass5_0.<CreateControllerFactory>g__CreateController|0(ControllerContext controllerContext)
   at Microsoft.AspNetCore.Mvc.Internal.ControllerActionInvoker.Next(State& next, Scope& scope, Object& state, Boolean& isCompleted)
   at Microsoft.AspNetCore.Mvc.Internal.ControllerActionInvoker.InvokeInnerFilterAsync()
   at Microsoft.AspNetCore.Mvc.Internal.ResourceInvoker.InvokeNextExceptionFilterAsync()
2020-04-16 17:17:49,406 [6] ERROR logger1 - Attempted to divide by zero.:     at User.Api.Controllers.UsersController..ctor(UserContext userContext) in C:\Users\admin\source\repos\User.Api\User.Api\Controllers\UsersController.cs:line 23
   at lambda_method(Closure , IServiceProvider , Object[] )
   at Microsoft.AspNetCore.Mvc.Controllers.ControllerActivatorProvider.<>c__DisplayClass4_0.<CreateActivator>b__0(ControllerContext controllerContext)
   at Microsoft.AspNetCore.Mvc.Controllers.ControllerFactoryProvider.<>c__DisplayClass5_0.<CreateControllerFactory>g__CreateController|0(ControllerContext controllerContext)
   at Microsoft.AspNetCore.Mvc.Internal.ControllerActionInvoker.Next(State& next, Scope& scope, Object& state, Boolean& isCompleted)
   at Microsoft.AspNetCore.Mvc.Internal.ControllerActionInvoker.InvokeInnerFilterAsync()
   at Microsoft.AspNetCore.Mvc.Internal.ResourceInvoker.InvokeNextExceptionFilterAsync()
2020-04-16 17:17:49,407 [6] ERROR logger1 - Attempted to divide by zero.:     at User.Api.Controllers.UsersController..ctor(UserContext userContext) in C:\Users\admin\source\repos\User.Api\User.Api\Controllers\UsersController.cs:line 23
   at lambda_method(Closure , IServiceProvider , Object[] )
   at Microsoft.AspNetCore.Mvc.Controllers.ControllerActivatorProvider.<>c__DisplayClass4_0.<CreateActivator>b__0(ControllerContext controllerContext)
   at Microsoft.AspNetCore.Mvc.Controllers.ControllerFactoryProvider.<>c__DisplayClass5_0.<CreateControllerFactory>g__CreateController|0(ControllerContext controllerContext)
   at Microsoft.AspNetCore.Mvc.Internal.ControllerActionInvoker.Next(State& next, Scope& scope, Object& state, Boolean& isCompleted)
   at Microsoft.AspNetCore.Mvc.Internal.ControllerActionInvoker.InvokeInnerFilterAsync()
   at Microsoft.AspNetCore.Mvc.Internal.ResourceInvoker.InvokeNextExceptionFilterAsync()

[Header]
2020-04-16 17:20:34,849 [6] ERROR logger1 - 用户不存在id：2

[Header]
2020-04-16 17:22:56,453 [6] ERROR logger1 - Attempted to divide by zero.:     at User.Api.Controllers.UsersController..ctor(UserContext userContext) in C:\Users\admin\source\repos\User.Api\User.Api\Controllers\UsersController.cs:line 23
   at lambda_method(Closure , IServiceProvider , Object[] )
   at Microsoft.AspNetCore.Mvc.Controllers.ControllerActivatorProvider.<>c__DisplayClass4_0.<CreateActivator>b__0(ControllerContext controllerContext)
   at Microsoft.AspNetCore.Mvc.Controllers.ControllerFactoryProvider.<>c__DisplayClass5_0.<CreateControllerFactory>g__CreateController|0(ControllerContext controllerContext)
   at Microsoft.AspNetCore.Mvc.Internal.ControllerActionInvoker.Next(State& next, Scope& scope, Object& state, Boolean& isCompleted)
   at Microsoft.AspNetCore.Mvc.Internal.ControllerActionInvoker.InvokeInnerFilterAsync()
   at Microsoft.AspNetCore.Mvc.Internal.ResourceInvoker.InvokeNextExceptionFilterAsync()
