2020-05-18 08:56:56.261 +08:00 [users_api] [Information] SkyApm.InstrumentStartup : Initializing ...
2020-05-18 08:56:56.294 +08:00 [users_api] [Information] SkyApm.Service.RegisterService : Loaded instrument service [SkyApm.Service.RegisterService].
2020-05-18 08:56:56.295 +08:00 [users_api] [Information] SkyApm.Service.PingService : Loaded instrument service [SkyApm.Service.PingService].
2020-05-18 08:56:56.295 +08:00 [users_api] [Information] SkyApm.Service.ServiceDiscoveryV5Service : Loaded instrument service [SkyApm.Service.ServiceDiscoveryV5Service].
2020-05-18 08:56:56.295 +08:00 [users_api] [Information] SkyApm.Service.SegmentReportService : Loaded instrument service [SkyApm.Service.SegmentReportService].
2020-05-18 08:56:56.310 +08:00 [users_api] [Information] SkyApm.Service.CLRStatsService : Loaded instrument service [SkyApm.Service.CLRStatsService].
2020-05-18 08:56:56.310 +08:00 [users_api] [Information] SkyApm.Sampling.SimpleCountSamplingInterceptor : Loaded instrument service [SkyApm.Sampling.SimpleCountSamplingInterceptor].
2020-05-18 08:56:56.310 +08:00 [users_api] [Information] SkyApm.Transport.Grpc.V6.ConnectService : Loaded instrument service [SkyApm.Transport.Grpc.V6.ConnectService].
2020-05-18 08:56:56.365 +08:00 [users_api] [Information] SkyApm.Diagnostics.TracingDiagnosticProcessorObserver : Loaded diagnostic listener [HttpHandlerDiagnosticListener].
2020-05-18 08:56:56.366 +08:00 [users_api] [Information] SkyApm.Diagnostics.TracingDiagnosticProcessorObserver : Loaded diagnostic listener [Microsoft.EntityFrameworkCore].
2020-05-18 08:56:56.367 +08:00 [users_api] [Information] SkyApm.Diagnostics.TracingDiagnosticProcessorObserver : Loaded diagnostic listener [Microsoft.AspNetCore].
2020-05-18 08:56:56.367 +08:00 [users_api] [Information] SkyApm.InstrumentStartup : Started SkyAPM .NET Core Agent.
2020-05-18 08:56:56.481 +08:00 [users_api] [Information] SkyApm.Transport.Grpc.ConnectionManager : Connected server[localhost:11800].
2020-05-18 08:56:56.934 +08:00 [users_api] [Information] SkyApm.Service.RegisterService : Registered Service[Id=2].
2020-05-18 08:56:57.495 +08:00 [users_api] [Information] SkyApm.Service.RegisterService : Registered ServiceInstance[Id=28].
2020-05-18 08:56:59.460 +08:00 [users_api] [Information] SkyApm.Transport.Grpc.V6.SegmentReporter : Report 1 trace segment. cost: 00:00:00.1396825s
2020-05-18 08:57:05.310 +08:00 [users_api] [Information] SkyApm.Transport.Grpc.V6.SegmentReporter : Report 1 trace segment. cost: 00:00:00.0027600s
2020-05-18 08:57:11.304 +08:00 [users_api] [Information] SkyApm.Transport.Grpc.V6.SegmentReporter : Report 1 trace segment. cost: 00:00:00.0020623s
2020-05-18 08:57:14.299 +08:00 [users_api] [Information] SkyApm.Transport.Grpc.V6.SegmentReporter : Report 1 trace segment. cost: 00:00:00.0023190s
2020-05-18 08:57:20.306 +08:00 [users_api] [Information] SkyApm.Transport.Grpc.V6.SegmentReporter : Report 1 trace segment. cost: 00:00:00.0024620s
2020-05-18 08:57:26.309 +08:00 [users_api] [Information] SkyApm.Transport.Grpc.V6.SegmentReporter : Report 1 trace segment. cost: 00:00:00.0046315s
2020-05-18 08:57:26.323 +08:00 [users_api] [Information] SkyApm.Service.PingService : Ping server @2020/5/18 0:57:26 +00:00
2020-05-18 08:57:26.335 +08:00 [users_api] [Information] SkyApm.Service.CLRStatsService : Report CLR Stats. CPU UsagePercent 0 GenCollectCount 0 0 0 16M ThreadPool 32764 32767 1000 1000
2020-05-18 08:57:29.298 +08:00 [users_api] [Information] SkyApm.Transport.Grpc.V6.SegmentReporter : Report 1 trace segment. cost: 00:00:00.0018487s
2020-05-18 08:57:35.298 +08:00 [users_api] [Information] SkyApm.Transport.Grpc.V6.SegmentReporter : Report 1 trace segment. cost: 00:00:00.0018303s
2020-05-18 08:57:41.306 +08:00 [users_api] [Information] SkyApm.Transport.Grpc.V6.SegmentReporter : Report 1 trace segment. cost: 00:00:00.0018523s
2020-05-18 08:57:44.307 +08:00 [users_api] [Information] SkyApm.Transport.Grpc.V6.SegmentReporter : Report 1 trace segment. cost: 00:00:00.0022441s
2020-05-18 08:57:50.297 +08:00 [users_api] [Information] SkyApm.Transport.Grpc.V6.SegmentReporter : Report 1 trace segment. cost: 00:00:00.0017925s
2020-05-18 08:57:56.305 +08:00 [users_api] [Information] SkyApm.Transport.Grpc.V6.SegmentReporter : Report 1 trace segment. cost: 00:00:00.0024241s
2020-05-18 08:57:56.321 +08:00 [users_api] [Information] SkyApm.Service.CLRStatsService : Report CLR Stats. CPU UsagePercent 0 GenCollectCount 0 0 0 17M ThreadPool 32765 32767 1000 1000
2020-05-18 08:57:59.302 +08:00 [users_api] [Information] SkyApm.Transport.Grpc.V6.SegmentReporter : Report 1 trace segment. cost: 00:00:00.0021750s
2020-05-18 08:58:05.309 +08:00 [users_api] [Information] SkyApm.Transport.Grpc.V6.SegmentReporter : Report 1 trace segment. cost: 00:00:00.0019614s
2020-05-18 08:58:11.331 +08:00 [users_api] [Information] SkyApm.Transport.Grpc.V6.SegmentReporter : Report 1 trace segment. cost: 00:00:00.0114224s
2020-05-18 08:58:14.306 +08:00 [users_api] [Information] SkyApm.Transport.Grpc.V6.SegmentReporter : Report 1 trace segment. cost: 00:00:00.0026434s
2020-05-18 08:58:20.305 +08:00 [users_api] [Information] SkyApm.Transport.Grpc.V6.SegmentReporter : Report 1 trace segment. cost: 00:00:00.0023058s
2020-05-18 08:58:26.297 +08:00 [users_api] [Information] SkyApm.Service.PingService : Ping server @2020/5/18 0:58:26 +00:00
2020-05-18 08:58:26.298 +08:00 [users_api] [Information] SkyApm.Transport.Grpc.V6.SegmentReporter : Report 1 trace segment. cost: 00:00:00.0022355s
2020-05-18 08:58:26.311 +08:00 [users_api] [Information] SkyApm.Service.CLRStatsService : Report CLR Stats. CPU UsagePercent 0 GenCollectCount 0 0 0 18M ThreadPool 32763 32767 1000 1000
2020-05-18 08:58:32.308 +08:00 [users_api] [Information] SkyApm.Transport.Grpc.V6.SegmentReporter : Report 1 trace segment. cost: 00:00:00.0019255s
2020-05-18 08:58:35.305 +08:00 [users_api] [Information] SkyApm.Transport.Grpc.V6.SegmentReporter : Report 1 trace segment. cost: 00:00:00.0018133s
2020-05-18 08:58:41.309 +08:00 [users_api] [Information] SkyApm.Transport.Grpc.V6.SegmentReporter : Report 1 trace segment. cost: 00:00:00.0049575s
2020-05-18 08:58:47.305 +08:00 [users_api] [Information] SkyApm.Transport.Grpc.V6.SegmentReporter : Report 1 trace segment. cost: 00:00:00.0016197s
2020-05-18 08:58:50.305 +08:00 [users_api] [Information] SkyApm.Transport.Grpc.V6.SegmentReporter : Report 1 trace segment. cost: 00:00:00.0019233s
2020-05-18 08:58:56.307 +08:00 [users_api] [Information] SkyApm.Transport.Grpc.V6.SegmentReporter : Report 1 trace segment. cost: 00:00:00.0019071s
2020-05-18 08:58:56.321 +08:00 [users_api] [Information] SkyApm.Service.CLRStatsService : Report CLR Stats. CPU UsagePercent 0 GenCollectCount 0 0 0 19M ThreadPool 32764 32767 1000 1000
2020-05-18 08:59:02.308 +08:00 [users_api] [Information] SkyApm.Transport.Grpc.V6.SegmentReporter : Report 1 trace segment. cost: 00:00:00.0015039s
2020-05-18 08:59:05.308 +08:00 [users_api] [Information] SkyApm.Transport.Grpc.V6.SegmentReporter : Report 1 trace segment. cost: 00:00:00.0016255s
2020-05-18 08:59:11.308 +08:00 [users_api] [Information] SkyApm.Transport.Grpc.V6.SegmentReporter : Report 1 trace segment. cost: 00:00:00.0015765s
2020-05-18 08:59:17.308 +08:00 [users_api] [Information] SkyApm.Transport.Grpc.V6.SegmentReporter : Report 1 trace segment. cost: 00:00:00.0025467s
2020-05-18 08:59:20.308 +08:00 [users_api] [Information] SkyApm.Transport.Grpc.V6.SegmentReporter : Report 1 trace segment. cost: 00:00:00.0015047s
2020-05-18 16:47:50.534 +08:00 [users_api] [Information] SkyApm.InstrumentStartup : Initializing ...
2020-05-18 16:47:50.591 +08:00 [users_api] [Information] SkyApm.Service.RegisterService : Loaded instrument service [SkyApm.Service.RegisterService].
2020-05-18 16:47:50.592 +08:00 [users_api] [Information] SkyApm.Service.PingService : Loaded instrument service [SkyApm.Service.PingService].
2020-05-18 16:47:50.592 +08:00 [users_api] [Information] SkyApm.Service.ServiceDiscoveryV5Service : Loaded instrument service [SkyApm.Service.ServiceDiscoveryV5Service].
2020-05-18 16:47:50.592 +08:00 [users_api] [Information] SkyApm.Service.SegmentReportService : Loaded instrument service [SkyApm.Service.SegmentReportService].
2020-05-18 16:47:50.592 +08:00 [users_api] [Information] SkyApm.Service.CLRStatsService : Loaded instrument service [SkyApm.Service.CLRStatsService].
2020-05-18 16:47:50.592 +08:00 [users_api] [Information] SkyApm.Sampling.SimpleCountSamplingInterceptor : Loaded instrument service [SkyApm.Sampling.SimpleCountSamplingInterceptor].
2020-05-18 16:47:50.593 +08:00 [users_api] [Information] SkyApm.Transport.Grpc.V6.ConnectService : Loaded instrument service [SkyApm.Transport.Grpc.V6.ConnectService].
2020-05-18 16:47:50.777 +08:00 [users_api] [Information] SkyApm.Diagnostics.TracingDiagnosticProcessorObserver : Loaded diagnostic listener [HttpHandlerDiagnosticListener].
2020-05-18 16:47:50.778 +08:00 [users_api] [Information] SkyApm.Diagnostics.TracingDiagnosticProcessorObserver : Loaded diagnostic listener [Microsoft.EntityFrameworkCore].
2020-05-18 16:47:50.778 +08:00 [users_api] [Information] SkyApm.Diagnostics.TracingDiagnosticProcessorObserver : Loaded diagnostic listener [Microsoft.AspNetCore].
2020-05-18 16:47:50.778 +08:00 [users_api] [Information] SkyApm.InstrumentStartup : Started SkyAPM .NET Core Agent.
2020-05-18 16:47:51.035 +08:00 [users_api] [Information] SkyApm.Transport.Grpc.ConnectionManager : Connected server[localhost:11800].
2020-05-18 16:47:52.298 +08:00 [users_api] [Information] SkyApm.Service.RegisterService : Registered Service[Id=2].
2020-05-18 16:47:53.914 +08:00 [users_api] [Information] SkyApm.Service.RegisterService : Registered ServiceInstance[Id=29].
2020-05-18 16:47:56.892 +08:00 [users_api] [Information] SkyApm.Transport.Grpc.V6.SegmentReporter : Report 1 trace segment. cost: 00:00:00.2842033s
2020-05-18 17:16:22.666 +08:00 [users_api] [Information] SkyApm.InstrumentStartup : Initializing ...
2020-05-18 17:16:22.703 +08:00 [users_api] [Information] SkyApm.Service.RegisterService : Loaded instrument service [SkyApm.Service.RegisterService].
2020-05-18 17:16:22.703 +08:00 [users_api] [Information] SkyApm.Service.PingService : Loaded instrument service [SkyApm.Service.PingService].
2020-05-18 17:16:22.704 +08:00 [users_api] [Information] SkyApm.Service.ServiceDiscoveryV5Service : Loaded instrument service [SkyApm.Service.ServiceDiscoveryV5Service].
2020-05-18 17:16:22.705 +08:00 [users_api] [Information] SkyApm.Service.SegmentReportService : Loaded instrument service [SkyApm.Service.SegmentReportService].
2020-05-18 17:16:22.705 +08:00 [users_api] [Information] SkyApm.Service.CLRStatsService : Loaded instrument service [SkyApm.Service.CLRStatsService].
2020-05-18 17:16:22.706 +08:00 [users_api] [Information] SkyApm.Sampling.SimpleCountSamplingInterceptor : Loaded instrument service [SkyApm.Sampling.SimpleCountSamplingInterceptor].
2020-05-18 17:16:22.706 +08:00 [users_api] [Information] SkyApm.Transport.Grpc.V6.ConnectService : Loaded instrument service [SkyApm.Transport.Grpc.V6.ConnectService].
2020-05-18 17:16:22.842 +08:00 [users_api] [Information] SkyApm.Diagnostics.TracingDiagnosticProcessorObserver : Loaded diagnostic listener [HttpHandlerDiagnosticListener].
2020-05-18 17:16:22.843 +08:00 [users_api] [Information] SkyApm.Diagnostics.TracingDiagnosticProcessorObserver : Loaded diagnostic listener [Microsoft.EntityFrameworkCore].
2020-05-18 17:16:22.844 +08:00 [users_api] [Information] SkyApm.Diagnostics.TracingDiagnosticProcessorObserver : Loaded diagnostic listener [Microsoft.AspNetCore].
2020-05-18 17:16:22.844 +08:00 [users_api] [Information] SkyApm.InstrumentStartup : Started SkyAPM .NET Core Agent.
2020-05-18 17:16:23.401 +08:00 [users_api] [Information] SkyApm.Transport.Grpc.ConnectionManager : Connected server[localhost:11800].
2020-05-18 17:16:23.944 +08:00 [users_api] [Information] SkyApm.Service.RegisterService : Registered Service[Id=2].
2020-05-18 17:16:24.690 +08:00 [users_api] [Information] SkyApm.Service.RegisterService : Registered ServiceInstance[Id=30].
2020-05-18 17:16:28.858 +08:00 [users_api] [Information] SkyApm.Transport.Grpc.V6.SegmentReporter : Report 1 trace segment. cost: 00:00:00.1460817s
2020-05-18 17:16:34.709 +08:00 [users_api] [Information] SkyApm.Transport.Grpc.V6.SegmentReporter : Report 1 trace segment. cost: 00:00:00.0021092s
2020-05-18 17:16:37.745 +08:00 [users_api] [Information] SkyApm.Transport.Grpc.V6.SegmentReporter : Report 1 trace segment. cost: 00:00:00.0385255s
2020-05-18 17:16:43.735 +08:00 [users_api] [Information] SkyApm.Transport.Grpc.V6.SegmentReporter : Report 1 trace segment. cost: 00:00:00.0289572s
2020-05-18 17:16:49.723 +08:00 [users_api] [Information] SkyApm.Transport.Grpc.V6.SegmentReporter : Report 1 trace segment. cost: 00:00:00.0171708s
2020-05-18 17:16:52.770 +08:00 [users_api] [Information] SkyApm.Service.PingService : Ping server @2020/5/18 9:16:52 +00:00
2020-05-18 17:16:52.803 +08:00 [users_api] [Information] SkyApm.Service.CLRStatsService : Report CLR Stats. CPU UsagePercent 0 GenCollectCount 0 0 0 16M ThreadPool 32763 32767 1000 1000
2020-05-18 17:16:55.708 +08:00 [users_api] [Information] SkyApm.Transport.Grpc.V6.SegmentReporter : Report 1 trace segment. cost: 00:00:00.0021145s
2020-05-18 17:16:58.708 +08:00 [users_api] [Information] SkyApm.Transport.Grpc.V6.SegmentReporter : Report 1 trace segment. cost: 00:00:00.0022401s
2020-05-18 17:17:04.708 +08:00 [users_api] [Information] SkyApm.Transport.Grpc.V6.SegmentReporter : Report 1 trace segment. cost: 00:00:00.0017926s
2020-05-18 17:17:10.707 +08:00 [users_api] [Information] SkyApm.Transport.Grpc.V6.SegmentReporter : Report 1 trace segment. cost: 00:00:00.0015029s
2020-05-18 17:17:13.708 +08:00 [users_api] [Information] SkyApm.Transport.Grpc.V6.SegmentReporter : Report 1 trace segment. cost: 00:00:00.0019034s
2020-05-18 17:17:19.708 +08:00 [users_api] [Information] SkyApm.Transport.Grpc.V6.SegmentReporter : Report 1 trace segment. cost: 00:00:00.0021463s
2020-05-18 17:17:22.722 +08:00 [users_api] [Information] SkyApm.Service.CLRStatsService : Report CLR Stats. CPU UsagePercent 0 GenCollectCount 0 0 0 17M ThreadPool 32759 32767 1000 1000
2020-05-18 17:17:25.710 +08:00 [users_api] [Information] SkyApm.Transport.Grpc.V6.SegmentReporter : Report 1 trace segment. cost: 00:00:00.0042709s
2020-05-18 17:17:28.707 +08:00 [users_api] [Information] SkyApm.Transport.Grpc.V6.SegmentReporter : Report 1 trace segment. cost: 00:00:00.0016307s
2020-05-18 17:17:34.707 +08:00 [users_api] [Information] SkyApm.Transport.Grpc.V6.SegmentReporter : Report 1 trace segment. cost: 00:00:00.0016944s
2020-05-18 17:17:40.708 +08:00 [users_api] [Information] SkyApm.Transport.Grpc.V6.SegmentReporter : Report 1 trace segment. cost: 00:00:00.0021184s
2020-05-18 17:17:43.707 +08:00 [users_api] [Information] SkyApm.Transport.Grpc.V6.SegmentReporter : Report 1 trace segment. cost: 00:00:00.0018635s
2020-05-18 17:17:49.708 +08:00 [users_api] [Information] SkyApm.Transport.Grpc.V6.SegmentReporter : Report 1 trace segment. cost: 00:00:00.0023868s
2020-05-18 17:17:52.719 +08:00 [users_api] [Information] SkyApm.Service.CLRStatsService : Report CLR Stats. CPU UsagePercent 0 GenCollectCount 0 0 0 18M ThreadPool 32759 32767 1000 1000
2020-05-18 17:17:52.719 +08:00 [users_api] [Information] SkyApm.Service.PingService : Ping server @2020/5/18 9:17:52 +00:00
2020-05-18 17:17:55.708 +08:00 [users_api] [Information] SkyApm.Transport.Grpc.V6.SegmentReporter : Report 1 trace segment. cost: 00:00:00.0019161s
2020-05-18 17:17:58.707 +08:00 [users_api] [Information] SkyApm.Transport.Grpc.V6.SegmentReporter : Report 1 trace segment. cost: 00:00:00.0016346s
2020-05-18 17:18:04.721 +08:00 [users_api] [Information] SkyApm.Transport.Grpc.V6.SegmentReporter : Report 1 trace segment. cost: 00:00:00.0148718s
2020-05-18 17:18:10.708 +08:00 [users_api] [Information] SkyApm.Transport.Grpc.V6.SegmentReporter : Report 1 trace segment. cost: 00:00:00.0026112s
2020-05-18 17:18:13.708 +08:00 [users_api] [Information] SkyApm.Transport.Grpc.V6.SegmentReporter : Report 1 trace segment. cost: 00:00:00.0019967s
2020-05-18 17:18:19.707 +08:00 [users_api] [Information] SkyApm.Transport.Grpc.V6.SegmentReporter : Report 1 trace segment. cost: 00:00:00.0014764s
2020-05-18 17:18:22.718 +08:00 [users_api] [Information] SkyApm.Service.CLRStatsService : Report CLR Stats. CPU UsagePercent 0 GenCollectCount 0 0 0 19M ThreadPool 32758 32767 1000 1000
2020-05-18 17:18:25.786 +08:00 [users_api] [Information] SkyApm.Transport.Grpc.V6.SegmentReporter : Report 2 trace segment. cost: 00:00:00.0809216s
2020-05-18 17:18:28.708 +08:00 [users_api] [Information] SkyApm.Transport.Grpc.V6.SegmentReporter : Report 1 trace segment. cost: 00:00:00.0022901s
2020-05-18 17:18:34.709 +08:00 [users_api] [Information] SkyApm.Transport.Grpc.V6.SegmentReporter : Report 1 trace segment. cost: 00:00:00.0023332s
2020-05-18 17:18:37.732 +08:00 [users_api] [Information] SkyApm.Transport.Grpc.V6.SegmentReporter : Report 1 trace segment. cost: 00:00:00.0261392s
2020-05-18 17:18:40.709 +08:00 [users_api] [Information] SkyApm.Transport.Grpc.V6.SegmentReporter : Report 1 trace segment. cost: 00:00:00.0022175s
2020-05-18 17:18:43.722 +08:00 [users_api] [Information] SkyApm.Transport.Grpc.V6.SegmentReporter : Report 1 trace segment. cost: 00:00:00.0158793s
2020-05-18 17:18:49.709 +08:00 [users_api] [Information] SkyApm.Transport.Grpc.V6.SegmentReporter : Report 1 trace segment. cost: 00:00:00.0021427s
2020-05-18 17:18:52.720 +08:00 [users_api] [Information] SkyApm.Service.PingService : Ping server @2020/5/18 9:18:52 +00:00
2020-05-18 17:18:52.729 +08:00 [users_api] [Information] SkyApm.Service.CLRStatsService : Report CLR Stats. CPU UsagePercent 0 GenCollectCount 0 0 0 20M ThreadPool 32755 32767 1000 1000
2020-05-18 17:18:55.708 +08:00 [users_api] [Information] SkyApm.Transport.Grpc.V6.SegmentReporter : Report 1 trace segment. cost: 00:00:00.0021590s
2020-05-18 17:19:29.696 +08:00 [users_api] [Information] SkyApm.InstrumentStartup : Initializing ...
2020-05-18 17:19:29.725 +08:00 [users_api] [Information] SkyApm.Service.RegisterService : Loaded instrument service [SkyApm.Service.RegisterService].
2020-05-18 17:19:29.725 +08:00 [users_api] [Information] SkyApm.Service.PingService : Loaded instrument service [SkyApm.Service.PingService].
2020-05-18 17:19:29.725 +08:00 [users_api] [Information] SkyApm.Service.ServiceDiscoveryV5Service : Loaded instrument service [SkyApm.Service.ServiceDiscoveryV5Service].
2020-05-18 17:19:29.725 +08:00 [users_api] [Information] SkyApm.Service.SegmentReportService : Loaded instrument service [SkyApm.Service.SegmentReportService].
2020-05-18 17:19:29.725 +08:00 [users_api] [Information] SkyApm.Service.CLRStatsService : Loaded instrument service [SkyApm.Service.CLRStatsService].
2020-05-18 17:19:29.726 +08:00 [users_api] [Information] SkyApm.Sampling.SimpleCountSamplingInterceptor : Loaded instrument service [SkyApm.Sampling.SimpleCountSamplingInterceptor].
2020-05-18 17:19:29.726 +08:00 [users_api] [Information] SkyApm.Transport.Grpc.V6.ConnectService : Loaded instrument service [SkyApm.Transport.Grpc.V6.ConnectService].
2020-05-18 17:19:29.785 +08:00 [users_api] [Information] SkyApm.Diagnostics.TracingDiagnosticProcessorObserver : Loaded diagnostic listener [HttpHandlerDiagnosticListener].
2020-05-18 17:19:29.787 +08:00 [users_api] [Information] SkyApm.Diagnostics.TracingDiagnosticProcessorObserver : Loaded diagnostic listener [Microsoft.EntityFrameworkCore].
2020-05-18 17:19:29.787 +08:00 [users_api] [Information] SkyApm.Diagnostics.TracingDiagnosticProcessorObserver : Loaded diagnostic listener [Microsoft.AspNetCore].
2020-05-18 17:19:29.787 +08:00 [users_api] [Information] SkyApm.InstrumentStartup : Started SkyAPM .NET Core Agent.
2020-05-18 17:19:29.883 +08:00 [users_api] [Information] SkyApm.Transport.Grpc.ConnectionManager : Connected server[localhost:11800].
2020-05-18 17:19:30.336 +08:00 [users_api] [Information] SkyApm.Service.RegisterService : Registered Service[Id=2].
2020-05-18 17:19:30.942 +08:00 [users_api] [Information] SkyApm.Service.RegisterService : Registered ServiceInstance[Id=31].
2020-05-18 17:19:47.422 +08:00 [users_api] [Information] SkyApm.Transport.Grpc.V6.SegmentReporter : Report 1 trace segment. cost: 00:00:00.0361921s
2020-05-18 17:20:20.951 +08:00 [users_api] [Information] SkyApm.InstrumentStartup : Initializing ...
2020-05-18 17:20:20.980 +08:00 [users_api] [Information] SkyApm.Service.RegisterService : Loaded instrument service [SkyApm.Service.RegisterService].
2020-05-18 17:20:20.980 +08:00 [users_api] [Information] SkyApm.Service.PingService : Loaded instrument service [SkyApm.Service.PingService].
2020-05-18 17:20:20.980 +08:00 [users_api] [Information] SkyApm.Service.ServiceDiscoveryV5Service : Loaded instrument service [SkyApm.Service.ServiceDiscoveryV5Service].
2020-05-18 17:20:20.980 +08:00 [users_api] [Information] SkyApm.Service.SegmentReportService : Loaded instrument service [SkyApm.Service.SegmentReportService].
2020-05-18 17:20:20.981 +08:00 [users_api] [Information] SkyApm.Service.CLRStatsService : Loaded instrument service [SkyApm.Service.CLRStatsService].
2020-05-18 17:20:20.981 +08:00 [users_api] [Information] SkyApm.Sampling.SimpleCountSamplingInterceptor : Loaded instrument service [SkyApm.Sampling.SimpleCountSamplingInterceptor].
2020-05-18 17:20:20.981 +08:00 [users_api] [Information] SkyApm.Transport.Grpc.V6.ConnectService : Loaded instrument service [SkyApm.Transport.Grpc.V6.ConnectService].
2020-05-18 17:20:21.038 +08:00 [users_api] [Information] SkyApm.Diagnostics.TracingDiagnosticProcessorObserver : Loaded diagnostic listener [HttpHandlerDiagnosticListener].
2020-05-18 17:20:21.038 +08:00 [users_api] [Information] SkyApm.Diagnostics.TracingDiagnosticProcessorObserver : Loaded diagnostic listener [Microsoft.EntityFrameworkCore].
2020-05-18 17:20:21.039 +08:00 [users_api] [Information] SkyApm.Diagnostics.TracingDiagnosticProcessorObserver : Loaded diagnostic listener [Microsoft.AspNetCore].
2020-05-18 17:20:21.039 +08:00 [users_api] [Information] SkyApm.InstrumentStartup : Started SkyAPM .NET Core Agent.
2020-05-18 17:20:21.154 +08:00 [users_api] [Information] SkyApm.Transport.Grpc.ConnectionManager : Connected server[localhost:11800].
2020-05-18 17:20:29.656 +08:00 [users_api] [Information] SkyApm.InstrumentStartup : Initializing ...
2020-05-18 17:20:29.697 +08:00 [users_api] [Information] SkyApm.Service.RegisterService : Loaded instrument service [SkyApm.Service.RegisterService].
2020-05-18 17:20:29.697 +08:00 [users_api] [Information] SkyApm.Service.PingService : Loaded instrument service [SkyApm.Service.PingService].
2020-05-18 17:20:29.697 +08:00 [users_api] [Information] SkyApm.Service.ServiceDiscoveryV5Service : Loaded instrument service [SkyApm.Service.ServiceDiscoveryV5Service].
2020-05-18 17:20:29.698 +08:00 [users_api] [Information] SkyApm.Service.SegmentReportService : Loaded instrument service [SkyApm.Service.SegmentReportService].
2020-05-18 17:20:29.698 +08:00 [users_api] [Information] SkyApm.Service.CLRStatsService : Loaded instrument service [SkyApm.Service.CLRStatsService].
2020-05-18 17:20:29.698 +08:00 [users_api] [Information] SkyApm.Sampling.SimpleCountSamplingInterceptor : Loaded instrument service [SkyApm.Sampling.SimpleCountSamplingInterceptor].
2020-05-18 17:20:29.698 +08:00 [users_api] [Information] SkyApm.Transport.Grpc.V6.ConnectService : Loaded instrument service [SkyApm.Transport.Grpc.V6.ConnectService].
2020-05-18 17:20:29.778 +08:00 [users_api] [Information] SkyApm.Diagnostics.TracingDiagnosticProcessorObserver : Loaded diagnostic listener [HttpHandlerDiagnosticListener].
2020-05-18 17:20:29.779 +08:00 [users_api] [Information] SkyApm.Diagnostics.TracingDiagnosticProcessorObserver : Loaded diagnostic listener [Microsoft.EntityFrameworkCore].
2020-05-18 17:20:29.779 +08:00 [users_api] [Information] SkyApm.Diagnostics.TracingDiagnosticProcessorObserver : Loaded diagnostic listener [Microsoft.AspNetCore].
2020-05-18 17:20:29.779 +08:00 [users_api] [Information] SkyApm.InstrumentStartup : Started SkyAPM .NET Core Agent.
2020-05-18 17:20:29.899 +08:00 [users_api] [Information] SkyApm.Transport.Grpc.ConnectionManager : Connected server[localhost:11800].
2020-05-18 17:20:30.326 +08:00 [users_api] [Information] SkyApm.Service.RegisterService : Registered Service[Id=2].
2020-05-18 17:20:30.864 +08:00 [users_api] [Information] SkyApm.Service.RegisterService : Registered ServiceInstance[Id=34].
2020-05-18 17:20:35.182 +08:00 [users_api] [Information] SkyApm.Transport.Grpc.V6.SegmentReporter : Report 1 trace segment. cost: 00:00:00.0333043s
2020-05-18 17:20:38.746 +08:00 [users_api] [Information] SkyApm.Transport.Grpc.V6.SegmentReporter : Report 1 trace segment. cost: 00:00:00.0396585s
2020-05-18 17:21:41.039 +08:00 [users_api] [Information] SkyApm.InstrumentStartup : Initializing ...
2020-05-18 17:21:41.067 +08:00 [users_api] [Information] SkyApm.Service.RegisterService : Loaded instrument service [SkyApm.Service.RegisterService].
2020-05-18 17:21:41.068 +08:00 [users_api] [Information] SkyApm.Service.PingService : Loaded instrument service [SkyApm.Service.PingService].
2020-05-18 17:21:41.068 +08:00 [users_api] [Information] SkyApm.Service.ServiceDiscoveryV5Service : Loaded instrument service [SkyApm.Service.ServiceDiscoveryV5Service].
2020-05-18 17:21:41.068 +08:00 [users_api] [Information] SkyApm.Service.SegmentReportService : Loaded instrument service [SkyApm.Service.SegmentReportService].
2020-05-18 17:21:41.069 +08:00 [users_api] [Information] SkyApm.Service.CLRStatsService : Loaded instrument service [SkyApm.Service.CLRStatsService].
2020-05-18 17:21:41.069 +08:00 [users_api] [Information] SkyApm.Sampling.SimpleCountSamplingInterceptor : Loaded instrument service [SkyApm.Sampling.SimpleCountSamplingInterceptor].
2020-05-18 17:21:41.069 +08:00 [users_api] [Information] SkyApm.Transport.Grpc.V6.ConnectService : Loaded instrument service [SkyApm.Transport.Grpc.V6.ConnectService].
2020-05-18 17:21:41.130 +08:00 [users_api] [Information] SkyApm.Diagnostics.TracingDiagnosticProcessorObserver : Loaded diagnostic listener [HttpHandlerDiagnosticListener].
2020-05-18 17:21:41.131 +08:00 [users_api] [Information] SkyApm.Diagnostics.TracingDiagnosticProcessorObserver : Loaded diagnostic listener [Microsoft.EntityFrameworkCore].
2020-05-18 17:21:41.132 +08:00 [users_api] [Information] SkyApm.Diagnostics.TracingDiagnosticProcessorObserver : Loaded diagnostic listener [Microsoft.AspNetCore].
2020-05-18 17:21:41.132 +08:00 [users_api] [Information] SkyApm.InstrumentStartup : Started SkyAPM .NET Core Agent.
2020-05-18 17:21:41.217 +08:00 [users_api] [Information] SkyApm.Transport.Grpc.ConnectionManager : Connected server[localhost:11800].
2020-05-18 17:21:41.670 +08:00 [users_api] [Information] SkyApm.Service.RegisterService : Registered Service[Id=2].
2020-05-18 17:21:42.218 +08:00 [users_api] [Information] SkyApm.Service.RegisterService : Registered ServiceInstance[Id=35].
2020-05-18 17:21:47.165 +08:00 [users_api] [Information] SkyApm.Transport.Grpc.V6.SegmentReporter : Report 1 trace segment. cost: 00:00:00.0761665s
2020-05-18 17:25:43.777 +08:00 [users_api] [Information] SkyApm.InstrumentStartup : Initializing ...
2020-05-18 17:25:43.805 +08:00 [users_api] [Information] SkyApm.Service.RegisterService : Loaded instrument service [SkyApm.Service.RegisterService].
2020-05-18 17:25:43.805 +08:00 [users_api] [Information] SkyApm.Service.PingService : Loaded instrument service [SkyApm.Service.PingService].
2020-05-18 17:25:43.806 +08:00 [users_api] [Information] SkyApm.Service.ServiceDiscoveryV5Service : Loaded instrument service [SkyApm.Service.ServiceDiscoveryV5Service].
2020-05-18 17:25:43.806 +08:00 [users_api] [Information] SkyApm.Service.SegmentReportService : Loaded instrument service [SkyApm.Service.SegmentReportService].
2020-05-18 17:25:43.806 +08:00 [users_api] [Information] SkyApm.Service.CLRStatsService : Loaded instrument service [SkyApm.Service.CLRStatsService].
2020-05-18 17:25:43.806 +08:00 [users_api] [Information] SkyApm.Sampling.SimpleCountSamplingInterceptor : Loaded instrument service [SkyApm.Sampling.SimpleCountSamplingInterceptor].
2020-05-18 17:25:43.807 +08:00 [users_api] [Information] SkyApm.Transport.Grpc.V6.ConnectService : Loaded instrument service [SkyApm.Transport.Grpc.V6.ConnectService].
2020-05-18 17:25:43.900 +08:00 [users_api] [Information] SkyApm.Diagnostics.TracingDiagnosticProcessorObserver : Loaded diagnostic listener [HttpHandlerDiagnosticListener].
2020-05-18 17:25:43.901 +08:00 [users_api] [Information] SkyApm.Diagnostics.TracingDiagnosticProcessorObserver : Loaded diagnostic listener [Microsoft.EntityFrameworkCore].
2020-05-18 17:25:43.901 +08:00 [users_api] [Information] SkyApm.Diagnostics.TracingDiagnosticProcessorObserver : Loaded diagnostic listener [Microsoft.AspNetCore].
2020-05-18 17:25:43.901 +08:00 [users_api] [Information] SkyApm.InstrumentStartup : Started SkyAPM .NET Core Agent.
