
[Header]
2020-04-17 11:00:48,604 [6] ERROR logger1 - Operation is not valid due to the current state of the object./r/n   at User.Api.Startup.<>c.<<Configure>b__10_2>d.MoveNext() in C:\Users\admin\source\repos\User.Api\User.Api\Startup.cs:line 130
--- End of stack trace from previous location where exception was thrown ---
   at Microsoft.AspNetCore.Diagnostics.ExceptionHandlerMiddleware.Invoke(HttpContext context)
2020-04-17 11:00:53,619 [6] ERROR logger1 - Operation is not valid due to the current state of the object./r/n   at User.Api.Startup.<>c.<<Configure>b__10_2>d.MoveNext() in C:\Users\admin\source\repos\User.Api\User.Api\Startup.cs:line 130
--- End of stack trace from previous location where exception was thrown ---
   at Microsoft.AspNetCore.Diagnostics.ExceptionHandlerMiddleware.Invoke(HttpContext context)

[Header]
2020-04-17 11:03:01,749 [6] ERROR logger1 - Operation is not valid due to the current state of the object.

   at User.Api.Startup.<>c.<<Configure>b__10_2>d.MoveNext() in C:\Users\admin\source\repos\User.Api\User.Api\Startup.cs:line 130
--- End of stack trace from previous location where exception was thrown ---
   at Microsoft.AspNetCore.Diagnostics.ExceptionHandlerMiddleware.Invoke(HttpContext context)
2020-04-17 11:03:01,759 [6] ERROR logger1 - Operation is not valid due to the current state of the object.

   at User.Api.Startup.<>c.<<Configure>b__10_2>d.MoveNext() in C:\Users\admin\source\repos\User.Api\User.Api\Startup.cs:line 130
--- End of stack trace from previous location where exception was thrown ---
   at Microsoft.AspNetCore.Diagnostics.ExceptionHandlerMiddleware.Invoke(HttpContext context)

[Header]
2020-04-17 11:06:09,920 [6] ERROR logger1 - Operation is not valid due to the current state of the object.

   at User.Api.Startup.<>c.<<Configure>b__10_2>d.MoveNext() in C:\Users\admin\source\repos\User.Api\User.Api\Startup.cs:line 131
--- End of stack trace from previous location where exception was thrown ---
   at Microsoft.AspNetCore.Diagnostics.ExceptionHandlerMiddleware.Invoke(HttpContext context)
2020-04-17 11:06:09,930 [6] ERROR logger1 - Operation is not valid due to the current state of the object.

   at User.Api.Startup.<>c.<<Configure>b__10_2>d.MoveNext() in C:\Users\admin\source\repos\User.Api\User.Api\Startup.cs:line 131
--- End of stack trace from previous location where exception was thrown ---
   at Microsoft.AspNetCore.Diagnostics.ExceptionHandlerMiddleware.Invoke(HttpContext context)

[Header]
2020-04-17 11:09:37,598 [6] ERROR logger1 - Attempted to divide by zero.

   at User.Api.Startup.<>c.<<Configure>b__10_2>d.MoveNext() in C:\Users\admin\source\repos\User.Api\User.Api\Startup.cs:line 132
--- End of stack trace from previous location where exception was thrown ---
   at Microsoft.AspNetCore.Diagnostics.ExceptionHandlerMiddleware.Invoke(HttpContext context)
2020-04-17 11:09:37,608 [6] ERROR logger1 - Attempted to divide by zero.

   at User.Api.Startup.<>c.<<Configure>b__10_2>d.MoveNext() in C:\Users\admin\source\repos\User.Api\User.Api\Startup.cs:line 132
--- End of stack trace from previous location where exception was thrown ---
   at Microsoft.AspNetCore.Diagnostics.ExceptionHandlerMiddleware.Invoke(HttpContext context)

[Header]
2020-04-17 11:19:50,353 [6] ERROR logger1 - Specified cast is not valid.

   at User.Api.Controllers.UsersController..ctor(UserContext userContext) in C:\Users\admin\source\repos\User.Api\User.Api\Controllers\UsersController.cs:line 22
   at lambda_method(Closure , IServiceProvider , Object[] )
   at Microsoft.AspNetCore.Mvc.Controllers.ControllerActivatorProvider.<>c__DisplayClass4_0.<CreateActivator>b__0(ControllerContext controllerContext)
   at Microsoft.AspNetCore.Mvc.Controllers.ControllerFactoryProvider.<>c__DisplayClass5_0.<CreateControllerFactory>g__CreateController|0(ControllerContext controllerContext)
   at Microsoft.AspNetCore.Mvc.Internal.ControllerActionInvoker.Next(State& next, Scope& scope, Object& state, Boolean& isCompleted)
   at Microsoft.AspNetCore.Mvc.Internal.ControllerActionInvoker.InvokeInnerFilterAsync()
   at Microsoft.AspNetCore.Mvc.Internal.ResourceInvoker.InvokeNextResourceFilter()
   at Microsoft.AspNetCore.Mvc.Internal.ResourceInvoker.Rethrow(ResourceExecutedContext context)
   at Microsoft.AspNetCore.Mvc.Internal.ResourceInvoker.Next(State& next, Scope& scope, Object& state, Boolean& isCompleted)
   at Microsoft.AspNetCore.Mvc.Internal.ResourceInvoker.InvokeFilterPipelineAsync()
   at Microsoft.AspNetCore.Mvc.Internal.ResourceInvoker.InvokeAsync()
   at Microsoft.AspNetCore.Routing.EndpointMiddleware.Invoke(HttpContext httpContext)
   at Microsoft.AspNetCore.Routing.EndpointRoutingMiddleware.Invoke(HttpContext httpContext)
   at Microsoft.AspNetCore.Diagnostics.ExceptionHandlerMiddleware.Invoke(HttpContext context)

[Header]
2020-04-17 11:20:28,296 [6] ERROR logger1 - Specified cast is not valid.

   at User.Api.Controllers.UsersController.Get() in C:\Users\admin\source\repos\User.Api\User.Api\Controllers\UsersController.cs:line 29
   at Microsoft.AspNetCore.Mvc.Internal.ActionMethodExecutor.TaskOfIActionResultExecutor.Execute(IActionResultTypeMapper mapper, ObjectMethodExecutor executor, Object controller, Object[] arguments)
   at System.Threading.Tasks.ValueTask`1.get_Result()
   at Microsoft.AspNetCore.Mvc.Internal.ControllerActionInvoker.InvokeActionMethodAsync()
   at Microsoft.AspNetCore.Mvc.Internal.ControllerActionInvoker.InvokeNextActionFilterAsync()
   at Microsoft.AspNetCore.Mvc.Internal.ControllerActionInvoker.Rethrow(ActionExecutedContext context)
   at Microsoft.AspNetCore.Mvc.Internal.ControllerActionInvoker.Next(State& next, Scope& scope, Object& state, Boolean& isCompleted)
   at Microsoft.AspNetCore.Mvc.Internal.ControllerActionInvoker.InvokeInnerFilterAsync()
   at Microsoft.AspNetCore.Mvc.Internal.ResourceInvoker.InvokeNextResourceFilter()
   at Microsoft.AspNetCore.Mvc.Internal.ResourceInvoker.Rethrow(ResourceExecutedContext context)
   at Microsoft.AspNetCore.Mvc.Internal.ResourceInvoker.Next(State& next, Scope& scope, Object& state, Boolean& isCompleted)
   at Microsoft.AspNetCore.Mvc.Internal.ResourceInvoker.InvokeFilterPipelineAsync()
   at Microsoft.AspNetCore.Mvc.Internal.ResourceInvoker.InvokeAsync()
   at Microsoft.AspNetCore.Routing.EndpointMiddleware.Invoke(HttpContext httpContext)
   at Microsoft.AspNetCore.Routing.EndpointRoutingMiddleware.Invoke(HttpContext httpContext)
   at Microsoft.AspNetCore.Diagnostics.ExceptionHandlerMiddleware.Invoke(HttpContext context)
